Log file open, 01/14/20 13:55:01
LogWindows: Failed to load 'aqProf.dll' (GetLastError=126)
LogWindows: File 'aqProf.dll' does not exist
LogWindows: Failed to load 'VtuneApi.dll' (GetLastError=126)
LogWindows: File 'VtuneApi.dll' does not exist
LogWindows: Failed to load 'VtuneApi32e.dll' (GetLastError=126)
LogWindows: File 'VtuneApi32e.dll' does not exist
LogInit: Display: Running engine for game: Rolling
LogPlatformFile: Not using cached read wrapper
LogInit: Display: RandInit(1811976443) SRandInit(1811976443).
LogInit: Read version file with build ID '3944462'
LogInit: Overriding engine version to CL 4033788, compatible CL 3944462
LogInit: Registered custom module enumerator with build ID '3944462'
LogTaskGraph: Started task graph with 5 named threads and 23 total threads with 3 sets of task threads.
LogStats: Stats thread started at 0.329028
LogD3D11RHI: Aftermath initialized
LogICUInternationalization: Display: ICU TimeZone Detection - Raw Offset: +9:00, Platform Override: ''
LogModuleManager: Display: Found up-to-date module file ../../../Engine/Plugins/2D/Paper2D/Binaries/Win64/UE4Editor-Paper2D.dll (API version 3944462).
LogModuleManager: Display: Found up-to-date module file ../../../Engine/Plugins/2D/Paper2D/Binaries/Win64/UE4Editor-Paper2DEditor.dll (API version 3944462).
LogModuleManager: Display: Found up-to-date module file ../../../Engine/Plugins/2D/Paper2D/Binaries/Win64/UE4Editor-PaperSpriteSheetImporter.dll (API version 3944462).
LogModuleManager: Display: Found up-to-date module file ../../../Engine/Plugins/2D/Paper2D/Binaries/Win64/UE4Editor-PaperTiledImporter.dll (API version 3944462).
LogModuleManager: Display: Found up-to-date module file ../../../Engine/Plugins/2D/Paper2D/Binaries/Win64/UE4Editor-SmartSnapping.dll (API version 3944462).
LogModuleManager: Display: Found up-to-date module file ../../../Engine/Plugins/Blendables/LightPropagationVolume/Binaries/Win64/UE4Editor-LightPropagationVolumeRuntime.dll (API version 3944462).
LogModuleManager: Display: Found up-to-date module file ../../../Engine/Plugins/Blendables/LightPropagationVolume/Binaries/Win64/UE4Editor-LightPropagationVolumeEditor.dll (API version 3944462).
LogModuleManager: Display: Found up-to-date module file ../../../Engine/Plugins/Developer/CLionSourceCodeAccess/Binaries/Win64/UE4Editor-CLionSourceCodeAccess.dll (API version 3944462).
LogModuleManager: Display: Found up-to-date module file ../../../Engine/Plugins/Developer/GitSourceControl/Binaries/Win64/UE4Editor-GitSourceControl.dll (API version 3944462).
LogModuleManager: Display: Found up-to-date module file ../../../Engine/Plugins/Developer/PerforceSourceControl/Binaries/Win64/UE4Editor-PerforceSourceControl.dll (API version 3944462).
LogModuleManager: Display: Found up-to-date module file ../../../Engine/Plugins/Developer/SubversionSourceControl/Binaries/Win64/UE4Editor-SubversionSourceControl.dll (API version 3944462).
LogModuleManager: Display: Found up-to-date module file ../../../Engine/Plugins/Developer/UObjectPlugin/Binaries/Win64/UE4Editor-UObjectPlugin.dll (API version 3944462).
LogModuleManager: Display: Found up-to-date module file ../../../Engine/Plugins/Developer/VisualStudioCodeSourceCodeAccess/Binaries/Win64/UE4Editor-VisualStudioCodeSourceCodeAccess.dll (API version 3944462).
LogModuleManager: Display: Found up-to-date module file ../../../Engine/Plugins/Developer/VisualStudioSourceCodeAccess/Binaries/Win64/UE4Editor-VisualStudioSourceCodeAccess.dll (API version 3944462).
LogModuleManager: Display: Found up-to-date module file ../../../Engine/Plugins/Editor/AssetManagerEditor/Binaries/Win64/UE4Editor-AssetManagerEditor.dll (API version 3944462).
LogModuleManager: Display: Found up-to-date module file ../../../Engine/Plugins/Editor/CryptoKeys/Binaries/Win64/UE4Editor-CryptoKeys.dll (API version 3944462).
LogModuleManager: Display: Found up-to-date module file ../../../Engine/Plugins/Editor/CryptoKeys/Binaries/Win64/UE4Editor-CryptoKeysOpenSSL.dll (API version 3944462).
LogModuleManager: Display: Found up-to-date module file ../../../Engine/Plugins/Editor/DataValidation/Binaries/Win64/UE4Editor-DataValidation.dll (API version 3944462).
LogModuleManager: Display: Found up-to-date module file ../../../Engine/Plugins/Editor/FacialAnimation/Binaries/Win64/UE4Editor-FacialAnimation.dll (API version 3944462).
LogModuleManager: Display: Found up-to-date module file ../../../Engine/Plugins/Editor/FacialAnimation/Binaries/Win64/UE4Editor-FacialAnimationEditor.dll (API version 3944462).
LogModuleManager: Display: Found up-to-date module file ../../../Engine/Plugins/Editor/GameplayTagsEditor/Binaries/Win64/UE4Editor-GameplayTagsEditor.dll (API version 3944462).
LogModuleManager: Display: Found up-to-date module file ../../../Engine/Plugins/Editor/MobileLauncherProfileWizard/Binaries/Win64/UE4Editor-MobileLauncherProfileWizard.dll (API version 3944462).
LogModuleManager: Display: Found up-to-date module file ../../../Engine/Plugins/Editor/PluginBrowser/Binaries/Win64/UE4Editor-PluginBrowser.dll (API version 3944462).
LogModuleManager: Display: Found up-to-date module file ../../../Engine/Plugins/Editor/SpeedTreeImporter/Binaries/Win64/UE4Editor-SpeedTreeImporter.dll (API version 3944462).
LogModuleManager: Display: Found up-to-date module file ../../../Engine/Plugins/Enterprise/DatasmithContent/Binaries/Win64/UE4Editor-DatasmithContent.dll (API version 3944462).
LogModuleManager: Display: Found up-to-date module file ../../../Engine/Plugins/Experimental/AlembicImporter/Binaries/Win64/UE4Editor-AlembicImporter.dll (API version 3944462).
LogModuleManager: Display: Found up-to-date module file ../../../Engine/Plugins/Experimental/AlembicImporter/Binaries/Win64/UE4Editor-AlembicLibrary.dll (API version 3944462).
LogModuleManager: Display: Found up-to-date module file ../../../Engine/Plugins/Experimental/CharacterAI/Binaries/Win64/UE4Editor-CharacterAI.dll (API version 3944462).
LogModuleManager: Display: Found up-to-date module file ../../../Engine/Plugins/Experimental/HTML5Networking/Binaries/Win64/UE4Editor-HTML5Networking.dll (API version 3944462).
LogModuleManager: Display: Found up-to-date module file ../../../Engine/Plugins/Media/AndroidMedia/Binaries/Win64/UE4Editor-AndroidMediaEditor.dll (API version 3944462).
LogModuleManager: Display: Found up-to-date module file ../../../Engine/Plugins/Media/AndroidMedia/Binaries/Win64/UE4Editor-AndroidMediaFactory.dll (API version 3944462).
LogModuleManager: Display: Found up-to-date module file ../../../Engine/Plugins/Media/AvfMedia/Binaries/Win64/UE4Editor-AvfMediaEditor.dll (API version 3944462).
LogModuleManager: Display: Found up-to-date module file ../../../Engine/Plugins/Media/AvfMedia/Binaries/Win64/UE4Editor-AvfMediaFactory.dll (API version 3944462).
LogModuleManager: Display: Found up-to-date module file ../../../Engine/Plugins/Media/AvfMedia/Binaries/Win64/UE4Editor-AvfMediaFactory.dll (API version 3944462).
LogModuleManager: Display: Found up-to-date module file ../../../Engine/Plugins/Media/ImgMedia/Binaries/Win64/UE4Editor-ImgMedia.dll (API version 3944462).
LogModuleManager: Display: Found up-to-date module file ../../../Engine/Plugins/Media/ImgMedia/Binaries/Win64/UE4Editor-ImgMediaEditor.dll (API version 3944462).
LogModuleManager: Display: Found up-to-date module file ../../../Engine/Plugins/Media/ImgMedia/Binaries/Win64/UE4Editor-ImgMediaFactory.dll (API version 3944462).
LogModuleManager: Display: Found up-to-date module file ../../../Engine/Plugins/Media/ImgMedia/Binaries/Win64/UE4Editor-ImgMediaFactory.dll (API version 3944462).
LogModuleManager: Display: Found up-to-date module file ../../../Engine/Plugins/Media/ImgMedia/Binaries/Win64/UE4Editor-OpenExrWrapper.dll (API version 3944462).
LogModuleManager: Display: Found up-to-date module file ../../../Engine/Plugins/Media/LinearTimecode/Binaries/Win64/UE4Editor-LinearTimecode.dll (API version 3944462).
LogModuleManager: Display: Found up-to-date module file ../../../Engine/Plugins/Media/MediaCompositing/Binaries/Win64/UE4Editor-MediaCompositing.dll (API version 3944462).
LogModuleManager: Display: Found up-to-date module file ../../../Engine/Plugins/Media/MediaCompositing/Binaries/Win64/UE4Editor-MediaCompositingEditor.dll (API version 3944462).
LogModuleManager: Display: Found up-to-date module file ../../../Engine/Plugins/Media/MediaPlayerEditor/Binaries/Win64/UE4Editor-MediaPlayerEditor.dll (API version 3944462).
LogModuleManager: Display: Found up-to-date module file ../../../Engine/Plugins/Media/WmfMedia/Binaries/Win64/UE4Editor-WmfMedia.dll (API version 3944462).
LogModuleManager: Display: Found up-to-date module file ../../../Engine/Plugins/Media/WmfMedia/Binaries/Win64/UE4Editor-WmfMediaEditor.dll (API version 3944462).
LogModuleManager: Display: Found up-to-date module file ../../../Engine/Plugins/Media/WmfMedia/Binaries/Win64/UE4Editor-WmfMediaFactory.dll (API version 3944462).
LogModuleManager: Display: Found up-to-date module file ../../../Engine/Plugins/Media/WmfMedia/Binaries/Win64/UE4Editor-WmfMediaFactory.dll (API version 3944462).
LogModuleManager: Display: Found up-to-date module file ../../../Engine/Plugins/Messaging/TcpMessaging/Binaries/Win64/UE4Editor-TcpMessaging.dll (API version 3944462).
LogModuleManager: Display: Found up-to-date module file ../../../Engine/Plugins/Messaging/UdpMessaging/Binaries/Win64/UE4Editor-UdpMessaging.dll (API version 3944462).
LogModuleManager: Display: Found up-to-date module file ../../../Engine/Plugins/MovieScene/ActorSequence/Binaries/Win64/UE4Editor-ActorSequence.dll (API version 3944462).
LogModuleManager: Display: Found up-to-date module file ../../../Engine/Plugins/MovieScene/LevelSequenceEditor/Binaries/Win64/UE4Editor-LevelSequenceEditor.dll (API version 3944462).
LogModuleManager: Display: Found up-to-date module file ../../../Engine/Plugins/MovieScene/MatineeToLevelSequence/Binaries/Win64/UE4Editor-MatineeToLevelSequence.dll (API version 3944462).
LogModuleManager: Display: Found up-to-date module file ../../../Engine/Plugins/NetcodeUnitTest/NetcodeUnitTest/Binaries/Win64/UE4Editor-NetcodeUnitTest.dll (API version 3944462).
LogModuleManager: Display: Found up-to-date module file ../../../Engine/Plugins/NetcodeUnitTest/NUTUnrealEngine4/Binaries/Win64/UE4Editor-NUTUnrealEngine4.dll (API version 3944462).
LogModuleManager: Display: Found up-to-date module file ../../../Engine/Plugins/Online/OnlineSubsystem/Binaries/Win64/UE4Editor-OnlineSubsystem.dll (API version 3944462).
LogModuleManager: Display: Found up-to-date module file ../../../Engine/Plugins/Runtime/AndroidPermission/Binaries/Win64/UE4Editor-AndroidPermission.dll (API version 3944462).
LogModuleManager: Display: Found up-to-date module file ../../../Engine/Plugins/Online/OnlineSubsystemNull/Binaries/Win64/UE4Editor-OnlineSubsystemNull.dll (API version 3944462).
LogModuleManager: Display: Found up-to-date module file ../../../Engine/Plugins/Online/OnlineSubsystemUtils/Binaries/Win64/UE4Editor-OnlineSubsystemUtils.dll (API version 3944462).
LogModuleManager: Display: Found up-to-date module file ../../../Engine/Plugins/Online/OnlineSubsystemUtils/Binaries/Win64/UE4Editor-OnlineBlueprintSupport.dll (API version 3944462).
LogModuleManager: Display: Found up-to-date module file ../../../Engine/Plugins/Runtime/AndroidDeviceProfileSelector/Binaries/Win64/UE4Editor-AndroidDeviceProfileSelector.dll (API version 3944462).
LogModuleManager: Display: Found up-to-date module file ../../../Engine/Plugins/Runtime/AppleARKit/Binaries/Win64/UE4Editor-AppleARKit.dll (API version 3944462).
LogModuleManager: Display: Found up-to-date module file ../../../Engine/Plugins/Runtime/ProceduralMeshComponent/Binaries/Win64/UE4Editor-ProceduralMeshComponent.dll (API version 3944462).
LogModuleManager: Display: Found up-to-date module file ../../../Engine/Plugins/Runtime/ProceduralMeshComponent/Binaries/Win64/UE4Editor-ProceduralMeshComponentEditor.dll (API version 3944462).
LogModuleManager: Display: Found up-to-date module file ../../../Engine/Plugins/Animation/LiveLink/Binaries/Win64/UE4Editor-LiveLink.dll (API version 3944462).
LogModuleManager: Display: Found up-to-date module file ../../../Engine/Plugins/Animation/LiveLink/Binaries/Win64/UE4Editor-LiveLinkEditor.dll (API version 3944462).
LogModuleManager: Display: Found up-to-date module file ../../../Engine/Plugins/Runtime/ArchVisCharacter/Binaries/Win64/UE4Editor-ArchVisCharacter.dll (API version 3944462).
LogModuleManager: Display: Found up-to-date module file ../../../Engine/Plugins/Runtime/AudioCapture/Binaries/Win64/UE4Editor-AudioCapture.dll (API version 3944462).
LogModuleManager: Display: Found up-to-date module file ../../../Engine/Plugins/Runtime/AudioCapture/Binaries/Win64/UE4Editor-AudioCaptureEditor.dll (API version 3944462).
LogModuleManager: Display: Found up-to-date module file ../../../Engine/Plugins/Runtime/CableComponent/Binaries/Win64/UE4Editor-CableComponent.dll (API version 3944462).
LogModuleManager: Display: Found up-to-date module file ../../../Engine/Plugins/Runtime/CustomMeshComponent/Binaries/Win64/UE4Editor-CustomMeshComponent.dll (API version 3944462).
LogModuleManager: Display: Found up-to-date module file ../../../Engine/Plugins/Runtime/ExampleDeviceProfileSelector/Binaries/Win64/UE4Editor-ExampleDeviceProfileSelector.dll (API version 3944462).
LogModuleManager: Display: Found up-to-date module file ../../../Engine/Plugins/Runtime/ImmediatePhysics/Binaries/Win64/UE4Editor-ImmediatePhysics.dll (API version 3944462).
LogModuleManager: Display: Found up-to-date module file ../../../Engine/Plugins/Runtime/ImmediatePhysics/Binaries/Win64/UE4Editor-ImmediatePhysicsEditor.dll (API version 3944462).
LogModuleManager: Display: Found up-to-date module file ../../../Engine/Plugins/Runtime/LocationServicesBPLibrary/Binaries/Win64/UE4Editor-LocationServicesBPLibrary.dll (API version 3944462).
LogModuleManager: Display: Found up-to-date module file ../../../Engine/Plugins/Runtime/MobilePatchingUtils/Binaries/Win64/UE4Editor-MobilePatchingUtils.dll (API version 3944462).
LogModuleManager: Display: Found up-to-date module file ../../../Engine/Plugins/Runtime/Oculus/OculusVR/Binaries/Win64/UE4Editor-OculusHMD.dll (API version 3944462).
LogModuleManager: Display: Found up-to-date module file ../../../Engine/Plugins/Runtime/Oculus/OculusVR/Binaries/Win64/UE4Editor-OculusInput.dll (API version 3944462).
LogModuleManager: Display: Found up-to-date module file ../../../Engine/Plugins/Runtime/Oculus/OculusVR/Binaries/Win64/UE4Editor-OculusEditor.dll (API version 3944462).
LogModuleManager: Display: Found up-to-date module file ../../../Engine/Plugins/Runtime/PhysXVehicles/Binaries/Win64/UE4Editor-PhysXVehicles.dll (API version 3944462).
LogModuleManager: Display: Found up-to-date module file ../../../Engine/Plugins/Runtime/PhysXVehicles/Binaries/Win64/UE4Editor-PhysXVehiclesEditor.dll (API version 3944462).
LogModuleManager: Display: Found up-to-date module file ../../../Engine/Plugins/Runtime/RuntimePhysXCooking/Binaries/Win64/UE4Editor-RuntimePhysXCooking.dll (API version 3944462).
LogModuleManager: Display: Found up-to-date module file ../../../Engine/Plugins/Runtime/Steam/SteamVR/Binaries/Win64/UE4Editor-SteamVR.dll (API version 3944462).
LogModuleManager: Display: Found up-to-date module file ../../../Engine/Plugins/Runtime/Steam/SteamVR/Binaries/Win64/UE4Editor-SteamVRController.dll (API version 3944462).
LogModuleManager: Display: Found up-to-date module file ../../../Engine/Plugins/Runtime/WindowsMoviePlayer/Binaries/Win64/UE4Editor-WindowsMoviePlayer.dll (API version 3944462).
LogPluginManager: Mounting plugin Paper2D
LogPluginManager: Mounting plugin LiveLink
LogPluginManager: Mounting plugin LightPropagationVolume
LogPluginManager: Mounting plugin CLionSourceCodeAccess
LogPluginManager: Mounting plugin CodeLiteSourceCodeAccess
LogPluginManager: Mounting plugin GitSourceControl
LogPluginManager: Mounting plugin KDevelopSourceCodeAccess
LogPluginManager: Mounting plugin NullSourceCodeAccess
LogPluginManager: Mounting plugin PerforceSourceControl
LogPluginManager: Mounting plugin SubversionSourceControl
LogPluginManager: Mounting plugin UObjectPlugin
LogPluginManager: Mounting plugin VisualStudioCodeSourceCodeAccess
LogPluginManager: Mounting plugin VisualStudioSourceCodeAccess
LogPluginManager: Mounting plugin XCodeSourceCodeAccess
LogPluginManager: Mounting plugin AssetManagerEditor
LogPluginManager: Mounting plugin CryptoKeys
LogPluginManager: Mounting plugin DataValidation
LogPluginManager: Mounting plugin FacialAnimation
LogPluginManager: Mounting plugin GameplayTagsEditor
LogPluginManager: Mounting plugin MobileLauncherProfileWizard
LogPluginManager: Mounting plugin PluginBrowser
LogPluginManager: Mounting plugin SpeedTreeImporter
LogPluginManager: Mounting plugin DatasmithContent
LogPluginManager: Mounting plugin AlembicImporter
LogPluginManager: Mounting plugin CharacterAI
LogPluginManager: Mounting plugin HTML5Networking
LogPluginManager: Mounting plugin AndroidMedia
LogPluginManager: Mounting plugin AvfMedia
LogPluginManager: Mounting plugin ImgMedia
LogPluginManager: Mounting plugin LinearTimecode
LogPluginManager: Mounting plugin MediaCompositing
LogPluginManager: Mounting plugin MediaPlayerEditor
LogPluginManager: Mounting plugin WmfMedia
LogPluginManager: Mounting plugin TcpMessaging
LogPluginManager: Mounting plugin UdpMessaging
LogPluginManager: Mounting plugin ActorSequence
LogPluginManager: Mounting plugin LevelSequenceEditor
LogPluginManager: Mounting plugin MatineeToLevelSequence
LogPluginManager: Mounting plugin NetcodeUnitTest
LogPluginManager: Mounting plugin NUTUnrealEngine4
LogPluginManager: Mounting plugin OnlineSubsystemGooglePlay
LogPluginManager: Mounting plugin OnlineSubsystemIOS
LogPluginManager: Mounting plugin OnlineSubsystem
LogPluginManager: Mounting plugin OnlineSubsystemNull
LogPluginManager: Mounting plugin OnlineSubsystemUtils
LogPluginManager: Mounting plugin AndroidDeviceProfileSelector
LogPluginManager: Mounting plugin AndroidMoviePlayer
LogPluginManager: Mounting plugin AndroidPermission
LogPluginManager: Mounting plugin AppleARKit
LogPluginManager: Mounting plugin AppleMoviePlayer
LogPluginManager: Mounting plugin ArchVisCharacter
LogPluginManager: Mounting plugin AudioCapture
LogPluginManager: Mounting plugin CableComponent
LogPluginManager: Mounting plugin CustomMeshComponent
LogPluginManager: Mounting plugin ExampleDeviceProfileSelector
LogPluginManager: Mounting plugin GoogleCloudMessaging
LogPluginManager: Mounting plugin ImmediatePhysics
LogPluginManager: Mounting plugin IOSDeviceProfileSelector
LogPluginManager: Mounting plugin LinuxDeviceProfileSelector
LogPluginManager: Mounting plugin LocationServicesBPLibrary
LogPluginManager: Mounting plugin MobilePatchingUtils
LogPluginManager: Mounting plugin OculusVR
LogPluginManager: Plugin shader directory ../../../Engine/Plugins/Runtime/Oculus/OculusVR/Shaders found
LogPluginManager: Mapping shader source directory ../../../Engine/Plugins/Runtime/Oculus/OculusVR/Shaders to virtual directory /Plugin/OculusVR
LogPluginManager: Mounting plugin PhysXVehicles
LogPluginManager: Mounting plugin ProceduralMeshComponent
LogPluginManager: Mounting plugin RuntimePhysXCooking
LogPluginManager: Mounting plugin SteamVR
LogPluginManager: Mounting plugin WindowsMoviePlayer
LogStreaming: Display: Took  2.116s to configure plugins.
LogInit: Using libcurl 7.47.1
LogInit:  - built for x86_64-pc-win32
LogInit:  - supports SSL with OpenSSL/1.0.2g
LogInit:  - supports HTTP deflate (compression) using libz 1.2.8
LogInit:  - other features:
LogInit:      CURL_VERSION_SSL
LogInit:      CURL_VERSION_LIBZ
LogInit:      CURL_VERSION_IPV6
LogInit:      CURL_VERSION_ASYNCHDNS
LogInit:      CURL_VERSION_LARGEFILE
LogInit:      CURL_VERSION_IDN
LogInit:  CurlRequestOptions (configurable via config and command line):
LogInit:  - bVerifyPeer = false  - Libcurl will NOT verify peer certificate
LogInit:  - bUseHttpProxy = false  - Libcurl will NOT use HTTP proxy
LogInit:  - bDontReuseConnections = false  - Libcurl will reuse connections
LogInit:  - CertBundlePath = nullptr  - Libcurl will use whatever was configured at build time.
LogInit:  - MaxHostConnections = 16  - Libcurl will limit the number of connections to a host
LogInit:  - LocalHostAddr = Default
LogInit: WinSock: version 1.1 (2.2), MaxSocks=32767, MaxUdp=65467
LogInit: WinSock: I am DESKTOP-7NJS75Q (192.168.137.1:0)
LogInit: Build: ++UE4+Release-4.19-CL-4033788
LogInit: Engine Version: 4.19.2-4033788+++UE4+Release-4.19
LogInit: Compatible Engine Version: 4.19.0-3944462+++UE4+Release-4.19
LogInit: Net CL: 3944462
LogDevObjectVersion: Number of dev versions registered: 18
LogDevObjectVersion:   Dev-Blueprints (B0D832E4-1F89-4F0D-ACCF-7EB736FD4AA2): 10
LogDevObjectVersion:   Dev-Build (E1C64328-A22C-4D53-A36C-8E866417BD8C): 0
LogDevObjectVersion:   Dev-Core (375EC13C-06E4-48FB-B500-84F0262A717E): 2
LogDevObjectVersion:   Dev-Editor (E4B068ED-F494-42E9-A231-DA0B2E46BB41): 23
LogDevObjectVersion:   Dev-Framework (CFFC743F-43B0-4480-9391-14DF171D2073): 33
LogDevObjectVersion:   Dev-Mobile (B02B49B5-BB20-44E9-A304-32B752E40360): 2
LogDevObjectVersion:   Dev-Networking (A4E4105C-59A1-49B5-A7C5-40C4547EDFEE): 0
LogDevObjectVersion:   Dev-Online (39C831C9-5AE6-47DC-9A44-9C173E1C8E7C): 0
LogDevObjectVersion:   Dev-Physics (78F01B33-EBEA-4F98-B9B4-84EACCB95AA2): 0
LogDevObjectVersion:   Dev-Platform (6631380F-2D4D-43E0-8009-CF276956A95A): 0
LogDevObjectVersion:   Dev-Rendering (12F88B9F-8875-4AFC-A67C-D90C383ABD29): 25
LogDevObjectVersion:   Dev-Sequencer (7B5AE74C-D270-4C10-A958-57980B212A5A): 6
LogDevObjectVersion:   Dev-VR (D7296918-1DD6-4BDD-9DE2-64A83CC13884): 1
LogDevObjectVersion:   Dev-LoadTimes (C2A15278-BFE7-4AFE-6C17-90FF531DF755): 1
LogDevObjectVersion:   Private-Geometry (6EACA3D4-40EC-4CC1-B786-8BED09428FC5): 2
LogDevObjectVersion:   Dev-AnimPhys (29E575DD-E0A3-4627-9D10-D276232CDCEA): 16
LogDevObjectVersion:   Dev-ReflectionCapture (6B266CEC-1EC7-4B8F-A30B-E4D90942FC07): 1
LogDevObjectVersion:   Dev-Automation (0DF73D61-A23F-47EA-B727-89E90C41499A): 1
LogInit: Compiled (64-bit): Apr 27 2018 02:06:57
LogInit: Compiled with Visual C++: 19.00.24215.01
LogInit: Build Configuration: Development
LogInit: Branch Name: ++UE4+Release-4.19
LogInit: Command Line: 
LogInit: Base Directory: C:/Program Files/Epic Games/UE_4.19/Engine/Binaries/Win64/
LogInit: Installed Engine Build: 1
LogStreaming: Display: Took  0.005s to delete old logs.
LogInit: Presizing for max 8388607 objects, including 0 objects not considered by GC, pre-allocating 0 bytes for permanent pool.
LogInit: Object subsystem initialized
[2020.01.14-04.55.03:677][  0]LogInit: Selected Device Profile: [Windows]
[2020.01.14-04.55.03:677][  0]LogInit: Applying CVar settings loaded from the selected device profile: [Windows]
[2020.01.14-04.55.03:695][  0]LogInit: Computer: DESKTOP-7NJS75Q
[2020.01.14-04.55.03:695][  0]LogInit: User: Hol
[2020.01.14-04.55.03:695][  0]LogInit: CPU Page size=4096, Cores=4
[2020.01.14-04.55.03:695][  0]LogInit: High frequency timer resolution =10.000000 MHz
[2020.01.14-04.55.03:695][  0]LogMemory: Memory total: Physical=15.9GB (16GB approx)
[2020.01.14-04.55.03:695][  0]LogMemory: Platform Memory Stats for Windows
[2020.01.14-04.55.03:695][  0]LogMemory: Process Physical Memory: 276.28 MB used, 276.28 MB peak
[2020.01.14-04.55.03:695][  0]LogMemory: Process Virtual Memory: 276.95 MB used, 276.95 MB peak
[2020.01.14-04.55.03:695][  0]LogMemory: Physical Memory: 6112.57 MB used,  10155.10 MB free, 16267.67 MB total
[2020.01.14-04.55.03:695][  0]LogMemory: Virtual Memory: 4790.86 MB used,  10155.10 MB free, 134217728.00 MB total
[2020.01.14-04.55.03:739][  0]LogInit: Overriding language with editor language configuration option (ko).
[2020.01.14-04.55.03:739][  0]LogInit: Overriding locale with editor locale configuration option (ko).
[2020.01.14-04.55.04:252][  0]LogStreaming: Display: Took  0.514s to EndInitTextLocalization.
[2020.01.14-04.55.04:344][  0]LogSlate: New Slate User Created.  User Index 0, Is Virtual User: 0
[2020.01.14-04.55.04:344][  0]LogSlate: Slate User Registered.  User Index 0, Is Virtual User: 0
[2020.01.14-04.55.04:759][  0]LogD3D11RHI: D3D11 adapters:
[2020.01.14-04.55.04:886][  0]LogD3D11RHI:    0. 'NVIDIA GeForce GTX 970M' (Feature Level 11_0)
[2020.01.14-04.55.04:886][  0]LogD3D11RHI:       3032/0/8133 MB DedicatedVideo/DedicatedSystem/SharedSystem, Outputs:2, VendorId:0x10de
[2020.01.14-04.55.04:929][  0]LogD3D11RHI:    1. 'Intel(R) HD Graphics 530' (Feature Level 11_0)
[2020.01.14-04.55.04:929][  0]LogD3D11RHI:       128/0/8133 MB DedicatedVideo/DedicatedSystem/SharedSystem, Outputs:0, VendorId:0x8086
[2020.01.14-04.55.04:935][  0]LogD3D11RHI:    2. 'Microsoft Basic Render Driver' (Feature Level 11_0)
[2020.01.14-04.55.04:935][  0]LogD3D11RHI:       0/0/8133 MB DedicatedVideo/DedicatedSystem/SharedSystem, Outputs:0, VendorId:0x1414
[2020.01.14-04.55.04:935][  0]LogD3D11RHI: Chosen D3D11 Adapter: 0
[2020.01.14-04.55.04:991][  0]LogD3D11RHI: Creating new Direct3DDevice
[2020.01.14-04.55.04:992][  0]LogD3D11RHI:     GPU DeviceId: 0x13d8 (for the marketing name, search the web for "GPU Device Id")
[2020.01.14-04.55.04:992][  0]LogWindows: EnumDisplayDevices:
[2020.01.14-04.55.04:992][  0]LogWindows:    0. 'Intel(R) HD Graphics 530' (P:0 D:1)
[2020.01.14-04.55.04:993][  0]LogWindows:    1. 'Intel(R) HD Graphics 530' (P:1 D:1)
[2020.01.14-04.55.04:994][  0]LogWindows:    2. 'Intel(R) HD Graphics 530' (P:0 D:0)
[2020.01.14-04.55.04:994][  0]LogWindows: DebugString: GetVideoDriverDetailsInvalid PrimaryIsNotTheChoosenAdapter GetVideoDriverDetailsInvalid PrimaryIsNotTheChoosenAdapter GetVideoDriverDetailsInvalid PrimaryIsNotTheChoosenAdapter FoundDriverCount:0 
[2020.01.14-04.55.04:994][  0]LogD3D11RHI:     Adapter Name: NVIDIA GeForce GTX 970M
[2020.01.14-04.55.04:994][  0]LogD3D11RHI:   Driver Version: Unknown (internal:Unknown, unified:Unknown)
[2020.01.14-04.55.04:995][  0]LogD3D11RHI:      Driver Date: Unknown
[2020.01.14-04.55.04:995][  0]LogRHI: Texture pool is 2122 MB (70% of 3032 MB)
[2020.01.14-04.55.05:071][  0]LogD3D11RHI: [Aftermath] Aftermath enabled and primed
[2020.01.14-04.55.05:071][  0]LogD3D11RHI: [Aftermath] Aftermath enabled and primed
[2020.01.14-04.55.05:071][  0]LogD3D11RHI: Async texture creation enabled
[2020.01.14-04.55.05:093][  0]LogD3D11RHI: GPU Timing Frequency: 1000.000000 (Debug: 2 1)
[2020.01.14-04.55.05:098][  0]LogShaderCompilers: Guid format shader working directory is -20 characters bigger than the processId version (../../../../../../Users/Hol/Desktop/mygame/Rolling-Game/Rolling/Intermediate/Shaders/WorkingDirectory/28444/).
[2020.01.14-04.55.05:098][  0]LogShaderCompilers: Cleaned the shader compiler working directory 'C:/Users/Hol/AppData/Local/Temp/UnrealShaderWorkingDir/A7BD19C54751350D890924987C652213/'.
[2020.01.14-04.55.05:467][  0]LogTemp: Display: Loaded TP AllDesktopTargetPlatform
[2020.01.14-04.55.05:486][  0]LogTemp: Display: Loaded TP MacClientTargetPlatform
[2020.01.14-04.55.05:506][  0]LogTemp: Display: Loaded TP MacNoEditorTargetPlatform
[2020.01.14-04.55.05:531][  0]LogTemp: Display: Loaded TP MacServerTargetPlatform
[2020.01.14-04.55.05:551][  0]LogTemp: Display: Loaded TP MacTargetPlatform
[2020.01.14-04.55.05:572][  0]LogTemp: Display: Loaded TP WindowsClientTargetPlatform
[2020.01.14-04.55.05:597][  0]LogTemp: Display: Loaded TP WindowsNoEditorTargetPlatform
[2020.01.14-04.55.05:618][  0]LogTemp: Display: Loaded TP WindowsServerTargetPlatform
[2020.01.14-04.55.05:630][  0]LogTemp: Display: Loaded TP WindowsTargetPlatform
[2020.01.14-04.55.05:647][  0]LogTemp: Display: Loaded TP Android_ASTCTargetPlatform
[2020.01.14-04.55.05:666][  0]LogTemp: Display: Loaded TP Android_ATCTargetPlatform
[2020.01.14-04.55.05:685][  0]LogTemp: Display: Loaded TP Android_DXTTargetPlatform
[2020.01.14-04.55.05:701][  0]LogTemp: Display: Loaded TP Android_ETC1aTargetPlatform
[2020.01.14-04.55.05:718][  0]LogTemp: Display: Loaded TP Android_ETC1TargetPlatform
[2020.01.14-04.55.05:736][  0]LogTemp: Display: Loaded TP Android_ETC2TargetPlatform
[2020.01.14-04.55.05:772][  0]LogTemp: Display: Loaded TP Android_MultiTargetPlatform
[2020.01.14-04.55.05:772][  0]LogTemp: Display: Loaded TP Android_PVRTCTargetPlatform
[2020.01.14-04.55.05:791][  0]LogTemp: Display: Loaded TP AndroidTargetPlatform
[2020.01.14-04.55.05:794][  0]LogTemp: Display: Loaded TP HTML5TargetPlatform
[2020.01.14-04.55.05:841][  0]LogTemp: Display: Loaded TP IOSTargetPlatform
[2020.01.14-04.55.05:857][  0]LogTemp: Display: Loaded TP TVOSTargetPlatform
[2020.01.14-04.55.05:877][  0]LogTemp: Display: Loaded TP LinuxClientTargetPlatform
[2020.01.14-04.55.05:893][  0]LogTemp: Display: Loaded TP LinuxNoEditorTargetPlatform
[2020.01.14-04.55.05:908][  0]LogTemp: Display: Loaded TP LinuxServerTargetPlatform
[2020.01.14-04.55.05:926][  0]LogTemp: Display: Loaded TP LinuxTargetPlatform
[2020.01.14-04.55.05:926][  0]LogTargetPlatformManager: Display: Building Assets For Windows
[2020.01.14-04.55.06:140][  0]LogXGEController: Cannot use XGE Controller as Incredibuild is not installed on this machine.
[2020.01.14-04.55.06:140][  0]LogShaderCompilers: Cannot use XGE Shader Compiler as Incredibuild is not installed on this machine.
[2020.01.14-04.55.06:140][  0]LogShaderCompilers: Display: Using Local Shader Compiler.
[2020.01.14-04.55.07:295][  0]LogDerivedDataCache: Display: Max Cache Size: 512 MB
[2020.01.14-04.55.07:379][  0]LogDerivedDataCache: Loaded boot cache 0.08s 74MB C:/Users/Hol/AppData/Local/UnrealEngine/4.19/DerivedDataCache/Boot.ddc.
[2020.01.14-04.55.07:379][  0]LogDerivedDataCache: Display: Loaded Boot cache: C:/Users/Hol/AppData/Local/UnrealEngine/4.19/DerivedDataCache/Boot.ddc
[2020.01.14-04.55.07:380][  0]LogDerivedDataCache: FDerivedDataBackendGraph:  Pak pak cache file ../../../../../../Users/Hol/Desktop/mygame/Rolling-Game/Rolling/DerivedDataCache/DDC.ddp not found, will not use a pak cache.
[2020.01.14-04.55.07:380][  0]LogDerivedDataCache: Unable to find inner node Pak for hierarchical cache Hierarchy.
[2020.01.14-04.55.07:380][  0]LogDerivedDataCache: FDerivedDataBackendGraph:  CompressedPak pak cache file ../../../../../../Users/Hol/Desktop/mygame/Rolling-Game/Rolling/DerivedDataCache/Compressed.ddp not found, will not use a pak cache.
[2020.01.14-04.55.07:380][  0]LogDerivedDataCache: Unable to find inner node CompressedPak for hierarchical cache Hierarchy.
[2020.01.14-04.55.07:398][  0]LogDerivedDataCache: Display: Pak cache opened for reading ../../../Engine/DerivedDataCache/Compressed.ddp.
[2020.01.14-04.55.07:412][  0]LogDerivedDataCache: Using Local data cache path C:/Users/Hol/AppData/Local/UnrealEngine/Common/DerivedDataCache: Writable
[2020.01.14-04.55.07:412][  0]LogDerivedDataCache: Shared data cache path not found in *engine.ini, will not use an Shared cache.
[2020.01.14-04.55.07:412][  0]LogDerivedDataCache: Unable to find inner node Shared for hierarchical cache Hierarchy.
[2020.01.14-04.55.07:427][  0]LogMaterial: Verifying Global Shaders for PCD3D_SM5
[2020.01.14-04.55.07:428][  0]LogSlate: Using Freetype 2.6.0
[2020.01.14-04.55.07:429][  0]LogSlate: SlateFontCache - WITH_FREETYPE: 1, WITH_HARFBUZZ: 1
[2020.01.14-04.55.07:430][  0]LogSlate: SlateFontCache - WITH_FREETYPE: 1, WITH_HARFBUZZ: 1
[2020.01.14-04.55.07:623][  0]LogAssetRegistry: FAssetRegistry took 0.0282 seconds to start up
[2020.01.14-04.55.08:060][  0]LogInit: Selected Device Profile: [Windows]
[2020.01.14-04.55.08:277][  0]LogSimplygon: Simplygon DLL not present - disabling.
[2020.01.14-04.55.08:284][  0]LogMeshReduction: Using SimplygonSwarm for distributed automatic mesh merging
[2020.01.14-04.55.08:284][  0]LogMeshReduction: Using QuadricMeshReduction for automatic static mesh reduction
[2020.01.14-04.55.08:284][  0]LogMeshReduction: No automatic skeletal mesh reduction module available
[2020.01.14-04.55.08:284][  0]LogMeshReduction: No automatic mesh merging module available
[2020.01.14-04.55.08:284][  0]LogMeshMerging: No automatic mesh merging module available
[2020.01.14-04.55.08:343][  0]LogNetVersion: Rolling , NetCL: 3944462, EngineNetVer: 2, GameNetVer: 0 (Checksum: 365534698)
[2020.01.14-04.55.08:964][  0]LogPackageLocalizationCache: Processed 9 localized package path(s) for 1 prioritized culture(s) in 0.072261 seconds
[2020.01.14-04.55.08:970][  0]LogUObjectArray: 36729 objects as part of root set at end of initial load.
[2020.01.14-04.55.08:970][  0]LogUObjectAllocator: 7314528 out of 0 bytes used by permanent object pool.
[2020.01.14-04.55.08:970][  0]LogUObjectArray: CloseDisregardForGC: 0/0 objects in disregard for GC pool
[2020.01.14-04.55.11:407][  0]LogTcpMessaging: Initializing TcpMessaging bridge
[2020.01.14-04.55.11:453][  0]LogUdpMessaging: Initializing bridge on interface 0.0.0.0:0 to multicast group 230.0.0.1:6666.
[2020.01.14-04.55.12:098][  0]SourceControl: 소스 콘트롤이 꺼졌습니다.
[2020.01.14-04.55.12:099][  0]SourceControl: 소스 콘트롤이 꺼졌습니다.
[2020.01.14-04.55.12:138][  0]SourceControl: 소스 콘트롤이 꺼졌습니다.
[2020.01.14-04.55.12:186][  0]SourceControl: 소스 콘트롤이 꺼졌습니다.
[2020.01.14-04.55.12:991][  0]LogAndroidPermission: UAndroidPermissionCallbackProxy::GetInstance
[2020.01.14-04.55.13:324][  0]LogOcInput: OculusInput pre-init called
[2020.01.14-04.55.13:493][  0]LogEngine: Initializing Engine...
[2020.01.14-04.55.13:497][  0]LogHMD: Failed to initialize OpenVR with code 110
[2020.01.14-04.55.13:499][  0]LogStats: UGameplayTagsManager::ConstructGameplayTagTree: Construct from data asset -  0.000 s
[2020.01.14-04.55.13:499][  0]LogStats: UGameplayTagsManager::ConstructGameplayTagTree: GameplayTagTreeChangedEvent.Broadcast -  0.000 s
[2020.01.14-04.55.13:792][  0]LogAIModule: Creating AISystem for world Untitled
[2020.01.14-04.55.13:835][  0]LogInit: XAudio2 using '스피커(Realtek High Definition Audio)' : 2 channels at 48 kHz using 32 bits per sample (channel mask 0x3)
[2020.01.14-04.55.13:902][  0]LogInit: FAudioDevice initialized.
[2020.01.14-04.55.14:007][  0]LogDerivedDataCache: Saved boot cache 0.11s 74MB C:/Users/Hol/AppData/Local/UnrealEngine/4.19/DerivedDataCache/Boot.ddc.
[2020.01.14-04.55.14:018][  0]LogInit: Texture streaming: Enabled
[2020.01.14-04.55.14:056][  0]LogEngineSessionManager: EngineSessionManager initialized
[2020.01.14-04.55.14:086][  0]LogInit: Transaction tracking system initialized
[2020.01.14-04.55.14:145][  0]BlueprintLog: New page: 에디터 로드
[2020.01.14-04.55.14:323][  0]LocalizationService: 현지화 서비스가 비활성화되었습니다.
[2020.01.14-04.55.14:519][  0]LogConsoleResponse: Display: 
[2020.01.14-04.55.14:752][  0]LogCook: Display: Max memory allowance for cook 16384mb min free memory 0mb
[2020.01.14-04.55.14:752][  0]LogCook: Display: Mobile HDR setting 1
[2020.01.14-04.55.14:752][  0]LogGameplayTags: Display: UGameplayTagsManager::DoneAddingNativeTags. DelegateIsBound: 0
[2020.01.14-04.55.14:752][  0]LogStats: UGameplayTagsManager::ConstructGameplayTagTree: Construct from data asset -  0.000 s
[2020.01.14-04.55.14:752][  0]LogStats: UGameplayTagsManager::ConstructGameplayTagTree: GameplayTagTreeChangedEvent.Broadcast -  0.000 s
[2020.01.14-04.55.15:159][  0]LogFileCache: Scanning file cache for directory 'C:/Users/Hol/Desktop/mygame/Rolling-Game/Rolling/Content/' took 0.01s
[2020.01.14-04.55.15:426][  0]SourceControl: 소스 콘트롤이 꺼졌습니다.
[2020.01.14-04.55.15:426][  0]Cmd: MAP LOAD FILE="../../../../../../Users/Hol/Desktop/mygame/Rolling-Game/Rolling/Content/Game/Level/0.umap" TEMPLATE=0 SHOWPROGRESS=1 FEATURELEVEL=3
[2020.01.14-04.55.15:427][  0]LightingResults: New page: 라이팅 빌드
[2020.01.14-04.55.15:433][  0]MapCheck: New page: 맵 체크
[2020.01.14-04.55.15:433][  0]LightingResults: New page: 라이팅 빌드
[2020.01.14-04.55.15:470][  0]LogUObjectGlobals: Created PersistentFrame Addr=0x000001ae83bb9cc8, Size=56, Default__0_C Function /Game/Game/Level/0.0_C:ExecuteUbergraph_0
[2020.01.14-04.55.15:474][  0]LogUObjectGlobals: Destroyed PersistentFrame Addr=0x000001ae83bb9cc8, Size=56
[2020.01.14-04.55.15:474][  0]LogUObjectGlobals: Created PersistentFrame Addr=0x000001ae83bb9cc8, Size=56, Default__0_C Function /Engine/Transient.REINST_0_C_3:ExecuteUbergraph_0
[2020.01.14-04.55.15:476][  0]LogUObjectGlobals: Created PersistentFrame Addr=0x000001ae83bb8fa8, Size=56, Default__0_C Function /Game/Game/Level/0.0_C:ExecuteUbergraph_0
[2020.01.14-04.55.15:497][  0]LogAIModule: Creating AISystem for world 0
[2020.01.14-04.55.15:498][  0]LogEditorServer: Finished looking for orphan Actors (0.000 secs)
[2020.01.14-04.55.15:513][  0]LogUObjectGlobals: Destroyed PersistentFrame Addr=0x000001ae83bb9cc8, Size=56
[2020.01.14-04.55.15:515][  0]Cmd: MAP CHECKDEP NOCLEARLOG
[2020.01.14-04.55.15:623][  0]MapCheck: 맵 체크 완료: 오류 0 회, 경고 0 회, 소요 시간 107.445ms.
[2020.01.14-04.55.15:623][  0]LogFileHelpers: Loading map '0' took 0.197
[2020.01.14-04.55.15:845][  0]LogCollectionManager: Loaded 0 collections in 0.004876 seconds
[2020.01.14-04.55.15:903][  0]LogFileCache: Scanning file cache for directory 'C:/Users/Hol/Desktop/mygame/Rolling-Game/Rolling/Saved/Collections/' took 0.01s
[2020.01.14-04.55.15:903][  0]LogFileCache: Scanning file cache for directory 'C:/Users/Hol/Desktop/mygame/Rolling-Game/Rolling/Content/Developers/Hol/Collections/' took 0.01s
[2020.01.14-04.55.15:903][  0]LogFileCache: Scanning file cache for directory 'C:/Users/Hol/Desktop/mygame/Rolling-Game/Rolling/Content/Collections/' took 0.01s
[2020.01.14-04.55.15:903][  0]LogCollectionManager: Rebuilt the GUID cache for 0 collections in 0.000000 seconds
[2020.01.14-04.55.15:921][  0]LogContentBrowser: Native class hierarchy populated in 0.0169 seconds. Added 2452 classes and 558 folders.
[2020.01.14-04.55.15:940][  0]LogContentBrowser: Native class hierarchy updated for 'WidgetCarousel' in 0.0003 seconds. Added 0 classes and 0 folders.
[2020.01.14-04.55.16:013][  0]LogContentBrowser: Native class hierarchy updated for 'AddContentDialog' in 0.0002 seconds. Added 0 classes and 0 folders.
[2020.01.14-04.55.16:019][  0]LogContentBrowser: Native class hierarchy updated for 'SceneOutliner' in 0.0003 seconds. Added 1 classes and 2 folders.
[2020.01.14-04.55.16:553][  0]LogSlate: Only BGRA pngs, bmps or icos are supported in by External Image Picker
[2020.01.14-04.55.17:670][  0]LogSlate: Took 0.000475 seconds to synchronously load lazily loaded font '../../../Engine/Content/Slate/Fonts/Roboto-Regular.ttf' (155K)
[2020.01.14-04.55.17:679][  0]LogSlate: Took 0.007031 seconds to synchronously load lazily loaded font '../../../Engine/Content/Editor/Slate/Fonts/NanumGothic.ttf' (4243K)
[2020.01.14-04.55.17:685][  0]LogSlate: Took 0.003390 seconds to synchronously load lazily loaded font '../../../Engine/Content/Editor/Slate/Fonts/NanumGothicBold.ttf' (4188K)
[2020.01.14-04.55.17:685][  0]LogSlate: Took 0.000276 seconds to synchronously load lazily loaded font '../../../Engine/Content/Slate/Fonts/Roboto-Bold.ttf' (160K)
[2020.01.14-04.55.17:698][  0]LogSlate: Took 0.000580 seconds to synchronously load lazily loaded font '../../../Engine/Content/Editor/Slate/Fonts/FontAwesome.ttf' (139K)
[2020.01.14-04.55.17:886][  0]LogTemp: Executing iPhonePackager certificates Engine -bundlename com.YourCompany.Rolling
[2020.01.14-04.55.17:886][  0]LogTemp: CWD: C:\Program Files\Epic Games\UE_4.19\Engine\Binaries\DotNET\IOS
[2020.01.14-04.55.17:886][  0]LogTemp: Initial Dir: C:\Program Files\Epic Games\UE_4.19
[2020.01.14-04.55.17:886][  0]LogTemp: Env CWD: C:\Program Files\Epic Games\UE_4.19\Engine\Binaries\DotNET\IOS
[2020.01.14-04.55.17:886][  0]LogTemp: BranchPath = DESKTOP-7NJS75Q/C/Program Files/Epic Games/UE_4.19/Engine/Binaries --- GameBranchPath = DESKTOP-7NJS75Q/C/Program Files/Epic Games/UE_4.19/Engine/Binaries
[2020.01.14-04.55.17:886][  0]LogTemp: IPP ERROR: Could not find provision directory 'C:\Users\Hol\AppData\Local/Apple Computer/MobileDevice/Provisioning Profiles/'.
[2020.01.14-04.55.17:886][  0]LogRenderer: Reallocating scene render targets to support 1208x600 Format 9 NumSamples 1 (Frame:1).
[2020.01.14-04.55.18:084][  0]LogContentBrowser: Native class hierarchy updated for 'HierarchicalLODOutliner' in 0.0003 seconds. Added 0 classes and 0 folders.
[2020.01.14-04.55.18:085][  0]LogLoad: (Engine Initialization) Total time: 18.74 seconds
[2020.01.14-04.55.18:085][  0]LogLoad: (Engine Initialization) Total Blueprint compile time: 0.00 seconds
[2020.01.14-04.55.18:456][  0]LogContentStreaming: Texture pool size now 800 MB
[2020.01.14-04.55.18:546][  0]LogSlate: Took 0.000249 seconds to synchronously load lazily loaded font '../../../Engine/Content/Slate/Fonts/Roboto-Light.ttf' (167K)
[2020.01.14-04.55.19:109][  2]LogAssetRegistry: Asset discovery search completed in 11.5084 seconds
[2020.01.14-04.55.19:111][  2]LogCollectionManager: Rebuilt the object cache for 0 collections in 0.000000 seconds (found 0 objects)
[2020.01.14-04.55.19:111][  2]LogCollectionManager: Fixed up redirectors for 0 collections in 0.000098 seconds (updated 0 objects)
[2020.01.14-04.55.20:174][ 46]LogSlate: FSceneViewport::OnFocusLost() reason 0
[2020.01.14-04.55.34:100][863]LogSlate: Took 0.000296 seconds to synchronously load lazily loaded font '../../../Engine/Content/Slate/Fonts/Roboto-Light.ttf' (167K)
[2020.01.14-04.55.34:814][896]LogLinker: Warning: '/Game/Game/Level/177_BuiltData' 파일을 찾을 수 없습니다.
[2020.01.14-04.55.34:814][896]LogLinker: Warning: '/Game/Game/Level/177_BuiltData' 파일을 찾을 수 없습니다.
[2020.01.14-04.55.34:814][896]LogUObjectGlobals: Warning: 'Object /Game/Game/Level/177_BuiltData.177_BuiltData' 오브젝트를 찾는 데 실패했습니다.
[2020.01.14-04.55.41:357][282]LogUObjectGlobals: Created PersistentFrame Addr=0x000001aedcfdc9c8, Size=4, Default__Blocking_Cube1_BP_C Function /Game/Game/BP/Blocking_Cube1_BP.Blocking_Cube1_BP_C:ExecuteUbergraph_Blocking_Cube1_BP
[2020.01.14-04.55.41:359][282]LogUObjectGlobals: Destroyed PersistentFrame Addr=0x000001aedcfdc9c8, Size=4
[2020.01.14-04.55.41:359][282]LogUObjectGlobals: Created PersistentFrame Addr=0x000001aedcfdc9c8, Size=4, Default__Blocking_Cube1_BP_C Function /Engine/Transient.REINST_Blocking_Cube1_BP_C_5:ExecuteUbergraph_Blocking_Cube1_BP
[2020.01.14-04.55.41:360][282]LogUObjectGlobals: Created PersistentFrame Addr=0x000001aedcfdfa58, Size=4, Default__Blocking_Cube1_BP_C Function /Game/Game/BP/Blocking_Cube1_BP.Blocking_Cube1_BP_C:ExecuteUbergraph_Blocking_Cube1_BP
[2020.01.14-04.55.41:393][282]LogUObjectGlobals: Created PersistentFrame Addr=0x000001aeeda92598, Size=4, Default__force_C Function /Game/Game/BP/force.force_C:ExecuteUbergraph_force
[2020.01.14-04.55.41:395][282]LogUObjectGlobals: Destroyed PersistentFrame Addr=0x000001aeeda92598, Size=4
[2020.01.14-04.55.41:395][282]LogUObjectGlobals: Created PersistentFrame Addr=0x000001aeeda92598, Size=4, Default__force_C Function /Engine/Transient.REINST_force_C_11:ExecuteUbergraph_force
[2020.01.14-04.55.41:397][282]LogUObjectGlobals: Created PersistentFrame Addr=0x000001aeeda925e8, Size=4, Default__force_C Function /Game/Game/BP/force.force_C:ExecuteUbergraph_force
[2020.01.14-04.55.41:404][282]LogUObjectGlobals: Created PersistentFrame Addr=0x000001ae9343b280, Size=96, Default__Force_Cube_BP_C Function /Game/Game/BP/Force_Cube_BP.Force_Cube_BP_C:ExecuteUbergraph_Force_Cube_BP
[2020.01.14-04.55.41:407][282]LogUObjectGlobals: Destroyed PersistentFrame Addr=0x000001ae9343b280, Size=96
[2020.01.14-04.55.41:407][282]LogUObjectGlobals: Created PersistentFrame Addr=0x000001ae9343b280, Size=96, Default__Force_Cube_BP_C Function /Engine/Transient.REINST_Force_Cube_BP_C_13:ExecuteUbergraph_Force_Cube_BP
[2020.01.14-04.55.41:410][282]LogUObjectGlobals: Created PersistentFrame Addr=0x000001ae9343a2c0, Size=96, Default__Force_Cube_BP_C Function /Game/Game/BP/Force_Cube_BP.Force_Cube_BP_C:ExecuteUbergraph_Force_Cube_BP
[2020.01.14-04.55.41:421][282]LogUObjectGlobals: Created PersistentFrame Addr=0x000001ae93019bc0, Size=160, Default__Movable_Cube2_BP_C Function /Game/Game/BP/Movable_Cube2_BP.Movable_Cube2_BP_C:ExecuteUbergraph_Movable_Cube2_BP
[2020.01.14-04.55.41:424][282]LogUObjectGlobals: Destroyed PersistentFrame Addr=0x000001ae93019bc0, Size=160
[2020.01.14-04.55.41:424][282]LogUObjectGlobals: Created PersistentFrame Addr=0x000001ae93018ea0, Size=160, Default__Movable_Cube2_BP_C Function /Engine/Transient.REINST_Movable_Cube2_BP_C_15:ExecuteUbergraph_Movable_Cube2_BP
[2020.01.14-04.55.41:426][282]LogUObjectGlobals: Created PersistentFrame Addr=0x000001ae93018680, Size=160, Default__Movable_Cube2_BP_C Function /Game/Game/BP/Movable_Cube2_BP.Movable_Cube2_BP_C:ExecuteUbergraph_Movable_Cube2_BP
[2020.01.14-04.55.41:432][282]LogUObjectGlobals: Created PersistentFrame Addr=0x000001ae92fd79c0, Size=160, Default__Movable_Cube_BP_C Function /Game/Game/BP/Movable_Cube_BP.Movable_Cube_BP_C:ExecuteUbergraph_Movable_Cube_BP
[2020.01.14-04.55.41:434][282]LogUObjectGlobals: Destroyed PersistentFrame Addr=0x000001ae92fd79c0, Size=160
[2020.01.14-04.55.41:435][282]LogUObjectGlobals: Created PersistentFrame Addr=0x000001ae92fd6a20, Size=160, Default__Movable_Cube_BP_C Function /Engine/Transient.REINST_Movable_Cube_BP_C_17:ExecuteUbergraph_Movable_Cube_BP
[2020.01.14-04.55.41:436][282]LogUObjectGlobals: Created PersistentFrame Addr=0x000001ae92fd6200, Size=160, Default__Movable_Cube_BP_C Function /Game/Game/BP/Movable_Cube_BP.Movable_Cube_BP_C:ExecuteUbergraph_Movable_Cube_BP
[2020.01.14-04.55.41:445][282]LogUObjectGlobals: Created PersistentFrame Addr=0x000001ae92fd8800, Size=1088, Default__Moving_Cube_BP_C Function /Game/Game/BP/Moving_Cube_BP.Moving_Cube_BP_C:ExecuteUbergraph_Moving_Cube_BP
[2020.01.14-04.55.41:454][282]LogUObjectGlobals: Destroyed PersistentFrame Addr=0x000001ae92fd8800, Size=1088
[2020.01.14-04.55.41:454][282]LogUObjectGlobals: Created PersistentFrame Addr=0x000001ae92f4f900, Size=1088, Default__Moving_Cube_BP_C Function /Engine/Transient.REINST_Moving_Cube_BP_C_19:ExecuteUbergraph_Moving_Cube_BP
[2020.01.14-04.55.41:461][282]LogUObjectGlobals: Created PersistentFrame Addr=0x000001ae92ee7200, Size=1088, Default__Moving_Cube_BP_C Function /Game/Game/BP/Moving_Cube_BP.Moving_Cube_BP_C:ExecuteUbergraph_Moving_Cube_BP
[2020.01.14-04.55.41:483][282]LogUObjectGlobals: Created PersistentFrame Addr=0x000001ae92efd800, Size=560, Default__PhysicsBallBP_C Function /Game/RollingBP/Blueprints/PhysicsBallBP.PhysicsBallBP_C:ExecuteUbergraph_PhysicsBallBP
[2020.01.14-04.55.41:490][282]LogUObjectGlobals: Destroyed PersistentFrame Addr=0x000001ae92efd800, Size=560
[2020.01.14-04.55.41:490][282]LogUObjectGlobals: Created PersistentFrame Addr=0x000001ae92efd800, Size=560, Default__PhysicsBallBP_C Function /Engine/Transient.REINST_PhysicsBallBP_C_21:ExecuteUbergraph_PhysicsBallBP
[2020.01.14-04.55.41:497][282]LogUObjectGlobals: Created PersistentFrame Addr=0x000001ae92fb8680, Size=560, Default__PhysicsBallBP_C Function /Game/RollingBP/Blueprints/PhysicsBallBP.PhysicsBallBP_C:ExecuteUbergraph_PhysicsBallBP
[2020.01.14-04.55.41:502][282]LogUObjectGlobals: Created PersistentFrame Addr=0x000001aeea391cc8, Size=4, Default__MyHud_C Function /Game/Game/MyHud.MyHud_C:ExecuteUbergraph_MyHud
[2020.01.14-04.55.41:503][282]LogUObjectGlobals: Destroyed PersistentFrame Addr=0x000001aeea391cc8, Size=4
[2020.01.14-04.55.41:503][282]LogUObjectGlobals: Created PersistentFrame Addr=0x000001aeea391cc8, Size=4, Default__MyHud_C Function /Engine/Transient.REINST_MyHud_C_23:ExecuteUbergraph_MyHud
[2020.01.14-04.55.41:504][282]LogUObjectGlobals: Created PersistentFrame Addr=0x000001aeea393a50, Size=4, Default__MyHud_C Function /Game/Game/MyHud.MyHud_C:ExecuteUbergraph_MyHud
[2020.01.14-04.55.41:521][282]LogUObjectGlobals: Created PersistentFrame Addr=0x000001ae92ec4f40, Size=72, Default__GameClear_C Function /Game/Game/UI/GameClear.GameClear_C:ExecuteUbergraph_GameClear
[2020.01.14-04.55.41:525][282]LogUObjectGlobals: Destroyed PersistentFrame Addr=0x000001ae92ec4f40, Size=72
[2020.01.14-04.55.41:525][282]LogUObjectGlobals: Created PersistentFrame Addr=0x000001ae92ec4c20, Size=72, Default__GameClear_C Function /Engine/Transient.REINST_GameClear_C_0:ExecuteUbergraph_GameClear
[2020.01.14-04.55.41:527][282]LogUObjectGlobals: Created PersistentFrame Addr=0x000001ae92c23380, Size=72, Default__GameClear_C Function /Game/Game/UI/GameClear.GameClear_C:ExecuteUbergraph_GameClear
[2020.01.14-04.55.41:533][282]LogUObjectGlobals: Created PersistentFrame Addr=0x000001ae92c3bb78, Size=40, Default__GameFail_C Function /Game/Game/UI/GameFail.GameFail_C:ExecuteUbergraph_GameFail
[2020.01.14-04.55.41:537][282]LogUObjectGlobals: Destroyed PersistentFrame Addr=0x000001ae92c3bb78, Size=40
[2020.01.14-04.55.41:537][282]LogUObjectGlobals: Created PersistentFrame Addr=0x000001ae92c3bb78, Size=40, Default__GameFail_C Function /Engine/Transient.REINST_GameFail_C_1:ExecuteUbergraph_GameFail
[2020.01.14-04.55.41:538][282]LogUObjectGlobals: Created PersistentFrame Addr=0x000001ae92c3ba10, Size=40, Default__GameFail_C Function /Game/Game/UI/GameFail.GameFail_C:ExecuteUbergraph_GameFail
[2020.01.14-04.55.41:552][282]LogUObjectGlobals: Created PersistentFrame Addr=0x000001ae92c43f90, Size=104, Default__15_C Function /Game/Game/Level/15.15_C:ExecuteUbergraph_15
[2020.01.14-04.55.41:561][282]LogUObjectGlobals: Destroyed PersistentFrame Addr=0x000001ae92c43f90, Size=104
[2020.01.14-04.55.41:561][282]LogUObjectGlobals: Created PersistentFrame Addr=0x000001ae92c43f90, Size=104, Default__15_C Function /Engine/Transient.REINST_15_C_30:ExecuteUbergraph_15
[2020.01.14-04.55.41:573][282]LogUObjectGlobals: Created PersistentFrame Addr=0x000001ae9534eb70, Size=104, Default__15_C Function /Game/Game/Level/15.15_C:ExecuteUbergraph_15
[2020.01.14-04.55.41:789][282]LogAIModule: Creating AISystem for world 15
[2020.01.14-04.55.41:816][282]LogUObjectGlobals: Destroyed PersistentFrame Addr=0x000001aedcfdc9c8, Size=4
[2020.01.14-04.55.41:816][282]LogUObjectGlobals: Destroyed PersistentFrame Addr=0x000001aeeda92598, Size=4
[2020.01.14-04.55.41:816][282]LogUObjectGlobals: Destroyed PersistentFrame Addr=0x000001ae9343b280, Size=96
[2020.01.14-04.55.41:816][282]LogUObjectGlobals: Destroyed PersistentFrame Addr=0x000001ae93018ea0, Size=160
[2020.01.14-04.55.41:816][282]LogUObjectGlobals: Destroyed PersistentFrame Addr=0x000001ae92fd6a20, Size=160
[2020.01.14-04.55.41:816][282]LogUObjectGlobals: Destroyed PersistentFrame Addr=0x000001ae92f4f900, Size=1088
[2020.01.14-04.55.41:816][282]LogUObjectGlobals: Destroyed PersistentFrame Addr=0x000001ae92efd800, Size=560
[2020.01.14-04.55.41:816][282]LogUObjectGlobals: Destroyed PersistentFrame Addr=0x000001aeea391cc8, Size=4
[2020.01.14-04.55.41:817][282]LogUObjectGlobals: Destroyed PersistentFrame Addr=0x000001ae92ec4c20, Size=72
[2020.01.14-04.55.41:817][282]LogUObjectGlobals: Destroyed PersistentFrame Addr=0x000001ae92c3bb78, Size=40
[2020.01.14-04.55.41:817][282]LogUObjectGlobals: Destroyed PersistentFrame Addr=0x000001ae92c43f90, Size=104
[2020.01.14-04.55.41:819][282]Cmd: MAP LOAD FILE="../../../../../../Users/Hol/Desktop/mygame/Rolling-Game/Rolling/Content/Game/Level/15.umap" TEMPLATE=0 SHOWPROGRESS=1 FEATURELEVEL=3
[2020.01.14-04.55.41:819][282]LightingResults: New page: 라이팅 빌드
[2020.01.14-04.55.41:820][282]LoadErrors: New page: 맵 로드중: 15.umap
[2020.01.14-04.55.41:821][282]MapCheck: New page: 맵 체크
[2020.01.14-04.55.41:821][282]LightingResults: New page: 라이팅 빌드
[2020.01.14-04.55.41:831][282]LogUObjectGlobals: Destroyed PersistentFrame Addr=0x000001ae83bb8fa8, Size=56
[2020.01.14-04.55.41:918][282]LogEditorServer: Finished looking for orphan Actors (0.000 secs)
[2020.01.14-04.55.41:997][282]Cmd: MAP CHECKDEP NOCLEARLOG
[2020.01.14-04.55.42:084][282]MapCheck: 맵 체크 완료: 오류 0 회, 경고 0 회, 소요 시간 87.085ms.
[2020.01.14-04.55.42:086][282]LogFileHelpers: Loading map '15' took 0.268
[2020.01.14-04.55.43:044][336]LogTemp: Repeating last play command: 선택된 뷰포트
[2020.01.14-04.55.43:080][336]LogBlueprintUserMessages: Early PlayInEditor Detection: Level '/Game/Game/Level/15.15:PersistentLevel' has LevelScriptBlueprint '/Game/Game/Level/15.15:PersistentLevel.15' with GeneratedClass '/Game/Game/Level/15.15_C' with ClassGeneratedBy '/Game/Game/Level/15.15:PersistentLevel.15'
[2020.01.14-04.55.43:081][336]LogPlayLevel: PlayLevel: No blueprints needed recompiling
[2020.01.14-04.55.43:081][336]PIE: New page: PIE 세션: 15 (2020. 1. 14. 오후 10:55:43)
[2020.01.14-04.55.43:081][336]LogPlayLevel: Creating play world package: /Game/Game/Level/UEDPIE_0_15
[2020.01.14-04.55.43:096][336]LogPlayLevel: PIE: StaticDuplicateObject took: (0.015114s)
[2020.01.14-04.55.43:097][336]LogAIModule: Creating AISystem for world 15
[2020.01.14-04.55.43:097][336]LogPlayLevel: PIE: World Init took: (0.000777s)
[2020.01.14-04.55.43:097][336]LogPlayLevel: PIE: Created PIE world by copying editor world from /Game/Game/Level/15.15 to /Game/Game/Level/UEDPIE_0_15.15 (0.016125s)
[2020.01.14-04.55.43:123][336]LogInit: XAudio2 using '스피커(Realtek High Definition Audio)' : 2 channels at 48 kHz using 32 bits per sample (channel mask 0x3)
[2020.01.14-04.55.43:163][336]LogInit: FAudioDevice initialized.
[2020.01.14-04.55.43:209][336]LogLoad: Game class is 'RollingGameMode_C'
[2020.01.14-04.55.43:217][336]LogWorld: Bringing World /Game/Game/Level/UEDPIE_0_15.15 up for play (max tick rate 60) at 2020.01.14-13.55.43
[2020.01.14-04.55.43:218][336]LogWorld: Bringing up level for play took: 0.007356
[2020.01.14-04.55.43:233][336]LogContentBrowser: Native class hierarchy updated for 'MovieSceneCapture' in 0.0003 seconds. Added 11 classes and 0 folders.
[2020.01.14-04.55.43:241][336]LogAdvertising: Warning: GetAdvertisingProvider called with a module name of None.
[2020.01.14-04.55.43:241][336]PIE: /Game/Game/Level/UEDPIE_0_15 에 대한 에디터에서 플레이 시작 시간: -0.278
[2020.01.14-04.55.43:241][336]LogBlueprintUserMessages: Late PlayInEditor Detection: Level '/Game/Game/Level/15.15:PersistentLevel' has LevelScriptBlueprint '/Game/Game/Level/15.15:PersistentLevel.15' with GeneratedClass '/Game/Game/Level/15.15_C' with ClassGeneratedBy '/Game/Game/Level/15.15:PersistentLevel.15'
[2020.01.14-04.56.08:028][821]LogScript: Warning: CallFunc_Create_ReturnValue 프로퍼티를 읽으려던 중 None 에 접근했습니다.
	15_C /Game/Game/Level/UEDPIE_0_15.15:PersistentLevel.15_C_1
	Function /Game/Game/Level/15.15_C:ExecuteUbergraph_15:0300
[2020.01.14-04.56.08:028][821]PIE: Error: 블루프린트 런타임 오류: CallFunc_Create_ReturnValue 프로퍼티를 읽으려던 중 None 에 접근했습니다. 다음 함수에서: 'ExecuteUbergraph_15' 노드: Add to Viewport 그래프: EventGraph 오브젝트: 15 설명: CallFunc_Create_ReturnValue 프로퍼티를 읽으려던 중 None 에 접근했습니다.
[2020.01.14-04.56.08:827][869]LogSlate: FSceneViewport::OnFocusLost() reason 0
[2020.01.14-04.56.09:060][876]LogPackageName: SearchForPackageOnDisk took   0.113s, but failed to resolve 16.umap.
[2020.01.14-04.56.09:173][876]LogPackageName: SearchForPackageOnDisk took   0.112s, but failed to resolve 16.umap.
[2020.01.14-04.56.09:173][876]LogNet: Browse: /Game/Game/Level/0
[2020.01.14-04.56.09:173][876]LogNet: Warning: Travel Failure: [InvalidURL]: 잘못된 URL: /Game/Game/Level/0
[2020.01.14-04.56.09:173][876]LogNet: Warning: 트래블 실패: InvalidURL, 실패 이유: '잘못된 URL: /Game/Game/Level/0'. PIE 종료.
[2020.01.14-04.56.09:173][876]PIE: Warning: 트래블 실패: InvalidURL, 실패 이유: '잘못된 URL: /Game/Game/Level/0'. PIE 종료.
[2020.01.14-04.56.09:173][876]LogNet: Warning: Travel Failure: [ClientTravelFailure]: 잘못된 URL: /Game/Game/Level/0
[2020.01.14-04.56.09:173][876]LogNet: Warning: 트래블 실패: ClientTravelFailure, 실패 이유: '잘못된 URL: /Game/Game/Level/0'. PIE 종료.
[2020.01.14-04.56.09:173][876]PIE: Warning: 트래블 실패: ClientTravelFailure, 실패 이유: '잘못된 URL: /Game/Game/Level/0'. PIE 종료.
[2020.01.14-04.56.09:175][876]LogBlueprintUserMessages: Early EndPlayMap Detection: Level '/Game/Game/Level/15.15:PersistentLevel' has LevelScriptBlueprint '/Game/Game/Level/15.15:PersistentLevel.15' with GeneratedClass '/Game/Game/Level/15.15_C' with ClassGeneratedBy '/Game/Game/Level/15.15:PersistentLevel.15'
[2020.01.14-04.56.09:212][876]LogBlueprintUserMessages: Late EndPlayMap Detection: Level '/Game/Game/Level/15.15:PersistentLevel' has LevelScriptBlueprint '/Game/Game/Level/15.15:PersistentLevel.15' with GeneratedClass '/Game/Game/Level/15.15_C' with ClassGeneratedBy '/Game/Game/Level/15.15:PersistentLevel.15'
[2020.01.14-04.56.14:475][175]LogSlate: FSceneViewport::OnFocusLost() reason 0
[2020.01.14-04.56.34:439][270]LogSlate: Window '16_BuiltData - 범용 애셋 에디터' being destroyed
[2020.01.14-04.56.34:444][270]LogSlate: Window 'Rolling - 언리얼 에디터' being destroyed
[2020.01.14-04.56.34:449][270]LogWindowsTextInputMethodSystem: Display: IME system now activated using TSF (Microsoft 입력기).
[2020.01.14-04.56.34:727][271]Cmd: QUIT_EDITOR
[2020.01.14-04.56.34:868][271]LogSlate: Slate User Destroyed.  User Index 0, Is Virtual User: 0
[2020.01.14-04.56.34:868][271]LogExit: Preparing to exit.
[2020.01.14-04.56.36:657][271]LogDirectoryWatcher: A directory notification for 'C:/Users/Hol/Desktop/mygame/Rolling-Game/Rolling/Content/' was aborted.
[2020.01.14-04.56.36:679][271]LogExit: Editor shut down
[2020.01.14-04.56.36:681][271]LogExit: Transaction tracking system shut down
[2020.01.14-04.56.36:681][271]LogUObjectGlobals: Destroyed PersistentFrame Addr=0x000001aedcfdfa58, Size=4
[2020.01.14-04.56.36:681][271]LogUObjectGlobals: Destroyed PersistentFrame Addr=0x000001aeeda925e8, Size=4
[2020.01.14-04.56.36:682][271]LogUObjectGlobals: Destroyed PersistentFrame Addr=0x000001ae9343a2c0, Size=96
[2020.01.14-04.56.36:682][271]LogUObjectGlobals: Destroyed PersistentFrame Addr=0x000001ae93018680, Size=160
[2020.01.14-04.56.36:682][271]LogUObjectGlobals: Destroyed PersistentFrame Addr=0x000001ae92fd6200, Size=160
[2020.01.14-04.56.36:682][271]LogUObjectGlobals: Destroyed PersistentFrame Addr=0x000001ae92ee7200, Size=1088
[2020.01.14-04.56.36:682][271]LogUObjectGlobals: Destroyed PersistentFrame Addr=0x000001ae92fb8680, Size=560
[2020.01.14-04.56.36:682][271]LogUObjectGlobals: Destroyed PersistentFrame Addr=0x000001aeea393a50, Size=4
[2020.01.14-04.56.36:682][271]LogUObjectGlobals: Destroyed PersistentFrame Addr=0x000001ae92c23380, Size=72
[2020.01.14-04.56.36:682][271]LogUObjectGlobals: Destroyed PersistentFrame Addr=0x000001ae92c3ba10, Size=40
[2020.01.14-04.56.36:682][271]LogUObjectGlobals: Destroyed PersistentFrame Addr=0x000001ae9534eb70, Size=104
[2020.01.14-04.56.36:830][271]LogDirectoryWatcher: A directory notification for '../../../Engine/Content/' was aborted.
[2020.01.14-04.56.36:831][271]LogDirectoryWatcher: A directory notification for '../../../../../../Users/Hol/Desktop/mygame/Rolling-Game/Rolling/Content/' was aborted.
[2020.01.14-04.56.36:831][271]LogDirectoryWatcher: A directory notification for '../../Plugins/2D/Paper2D/Content/' was aborted.
[2020.01.14-04.56.36:831][271]LogDirectoryWatcher: A directory notification for '../../Plugins/Enterprise/DatasmithContent/Content/' was aborted.
[2020.01.14-04.56.36:831][271]LogDirectoryWatcher: A directory notification for '../../Plugins/Media/MediaCompositing/Content/' was aborted.
[2020.01.14-04.56.36:831][271]LogDirectoryWatcher: A directory notification for '../../Plugins/Runtime/AppleARKit/Content/' was aborted.
[2020.01.14-04.56.36:831][271]LogDirectoryWatcher: A directory notification for '../../Plugins/Runtime/Oculus/OculusVR/Content/' was aborted.
[2020.01.14-04.56.36:831][271]LogDirectoryWatcher: A directory notification for '../../Plugins/Runtime/Steam/SteamVR/Content/' was aborted.
[2020.01.14-04.56.36:897][271]LogExit: Object subsystem successfully closed.
[2020.01.14-04.56.36:922][271]LogShaderCompilers: Display: Shaders left to compile 0
[2020.01.14-04.56.36:926][271]LogD3D11RHI: Shutdown
[2020.01.14-04.56.36:926][271]LogD3D11RHI: CleanupD3DDevice
[2020.01.14-04.56.36:929][271]LogD3D11RHI: ~FD3D11DynamicRHI
[2020.01.14-04.56.36:964][271]LogModuleManager: Shutting down and abandoning module Advertising (580)
[2020.01.14-04.56.36:964][271]LogModuleManager: Shutting down and abandoning module MovieSceneCapture (578)
[2020.01.14-04.56.36:964][271]LogModuleManager: Shutting down and abandoning module HierarchicalLODOutliner (576)
[2020.01.14-04.56.36:964][271]LogModuleManager: Shutting down and abandoning module ExternalImagePicker (574)
[2020.01.14-04.56.36:964][271]LogModuleManager: Shutting down and abandoning module SceneOutliner (572)
[2020.01.14-04.56.36:964][271]LogModuleManager: Shutting down and abandoning module AddContentDialog (570)
[2020.01.14-04.56.36:964][271]LogDirectoryWatcher: A directory notification for 'C:/Program Files/Epic Games/UE_4.19/FeaturePacks/' was aborted.
[2020.01.14-04.56.36:964][271]LogModuleManager: Shutting down and abandoning module WidgetCarousel (569)
[2020.01.14-04.56.36:964][271]LogModuleManager: Shutting down and abandoning module EditorWidgets (566)
[2020.01.14-04.56.36:964][271]LogModuleManager: Shutting down and abandoning module CollectionManager (564)
[2020.01.14-04.56.36:965][271]LogDirectoryWatcher: A directory notification for 'C:/Users/Hol/Desktop/mygame/Rolling-Game/Rolling/Content/Collections/' was aborted.
[2020.01.14-04.56.36:965][271]LogDirectoryWatcher: A directory notification for 'C:/Users/Hol/Desktop/mygame/Rolling-Game/Rolling/Content/Developers/Hol/Collections/' was aborted.
[2020.01.14-04.56.36:965][271]LogDirectoryWatcher: A directory notification for 'C:/Users/Hol/Desktop/mygame/Rolling-Game/Rolling/Saved/Collections/' was aborted.
[2020.01.14-04.56.36:965][271]LogModuleManager: Shutting down and abandoning module StatsViewer (562)
[2020.01.14-04.56.36:965][271]LogModuleManager: Shutting down and abandoning module FoliageEdit (560)
[2020.01.14-04.56.36:965][271]LogModuleManager: Shutting down and abandoning module LandscapeEditor (558)
[2020.01.14-04.56.36:965][271]LogModuleManager: Shutting down and abandoning module MeshPaintMode (556)
[2020.01.14-04.56.36:965][271]LogModuleManager: Shutting down and abandoning module SceneDepthPickerMode (554)
[2020.01.14-04.56.36:965][271]LogModuleManager: Shutting down and abandoning module ActorPickerMode (552)
[2020.01.14-04.56.36:965][271]LogModuleManager: Shutting down and abandoning module GeometryMode (550)
[2020.01.14-04.56.36:965][271]LogModuleManager: Shutting down and abandoning module TextureAlignMode (548)
[2020.01.14-04.56.36:965][271]LogModuleManager: Shutting down and abandoning module BspMode (546)
[2020.01.14-04.56.36:965][271]LogModuleManager: Shutting down and abandoning module PIEPreviewDeviceProfileSelector (544)
[2020.01.14-04.56.36:965][271]LogModuleManager: Shutting down and abandoning module HardwareSurvey (542)
[2020.01.14-04.56.36:965][271]LogModuleManager: Shutting down and abandoning module SequenceRecorderSections (540)
[2020.01.14-04.56.36:965][271]LogModuleManager: Shutting down and abandoning module AutomationWorker (538)
[2020.01.14-04.56.36:965][271]LogModuleManager: Shutting down and abandoning module AudioCaptureEditor (536)
[2020.01.14-04.56.36:965][271]LogModuleManager: Shutting down and abandoning module SequenceRecorder (535)
[2020.01.14-04.56.36:965][271]LogModuleManager: Shutting down and abandoning module MatineeToLevelSequence (532)
[2020.01.14-04.56.36:965][271]LogModuleManager: Shutting down and abandoning module LevelSequenceEditor (530)
[2020.01.14-04.56.36:965][271]LogModuleManager: Shutting down and abandoning module PlacementMode (529)
[2020.01.14-04.56.36:965][271]LogModuleManager: Shutting down and abandoning module MaterialEditor (528)
[2020.01.14-04.56.36:965][271]LogModuleManager: Shutting down and abandoning module WmfMediaFactory (524)
[2020.01.14-04.56.36:965][271]LogModuleManager: Shutting down and abandoning module WmfMediaEditor (522)
[2020.01.14-04.56.36:966][271]LogModuleManager: Shutting down and abandoning module MediaPlayerEditor (520)
[2020.01.14-04.56.36:966][271]LogModuleManager: Shutting down and abandoning module OpenExrWrapper (518)
[2020.01.14-04.56.36:966][271]LogModuleManager: Shutting down and abandoning module ImgMediaFactory (516)
[2020.01.14-04.56.36:966][271]LogModuleManager: Shutting down and abandoning module ImgMediaEditor (514)
[2020.01.14-04.56.36:966][271]LogModuleManager: Shutting down and abandoning module AvfMediaFactory (512)
[2020.01.14-04.56.36:966][271]LogModuleManager: Shutting down and abandoning module AvfMediaEditor (510)
[2020.01.14-04.56.36:966][271]LogModuleManager: Shutting down and abandoning module AndroidMediaFactory (508)
[2020.01.14-04.56.36:966][271]LogModuleManager: Shutting down and abandoning module AndroidMediaEditor (506)
[2020.01.14-04.56.36:966][271]LogModuleManager: Shutting down and abandoning module CharacterAI (504)
[2020.01.14-04.56.36:966][271]LogModuleManager: Shutting down and abandoning module SmartSnapping (502)
[2020.01.14-04.56.36:966][271]LogModuleManager: Shutting down and abandoning module SessionServices (500)
[2020.01.14-04.56.36:966][271]LogModuleManager: Shutting down and abandoning module ViewportSnapping (498)
[2020.01.14-04.56.36:966][271]LogModuleManager: Shutting down and abandoning module ViewportInteraction (496)
[2020.01.14-04.56.36:966][271]LogModuleManager: Shutting down and abandoning module ClothPainter (494)
[2020.01.14-04.56.36:966][271]LogModuleManager: Shutting down and abandoning module SkeletalMeshEditor (493)
[2020.01.14-04.56.36:966][271]LogModuleManager: Shutting down and abandoning module LogVisualizer (490)
[2020.01.14-04.56.36:966][271]LogModuleManager: Shutting down and abandoning module IntroTutorials (488)
[2020.01.14-04.56.36:966][271]LogModuleManager: Shutting down and abandoning module GameProjectGeneration (487)
[2020.01.14-04.56.36:966][271]LogModuleManager: Shutting down and abandoning module IOSPlatformEditor (484)
[2020.01.14-04.56.36:966][271]LogModuleManager: Shutting down and abandoning module HTML5PlatformEditor (482)
[2020.01.14-04.56.36:966][271]LogModuleManager: Shutting down and abandoning module AndroidPlatformEditor (480)
[2020.01.14-04.56.36:966][271]LogModuleManager: Shutting down and abandoning module AndroidDeviceDetection (479)
[2020.01.14-04.56.37:361][271]LogModuleManager: Shutting down and abandoning module WindowsPlatformEditor (476)
[2020.01.14-04.56.37:361][271]LogModuleManager: Shutting down and abandoning module IOSRuntimeSettings (474)
[2020.01.14-04.56.37:361][271]LogModuleManager: Shutting down and abandoning module AndroidRuntimeSettings (472)
[2020.01.14-04.56.37:361][271]LogModuleManager: Shutting down and abandoning module InputBindingEditor (470)
[2020.01.14-04.56.37:361][271]LogModuleManager: Shutting down and abandoning module MergeActors (468)
[2020.01.14-04.56.37:361][271]LogModuleManager: Shutting down and abandoning module LocalizationDashboard (466)
[2020.01.14-04.56.37:361][271]LogModuleManager: Shutting down and abandoning module LocalizationService (465)
[2020.01.14-04.56.37:361][271]LogModuleManager: Shutting down and abandoning module HardwareTargeting (462)
[2020.01.14-04.56.37:361][271]LogModuleManager: Shutting down and abandoning module DeviceProfileEditor (460)
[2020.01.14-04.56.37:361][271]LogModuleManager: Shutting down and abandoning module UndoHistory (458)
[2020.01.14-04.56.37:362][271]LogModuleManager: Shutting down and abandoning module XmlParser (456)
[2020.01.14-04.56.37:362][271]LogModuleManager: Shutting down and abandoning module Blutility (454)
[2020.01.14-04.56.37:362][271]LogModuleManager: Shutting down and abandoning module ProjectSettingsViewer (452)
[2020.01.14-04.56.37:362][271]LogModuleManager: Shutting down and abandoning module ProjectTargetPlatformEditor (451)
[2020.01.14-04.56.37:362][271]LogModuleManager: Shutting down and abandoning module EditorSettingsViewer (448)
[2020.01.14-04.56.37:362][271]LogModuleManager: Shutting down and abandoning module SettingsEditor (446)
[2020.01.14-04.56.37:362][271]LogModuleManager: Shutting down and abandoning module ProjectLauncher (444)
[2020.01.14-04.56.37:362][271]LogModuleManager: Shutting down and abandoning module SessionFrontend (442)
[2020.01.14-04.56.37:362][271]LogModuleManager: Shutting down and abandoning module ProfilerClient (440)
[2020.01.14-04.56.37:362][271]LogModuleManager: Shutting down and abandoning module DeviceManager (438)
[2020.01.14-04.56.37:362][271]LogModuleManager: Shutting down and abandoning module TargetDeviceServices (437)
[2020.01.14-04.56.37:429][271]LogModuleManager: Shutting down and abandoning module AutomationController (434)
[2020.01.14-04.56.37:429][271]LogModuleManager: Shutting down and abandoning module AutomationWindow (432)
[2020.01.14-04.56.37:429][271]LogModuleManager: Shutting down and abandoning module Layers (430)
[2020.01.14-04.56.37:429][271]LogModuleManager: Shutting down and abandoning module ComponentVisualizers (428)
[2020.01.14-04.56.37:429][271]LogModuleManager: Shutting down and abandoning module DetailCustomizations (426)
[2020.01.14-04.56.37:429][271]LogModuleManager: Shutting down and abandoning module PackagesDialog (424)
[2020.01.14-04.56.37:429][271]LogModuleManager: Shutting down and abandoning module Persona (422)
[2020.01.14-04.56.37:429][271]LogModuleManager: Shutting down and abandoning module AdvancedPreviewScene (421)
[2020.01.14-04.56.37:429][271]LogModuleManager: Shutting down and abandoning module AnimGraph (419)
[2020.01.14-04.56.37:429][271]LogModuleManager: Shutting down and abandoning module Kismet (416)
[2020.01.14-04.56.37:430][271]LogModuleManager: Shutting down and abandoning module GraphEditor (414)
[2020.01.14-04.56.37:430][271]LogModuleManager: Shutting down and abandoning module ClassViewer (412)
[2020.01.14-04.56.37:430][271]LogModuleManager: Shutting down and abandoning module Toolbox (410)
[2020.01.14-04.56.37:430][271]LogModuleManager: Shutting down and abandoning module ModuleUI (408)
[2020.01.14-04.56.37:430][271]LogModuleManager: Shutting down and abandoning module MovieSceneTools (406)
[2020.01.14-04.56.37:430][271]LogModuleManager: Shutting down and abandoning module OutputLog (404)
[2020.01.14-04.56.37:430][271]LogModuleManager: Shutting down and abandoning module GammaUI (402)
[2020.01.14-04.56.37:430][271]LogModuleManager: Shutting down and abandoning module Documentation (400)
[2020.01.14-04.56.37:430][271]LogModuleManager: Shutting down and abandoning module MovieSceneTracks (398)
[2020.01.14-04.56.37:430][271]LogModuleManager: Shutting down and abandoning module MovieScene (396)
[2020.01.14-04.56.37:430][271]LogModuleManager: Shutting down and abandoning module StreamingPauseRendering (394)
[2020.01.14-04.56.37:430][271]LogModuleManager: Shutting down and abandoning module LauncherPlatform (392)
[2020.01.14-04.56.37:430][271]LogModuleManager: Shutting down and abandoning module AnalyticsET (390)
[2020.01.14-04.56.37:430][271]LogModuleManager: Shutting down and abandoning module PortalServices (388)
[2020.01.14-04.56.37:430][271]LogModuleManager: Shutting down and abandoning module PortalRpc (386)
[2020.01.14-04.56.37:430][271]LogModuleManager: Shutting down and abandoning module MessagingRpc (384)
[2020.01.14-04.56.37:430][271]LogModuleManager: Shutting down and abandoning module AIModule (382)
[2020.01.14-04.56.37:430][271]LogModuleManager: Shutting down and abandoning module GameplayDebugger (381)
[2020.01.14-04.56.37:430][271]LogModuleManager: Shutting down and abandoning module AITestSuite (379)
[2020.01.14-04.56.37:430][271]LogModuleManager: Shutting down and abandoning module DesktopPlatform (376)
[2020.01.14-04.56.37:430][271]LogModuleManager: Shutting down and abandoning module ProfilerService (374)
[2020.01.14-04.56.37:582][271]LogModuleManager: Shutting down and abandoning module TaskGraph (372)
[2020.01.14-04.56.37:582][271]LogModuleManager: Shutting down and abandoning module SteamVRController (370)
[2020.01.14-04.56.37:582][271]LogModuleManager: Shutting down and abandoning module ProceduralMeshComponentEditor (368)
[2020.01.14-04.56.37:582][271]LogModuleManager: Shutting down and abandoning module ProceduralMeshComponent (366)
[2020.01.14-04.56.37:582][271]LogModuleManager: Shutting down and abandoning module OculusInput (364)
[2020.01.14-04.56.37:582][271]LogModuleManager: Shutting down and abandoning module MobilePatchingUtils (362)
[2020.01.14-04.56.37:582][271]LogModuleManager: Shutting down and abandoning module CustomMeshComponent (360)
[2020.01.14-04.56.37:583][271]LogModuleManager: Shutting down and abandoning module CableComponent (358)
[2020.01.14-04.56.37:583][271]LogModuleManager: Shutting down and abandoning module AudioCapture (356)
[2020.01.14-04.56.37:583][271]LogModuleManager: Shutting down and abandoning module ArchVisCharacter (354)
[2020.01.14-04.56.37:583][271]LogModuleManager: Shutting down and abandoning module AndroidPermission (352)
[2020.01.14-04.56.37:583][271]LogModuleManager: Shutting down and abandoning module NUTUnrealEngine4 (348)
[2020.01.14-04.56.37:583][271]LogModuleManager: Shutting down and abandoning module NetcodeUnitTest (346)
[2020.01.14-04.56.37:583][271]LogModuleManager: Shutting down and abandoning module MediaCompositingEditor (344)
[2020.01.14-04.56.37:583][271]LogModuleManager: Shutting down and abandoning module MediaCompositing (342)
[2020.01.14-04.56.37:583][271]LogModuleManager: Shutting down and abandoning module LinearTimecode (340)
[2020.01.14-04.56.37:583][271]LogModuleManager: Shutting down and abandoning module ImgMedia (338)
[2020.01.14-04.56.37:587][271]LogModuleManager: Shutting down and abandoning module HTML5Networking (336)
[2020.01.14-04.56.37:587][271]LogModuleManager: Shutting down and abandoning module AlembicImporter (334)
[2020.01.14-04.56.37:587][271]LogModuleManager: Shutting down and abandoning module AlembicLibrary (333)
[2020.01.14-04.56.37:587][271]LogModuleManager: Shutting down and abandoning module GeometryCache (332)
[2020.01.14-04.56.37:587][271]LogModuleManager: Shutting down and abandoning module GeometryCacheEd (331)
[2020.01.14-04.56.37:587][271]LogModuleManager: Shutting down and abandoning module DatasmithContent (326)
[2020.01.14-04.56.37:587][271]LogModuleManager: Shutting down and abandoning module SpeedTreeImporter (324)
[2020.01.14-04.56.37:587][271]LogModuleManager: Shutting down and abandoning module PluginBrowser (322)
[2020.01.14-04.56.37:587][271]LogModuleManager: Shutting down and abandoning module MobileLauncherProfileWizard (320)
[2020.01.14-04.56.37:587][271]LogModuleManager: Shutting down and abandoning module CryptoKeysOpenSSL (318)
[2020.01.14-04.56.37:587][271]LogModuleManager: Shutting down and abandoning module CryptoKeys (316)
[2020.01.14-04.56.37:587][271]LogModuleManager: Shutting down and abandoning module VisualStudioSourceCodeAccess (314)
[2020.01.14-04.56.37:587][271]LogModuleManager: Shutting down and abandoning module VisualStudioCodeSourceCodeAccess (312)
[2020.01.14-04.56.37:587][271]LogModuleManager: Shutting down and abandoning module UObjectPlugin (310)
[2020.01.14-04.56.37:587][271]LogModuleManager: Shutting down and abandoning module SubversionSourceControl (308)
[2020.01.14-04.56.37:587][271]LogModuleManager: Shutting down and abandoning module PerforceSourceControl (306)
[2020.01.14-04.56.37:587][271]LogModuleManager: Shutting down and abandoning module GitSourceControl (304)
[2020.01.14-04.56.37:587][271]LogModuleManager: Shutting down and abandoning module SourceControl (303)
[2020.01.14-04.56.37:587][271]LogModuleManager: Shutting down and abandoning module CLionSourceCodeAccess (300)
[2020.01.14-04.56.37:588][271]LogModuleManager: Shutting down and abandoning module LightPropagationVolumeEditor (298)
[2020.01.14-04.56.37:588][271]LogModuleManager: Shutting down and abandoning module PaperTiledImporter (296)
[2020.01.14-04.56.37:588][271]LogModuleManager: Shutting down and abandoning module PaperSpriteSheetImporter (294)
[2020.01.14-04.56.37:588][271]LogModuleManager: Shutting down and abandoning module Paper2DEditor (292)
[2020.01.14-04.56.37:588][271]LogModuleManager: Shutting down and abandoning module MeshPaint (291)
[2020.01.14-04.56.37:588][271]LogModuleManager: Shutting down and abandoning module RuntimePhysXCooking (288)
[2020.01.14-04.56.37:588][271]LogModuleManager: Shutting down and abandoning module PhysXVehiclesEditor (286)
[2020.01.14-04.56.37:588][271]LogModuleManager: Shutting down and abandoning module PhysXVehicles (284)
[2020.01.14-04.56.37:588][271]LogModuleManager: Shutting down and abandoning module OculusEditor (282)
[2020.01.14-04.56.37:588][271]LogModuleManager: Shutting down and abandoning module LocationServicesBPLibrary (280)
[2020.01.14-04.56.37:588][271]LogModuleManager: Shutting down and abandoning module ImmediatePhysicsEditor (278)
[2020.01.14-04.56.37:588][271]LogModuleManager: Shutting down and abandoning module ImmediatePhysics (276)
[2020.01.14-04.56.37:588][271]LogModuleManager: Shutting down and abandoning module ActorSequence (274)
[2020.01.14-04.56.37:588][271]LogModuleManager: Shutting down and abandoning module UdpMessaging (272)
[2020.01.14-04.56.37:689][271]LogModuleManager: Shutting down and abandoning module TcpMessaging (270)
[2020.01.14-04.56.37:790][271]LogModuleManager: Shutting down and abandoning module GameplayTagsEditor (268)
[2020.01.14-04.56.37:790][271]LogModuleManager: Shutting down and abandoning module FacialAnimationEditor (266)
[2020.01.14-04.56.37:790][271]LogModuleManager: Shutting down and abandoning module FacialAnimation (264)
[2020.01.14-04.56.37:790][271]LogModuleManager: Shutting down and abandoning module DataValidation (262)
[2020.01.14-04.56.37:790][271]LogModuleManager: Shutting down and abandoning module AssetManagerEditor (260)
[2020.01.14-04.56.37:790][271]LogModuleManager: Shutting down and abandoning module LevelEditor (259)
[2020.01.14-04.56.37:791][271]LogModuleManager: Shutting down and abandoning module PixelInspectorModule (258)
[2020.01.14-04.56.37:791][271]LogModuleManager: Shutting down and abandoning module CommonMenuExtensions (256)
[2020.01.14-04.56.37:791][271]LogModuleManager: Shutting down and abandoning module MainFrame (254)
[2020.01.14-04.56.37:791][271]LogModuleManager: Shutting down and abandoning module HotReload (253)
[2020.01.14-04.56.37:791][271]LogModuleManager: Shutting down and abandoning module ContentBrowser (249)
[2020.01.14-04.56.37:792][271]LogModuleManager: Shutting down and abandoning module TreeMap (247)
[2020.01.14-04.56.37:792][271]LogModuleManager: Shutting down and abandoning module LightPropagationVolumeRuntime (244)
[2020.01.14-04.56.37:792][271]LogModuleManager: Shutting down and abandoning module LiveLinkEditor (242)
[2020.01.14-04.56.37:792][271]LogModuleManager: Shutting down and abandoning module LiveLink (240)
[2020.01.14-04.56.37:936][271]LogModuleManager: Shutting down and abandoning module Paper2D (238)
[2020.01.14-04.56.37:936][271]LogModuleManager: Shutting down and abandoning module WindowsMoviePlayer (236)
[2020.01.14-04.56.37:936][271]LogModuleManager: Shutting down and abandoning module WmfMedia (234)
[2020.01.14-04.56.37:939][271]LogModuleManager: Shutting down and abandoning module Media (233)
[2020.01.14-04.56.37:945][271]LogModuleManager: Shutting down and abandoning module PacketHandler (230)
[2020.01.14-04.56.37:945][271]LogModuleManager: Shutting down and abandoning module ClothingSystemEditor (228)
[2020.01.14-04.56.37:945][271]LogModuleManager: Shutting down and abandoning module ClothingSystemRuntime (226)
[2020.01.14-04.56.37:945][271]LogModuleManager: Shutting down and abandoning module MediaAssets (224)
[2020.01.14-04.56.37:945][271]LogModuleManager: Shutting down and abandoning module Overlay (222)
[2020.01.14-04.56.37:945][271]LogModuleManager: Shutting down and abandoning module OverlayEditor (221)
[2020.01.14-04.56.37:945][271]LogModuleManager: Shutting down and abandoning module VREditor (218)
[2020.01.14-04.56.37:945][271]LogModuleManager: Shutting down and abandoning module StringTableEditor (216)
[2020.01.14-04.56.37:946][271]LogModuleManager: Shutting down and abandoning module GameplayTasksEditor (214)
[2020.01.14-04.56.37:946][271]LogModuleManager: Shutting down and abandoning module BehaviorTreeEditor (212)
[2020.01.14-04.56.37:946][271]LogModuleManager: Shutting down and abandoning module FunctionalTesting (210)
[2020.01.14-04.56.37:946][271]LogModuleManager: Shutting down and abandoning module CollisionAnalyzer (208)
[2020.01.14-04.56.37:946][271]LogModuleManager: Shutting down and abandoning module WorkspaceMenuStructure (207)
[2020.01.14-04.56.37:946][271]LogModuleManager: Shutting down and abandoning module UMG (204)
[2020.01.14-04.56.37:946][271]LogModuleManager: Shutting down and abandoning module UMGEditor (203)
[2020.01.14-04.56.37:946][271]LogModuleManager: Shutting down and abandoning module Sequencer (202)
[2020.01.14-04.56.37:946][271]LogModuleManager: Shutting down and abandoning module MessageLog (199)
[2020.01.14-04.56.37:946][271]LogModuleManager: Shutting down and abandoning module SlateReflector (194)
[2020.01.14-04.56.37:946][271]LogModuleManager: Shutting down and abandoning module Slate (192)
[2020.01.14-04.56.37:946][271]LogModuleManager: Shutting down and abandoning module EditorStyle (190)
[2020.01.14-04.56.37:948][271]LogModuleManager: Shutting down and abandoning module MRMesh (188)
[2020.01.14-04.56.37:948][271]LogModuleManager: Shutting down and abandoning module SourceCodeAccess (186)
[2020.01.14-04.56.37:948][271]LogModuleManager: Shutting down and abandoning module HeadMountedDisplay (184)
[2020.01.14-04.56.37:948][271]LogModuleManager: Shutting down and abandoning module XAudio2 (182)
[2020.01.14-04.56.37:948][271]LogModuleManager: Shutting down and abandoning module Networking (180)
[2020.01.14-04.56.37:948][271]LogModuleManager: Shutting down and abandoning module Core (178)
[2020.01.14-04.56.37:948][271]LogModuleManager: Shutting down and abandoning module LevelSequence (176)
[2020.01.14-04.56.37:948][271]LogModuleManager: Shutting down and abandoning module KismetCompiler (174)
[2020.01.14-04.56.37:948][271]LogModuleManager: Shutting down and abandoning module MeshUtilities (172)
[2020.01.14-04.56.37:948][271]LogModuleManager: Shutting down and abandoning module MeshMergeUtilities (171)
[2020.01.14-04.56.37:948][271]LogModuleManager: Shutting down and abandoning module MeshReductionInterface (170)
[2020.01.14-04.56.37:948][271]LogModuleManager: Shutting down and abandoning module SimplygonSwarm (169)
[2020.01.14-04.56.37:948][271]LogModuleManager: Shutting down and abandoning module SimplygonMeshReduction (167)
[2020.01.14-04.56.37:948][271]LogModuleManager: Shutting down and abandoning module QuadricMeshReduction (165)
[2020.01.14-04.56.37:948][271]LogModuleManager: Shutting down and abandoning module MaterialBaking (161)
[2020.01.14-04.56.37:948][271]LogModuleManager: Shutting down and abandoning module DirectoryWatcher (157)
[2020.01.14-04.56.37:949][271]LogModuleManager: Shutting down and abandoning module DerivedDataCache (154)
[2020.01.14-04.56.38:006][271]LogDerivedDataCache: Shutdown
[2020.01.14-04.56.38:006][271]LogModuleManager: Shutting down and abandoning module XGEController (152)
[2020.01.14-04.56.38:006][271]LogModuleManager: Shutting down and abandoning module TargetPlatform (150)
[2020.01.14-04.56.38:006][271]LogModuleManager: Shutting down and abandoning module VulkanShaderFormat (149)
[2020.01.14-04.56.38:006][271]LogModuleManager: Shutting down and abandoning module ShaderFormatVectorVM (147)
[2020.01.14-04.56.38:006][271]LogModuleManager: Shutting down and abandoning module ShaderFormatOpenGL (145)
[2020.01.14-04.56.38:007][271]LogModuleManager: Shutting down and abandoning module ShaderFormatD3D (143)
[2020.01.14-04.56.38:007][271]LogModuleManager: Shutting down and abandoning module MetalShaderFormat (141)
[2020.01.14-04.56.38:007][271]LogModuleManager: Shutting down and abandoning module TextureFormatUncompressed (139)
[2020.01.14-04.56.38:007][271]LogModuleManager: Shutting down and abandoning module TextureFormatPVR (137)
[2020.01.14-04.56.38:007][271]LogModuleManager: Shutting down and abandoning module TextureFormatDXT (135)
[2020.01.14-04.56.38:007][271]LogModuleManager: Shutting down and abandoning module TextureFormatIntelISPCTexComp (133)
[2020.01.14-04.56.38:007][271]LogModuleManager: Shutting down and abandoning module TextureFormatASTC (131)
[2020.01.14-04.56.38:007][271]LogModuleManager: Shutting down and abandoning module ImageWrapper (130)
[2020.01.14-04.56.38:007][271]LogModuleManager: Shutting down and abandoning module TextureFormatAndroid (127)
[2020.01.14-04.56.38:007][271]LogModuleManager: Shutting down and abandoning module AudioFormatOpus (125)
[2020.01.14-04.56.38:007][271]LogModuleManager: Shutting down and abandoning module AudioFormatOgg (123)
[2020.01.14-04.56.38:007][271]LogModuleManager: Shutting down and abandoning module AudioFormatADPCM (121)
[2020.01.14-04.56.38:008][271]LogModuleManager: Shutting down and abandoning module LinuxTargetPlatform (119)
[2020.01.14-04.56.38:008][271]LogModuleManager: Shutting down and abandoning module LinuxServerTargetPlatform (117)
[2020.01.14-04.56.38:008][271]LogModuleManager: Shutting down and abandoning module LinuxNoEditorTargetPlatform (115)
[2020.01.14-04.56.38:008][271]LogModuleManager: Shutting down and abandoning module LinuxClientTargetPlatform (113)
[2020.01.14-04.56.38:008][271]LogModuleManager: Shutting down and abandoning module TVOSTargetPlatform (111)
[2020.01.14-04.56.38:008][271]LogModuleManager: Shutting down and abandoning module Messaging (109)
[2020.01.14-04.56.38:008][271]LogModuleManager: Shutting down and abandoning module IOSTargetPlatform (107)
[2020.01.14-04.56.38:008][271]LogModuleManager: Shutting down and abandoning module HTML5TargetPlatform (105)
[2020.01.14-04.56.38:008][271]LogModuleManager: Shutting down and abandoning module AndroidTargetPlatform (103)
[2020.01.14-04.56.38:008][271]LogModuleManager: Shutting down and abandoning module Android_PVRTCTargetPlatform (101)
[2020.01.14-04.56.38:008][271]LogModuleManager: Shutting down and abandoning module Android_MultiTargetPlatform (99)
[2020.01.14-04.56.38:008][271]LogModuleManager: Shutting down and abandoning module Android_ETC2TargetPlatform (97)
[2020.01.14-04.56.38:008][271]LogModuleManager: Shutting down and abandoning module Android_ETC1TargetPlatform (95)
[2020.01.14-04.56.38:008][271]LogModuleManager: Shutting down and abandoning module Android_ETC1aTargetPlatform (93)
[2020.01.14-04.56.38:008][271]LogModuleManager: Shutting down and abandoning module Android_DXTTargetPlatform (91)
[2020.01.14-04.56.38:008][271]LogModuleManager: Shutting down and abandoning module Android_ATCTargetPlatform (89)
[2020.01.14-04.56.38:008][271]LogModuleManager: Shutting down and abandoning module Android_ASTCTargetPlatform (87)
[2020.01.14-04.56.38:008][271]LogModuleManager: Shutting down and abandoning module WindowsTargetPlatform (85)
[2020.01.14-04.56.38:008][271]LogModuleManager: Shutting down and abandoning module WindowsServerTargetPlatform (83)
[2020.01.14-04.56.38:008][271]LogModuleManager: Shutting down and abandoning module WindowsNoEditorTargetPlatform (81)
[2020.01.14-04.56.38:008][271]LogModuleManager: Shutting down and abandoning module WindowsClientTargetPlatform (79)
[2020.01.14-04.56.38:008][271]LogModuleManager: Shutting down and abandoning module MacTargetPlatform (77)
[2020.01.14-04.56.38:008][271]LogModuleManager: Shutting down and abandoning module MacServerTargetPlatform (75)
[2020.01.14-04.56.38:008][271]LogModuleManager: Shutting down and abandoning module MacNoEditorTargetPlatform (73)
[2020.01.14-04.56.38:008][271]LogModuleManager: Shutting down and abandoning module MacClientTargetPlatform (71)
[2020.01.14-04.56.38:008][271]LogModuleManager: Shutting down and abandoning module AllDesktopTargetPlatform (69)
[2020.01.14-04.56.38:008][271]LogModuleManager: Shutting down and abandoning module InputCore (66)
[2020.01.14-04.56.38:008][271]LogModuleManager: Shutting down and abandoning module Settings (64)
[2020.01.14-04.56.38:008][271]LogModuleManager: Shutting down and abandoning module PhysXCooking (62)
[2020.01.14-04.56.38:008][271]LogModuleManager: Shutting down and abandoning module SteamVR (60)
[2020.01.14-04.56.38:008][271]LogModuleManager: Shutting down and abandoning module OculusHMD (58)
[2020.01.14-04.56.38:008][271]LogModuleManager: Shutting down and abandoning module ExampleDeviceProfileSelector (56)
[2020.01.14-04.56.38:008][271]LogModuleManager: Shutting down and abandoning module AppleARKit (54)
[2020.01.14-04.56.38:009][271]LogModuleManager: Shutting down and abandoning module AugmentedReality (51)
[2020.01.14-04.56.38:009][271]LogModuleManager: Shutting down and abandoning module OnlineBlueprintSupport (48)
[2020.01.14-04.56.38:009][271]LogModuleManager: Shutting down and abandoning module OnlineSubsystem (44)
[2020.01.14-04.56.38:009][271]LogModuleManager: Shutting down and abandoning module XMPP (43)
[2020.01.14-04.56.38:009][271]LogModuleManager: Shutting down and abandoning module HTTP (41)
[2020.01.14-04.56.38:009][271]LogHttp: Display: Http module shutting down, but needs to wait on 1 outstanding Http requests:
[2020.01.14-04.56.38:009][271]LogHttp: Display: 	verb=[POST] url=[https://datarouter.ol.epicgames.com/datarouter/api/v1/public/data?SessionID=%7B59B7860A-42A3-FB96-F0A4-AAAA4C3FA082%7D&AppID=UEEditor.Rocket.Release&AppVersion=4.19.2-4033788%2B%2B%2BUE4%2BRelease-4.19&UserID=6f2bbd744c13fe2f14e6fc9a40e08c04%7C3de214ffb49e44c6b53ca4ed67b9f7e7%7C9a2ab6fb-2650-43ad-9369-d6af1449b1ad&AppEnvironment=datacollector-binary&UploadType=eteventstream] status=Processing
[2020.01.14-04.56.38:017][271]LogModuleManager: Shutting down and abandoning module SSL (40)
[2020.01.14-04.56.38:018][271]LogModuleManager: Shutting down and abandoning module AnimationModifiers (36)
[2020.01.14-04.56.38:018][271]LogModuleManager: Shutting down and abandoning module PropertyEditor (35)
[2020.01.14-04.56.38:018][271]LogModuleManager: Shutting down and abandoning module AudioEditor (32)
[2020.01.14-04.56.38:018][271]LogModuleManager: Shutting down and abandoning module TextureCompressor (30)
[2020.01.14-04.56.38:018][271]LogModuleManager: Shutting down and abandoning module ShaderCore (28)
[2020.01.14-04.56.38:018][271]LogModuleManager: Shutting down and abandoning module Landscape (26)
[2020.01.14-04.56.38:018][271]LogModuleManager: Shutting down and abandoning module SlateRHIRenderer (24)
[2020.01.14-04.56.38:021][271]LogModuleManager: Shutting down and abandoning module OpenGLDrv (22)
[2020.01.14-04.56.38:021][271]LogModuleManager: Shutting down and abandoning module D3D11RHI (20)
[2020.01.14-04.56.38:021][271]LogModuleManager: Shutting down and abandoning module AnimGraphRuntime (18)
[2020.01.14-04.56.38:021][271]LogModuleManager: Shutting down and abandoning module Renderer (16)
[2020.01.14-04.56.38:021][271]LogModuleManager: Shutting down and abandoning module Engine (14)
[2020.01.14-04.56.38:021][271]LogModuleManager: Shutting down and abandoning module CoreUObject (12)
[2020.01.14-04.56.38:021][271]LogModuleManager: Shutting down and abandoning module NetworkFile (10)
[2020.01.14-04.56.38:021][271]LogModuleManager: Shutting down and abandoning module CookedIterativeFile (8)
[2020.01.14-04.56.38:022][271]LogModuleManager: Shutting down and abandoning module StreamingFile (6)
[2020.01.14-04.56.38:022][271]LogModuleManager: Shutting down and abandoning module SandboxFile (4)
[2020.01.14-04.56.38:022][271]LogModuleManager: Shutting down and abandoning module PakFile (2)
[2020.01.14-04.56.38:032][271]LogExit: Exiting.
[2020.01.14-04.56.38:077][271]Log file closed, 01/14/20 13:56:38
