Log file open, 01/02/20 18:39:16
LogWindows: Failed to load 'aqProf.dll' (GetLastError=126)
LogWindows: File 'aqProf.dll' does not exist
LogWindows: Failed to load 'VtuneApi.dll' (GetLastError=126)
LogWindows: File 'VtuneApi.dll' does not exist
LogWindows: Failed to load 'VtuneApi32e.dll' (GetLastError=126)
LogWindows: File 'VtuneApi32e.dll' does not exist
LogInit: Display: Running engine for game: Rolling
LogPlatformFile: Not using cached read wrapper
LogInit: Display: RandInit(82131763) SRandInit(82131763).
LogInit: Read version file with build ID '3944462'
LogInit: Overriding engine version to CL 4033788, compatible CL 3944462
LogInit: Registered custom module enumerator with build ID '3944462'
LogTaskGraph: Started task graph with 5 named threads and 23 total threads with 3 sets of task threads.
LogStats: Stats thread started at 0.337999
LogD3D11RHI: Aftermath initialized
LogICUInternationalization: Display: ICU TimeZone Detection - Raw Offset: +9:00, Platform Override: ''
LogModuleManager: Display: Found up-to-date module file ../../../Engine/Plugins/2D/Paper2D/Binaries/Win64/UE4Editor-Paper2D.dll (API version 3944462).
LogModuleManager: Display: Found up-to-date module file ../../../Engine/Plugins/2D/Paper2D/Binaries/Win64/UE4Editor-Paper2DEditor.dll (API version 3944462).
LogModuleManager: Display: Found up-to-date module file ../../../Engine/Plugins/2D/Paper2D/Binaries/Win64/UE4Editor-PaperSpriteSheetImporter.dll (API version 3944462).
LogModuleManager: Display: Found up-to-date module file ../../../Engine/Plugins/2D/Paper2D/Binaries/Win64/UE4Editor-PaperTiledImporter.dll (API version 3944462).
LogModuleManager: Display: Found up-to-date module file ../../../Engine/Plugins/2D/Paper2D/Binaries/Win64/UE4Editor-SmartSnapping.dll (API version 3944462).
LogModuleManager: Display: Found up-to-date module file ../../../Engine/Plugins/Blendables/LightPropagationVolume/Binaries/Win64/UE4Editor-LightPropagationVolumeRuntime.dll (API version 3944462).
LogModuleManager: Display: Found up-to-date module file ../../../Engine/Plugins/Blendables/LightPropagationVolume/Binaries/Win64/UE4Editor-LightPropagationVolumeEditor.dll (API version 3944462).
LogModuleManager: Display: Found up-to-date module file ../../../Engine/Plugins/Developer/CLionSourceCodeAccess/Binaries/Win64/UE4Editor-CLionSourceCodeAccess.dll (API version 3944462).
LogModuleManager: Display: Found up-to-date module file ../../../Engine/Plugins/Developer/GitSourceControl/Binaries/Win64/UE4Editor-GitSourceControl.dll (API version 3944462).
LogModuleManager: Display: Found up-to-date module file ../../../Engine/Plugins/Developer/PerforceSourceControl/Binaries/Win64/UE4Editor-PerforceSourceControl.dll (API version 3944462).
LogModuleManager: Display: Found up-to-date module file ../../../Engine/Plugins/Developer/SubversionSourceControl/Binaries/Win64/UE4Editor-SubversionSourceControl.dll (API version 3944462).
LogModuleManager: Display: Found up-to-date module file ../../../Engine/Plugins/Developer/UObjectPlugin/Binaries/Win64/UE4Editor-UObjectPlugin.dll (API version 3944462).
LogModuleManager: Display: Found up-to-date module file ../../../Engine/Plugins/Developer/VisualStudioCodeSourceCodeAccess/Binaries/Win64/UE4Editor-VisualStudioCodeSourceCodeAccess.dll (API version 3944462).
LogModuleManager: Display: Found up-to-date module file ../../../Engine/Plugins/Developer/VisualStudioSourceCodeAccess/Binaries/Win64/UE4Editor-VisualStudioSourceCodeAccess.dll (API version 3944462).
LogModuleManager: Display: Found up-to-date module file ../../../Engine/Plugins/Editor/AssetManagerEditor/Binaries/Win64/UE4Editor-AssetManagerEditor.dll (API version 3944462).
LogModuleManager: Display: Found up-to-date module file ../../../Engine/Plugins/Editor/CryptoKeys/Binaries/Win64/UE4Editor-CryptoKeys.dll (API version 3944462).
LogModuleManager: Display: Found up-to-date module file ../../../Engine/Plugins/Editor/CryptoKeys/Binaries/Win64/UE4Editor-CryptoKeysOpenSSL.dll (API version 3944462).
LogModuleManager: Display: Found up-to-date module file ../../../Engine/Plugins/Editor/DataValidation/Binaries/Win64/UE4Editor-DataValidation.dll (API version 3944462).
LogModuleManager: Display: Found up-to-date module file ../../../Engine/Plugins/Editor/FacialAnimation/Binaries/Win64/UE4Editor-FacialAnimation.dll (API version 3944462).
LogModuleManager: Display: Found up-to-date module file ../../../Engine/Plugins/Editor/FacialAnimation/Binaries/Win64/UE4Editor-FacialAnimationEditor.dll (API version 3944462).
LogModuleManager: Display: Found up-to-date module file ../../../Engine/Plugins/Editor/GameplayTagsEditor/Binaries/Win64/UE4Editor-GameplayTagsEditor.dll (API version 3944462).
LogModuleManager: Display: Found up-to-date module file ../../../Engine/Plugins/Editor/MobileLauncherProfileWizard/Binaries/Win64/UE4Editor-MobileLauncherProfileWizard.dll (API version 3944462).
LogModuleManager: Display: Found up-to-date module file ../../../Engine/Plugins/Editor/PluginBrowser/Binaries/Win64/UE4Editor-PluginBrowser.dll (API version 3944462).
LogModuleManager: Display: Found up-to-date module file ../../../Engine/Plugins/Editor/SpeedTreeImporter/Binaries/Win64/UE4Editor-SpeedTreeImporter.dll (API version 3944462).
LogModuleManager: Display: Found up-to-date module file ../../../Engine/Plugins/Enterprise/DatasmithContent/Binaries/Win64/UE4Editor-DatasmithContent.dll (API version 3944462).
LogModuleManager: Display: Found up-to-date module file ../../../Engine/Plugins/Experimental/AlembicImporter/Binaries/Win64/UE4Editor-AlembicImporter.dll (API version 3944462).
LogModuleManager: Display: Found up-to-date module file ../../../Engine/Plugins/Experimental/AlembicImporter/Binaries/Win64/UE4Editor-AlembicLibrary.dll (API version 3944462).
LogModuleManager: Display: Found up-to-date module file ../../../Engine/Plugins/Experimental/CharacterAI/Binaries/Win64/UE4Editor-CharacterAI.dll (API version 3944462).
LogModuleManager: Display: Found up-to-date module file ../../../Engine/Plugins/Experimental/HTML5Networking/Binaries/Win64/UE4Editor-HTML5Networking.dll (API version 3944462).
LogModuleManager: Display: Found up-to-date module file ../../../Engine/Plugins/Media/AndroidMedia/Binaries/Win64/UE4Editor-AndroidMediaEditor.dll (API version 3944462).
LogModuleManager: Display: Found up-to-date module file ../../../Engine/Plugins/Media/AndroidMedia/Binaries/Win64/UE4Editor-AndroidMediaFactory.dll (API version 3944462).
LogModuleManager: Display: Found up-to-date module file ../../../Engine/Plugins/Media/AvfMedia/Binaries/Win64/UE4Editor-AvfMediaEditor.dll (API version 3944462).
LogModuleManager: Display: Found up-to-date module file ../../../Engine/Plugins/Media/AvfMedia/Binaries/Win64/UE4Editor-AvfMediaFactory.dll (API version 3944462).
LogModuleManager: Display: Found up-to-date module file ../../../Engine/Plugins/Media/AvfMedia/Binaries/Win64/UE4Editor-AvfMediaFactory.dll (API version 3944462).
LogModuleManager: Display: Found up-to-date module file ../../../Engine/Plugins/Media/ImgMedia/Binaries/Win64/UE4Editor-ImgMedia.dll (API version 3944462).
LogModuleManager: Display: Found up-to-date module file ../../../Engine/Plugins/Media/ImgMedia/Binaries/Win64/UE4Editor-ImgMediaEditor.dll (API version 3944462).
LogModuleManager: Display: Found up-to-date module file ../../../Engine/Plugins/Media/ImgMedia/Binaries/Win64/UE4Editor-ImgMediaFactory.dll (API version 3944462).
LogModuleManager: Display: Found up-to-date module file ../../../Engine/Plugins/Media/ImgMedia/Binaries/Win64/UE4Editor-ImgMediaFactory.dll (API version 3944462).
LogModuleManager: Display: Found up-to-date module file ../../../Engine/Plugins/Media/ImgMedia/Binaries/Win64/UE4Editor-OpenExrWrapper.dll (API version 3944462).
LogModuleManager: Display: Found up-to-date module file ../../../Engine/Plugins/Media/LinearTimecode/Binaries/Win64/UE4Editor-LinearTimecode.dll (API version 3944462).
LogModuleManager: Display: Found up-to-date module file ../../../Engine/Plugins/Media/MediaCompositing/Binaries/Win64/UE4Editor-MediaCompositing.dll (API version 3944462).
LogModuleManager: Display: Found up-to-date module file ../../../Engine/Plugins/Media/MediaCompositing/Binaries/Win64/UE4Editor-MediaCompositingEditor.dll (API version 3944462).
LogModuleManager: Display: Found up-to-date module file ../../../Engine/Plugins/Media/MediaPlayerEditor/Binaries/Win64/UE4Editor-MediaPlayerEditor.dll (API version 3944462).
LogModuleManager: Display: Found up-to-date module file ../../../Engine/Plugins/Media/WmfMedia/Binaries/Win64/UE4Editor-WmfMedia.dll (API version 3944462).
LogModuleManager: Display: Found up-to-date module file ../../../Engine/Plugins/Media/WmfMedia/Binaries/Win64/UE4Editor-WmfMediaEditor.dll (API version 3944462).
LogModuleManager: Display: Found up-to-date module file ../../../Engine/Plugins/Media/WmfMedia/Binaries/Win64/UE4Editor-WmfMediaFactory.dll (API version 3944462).
LogModuleManager: Display: Found up-to-date module file ../../../Engine/Plugins/Media/WmfMedia/Binaries/Win64/UE4Editor-WmfMediaFactory.dll (API version 3944462).
LogModuleManager: Display: Found up-to-date module file ../../../Engine/Plugins/Messaging/TcpMessaging/Binaries/Win64/UE4Editor-TcpMessaging.dll (API version 3944462).
LogModuleManager: Display: Found up-to-date module file ../../../Engine/Plugins/Messaging/UdpMessaging/Binaries/Win64/UE4Editor-UdpMessaging.dll (API version 3944462).
LogModuleManager: Display: Found up-to-date module file ../../../Engine/Plugins/MovieScene/ActorSequence/Binaries/Win64/UE4Editor-ActorSequence.dll (API version 3944462).
LogModuleManager: Display: Found up-to-date module file ../../../Engine/Plugins/MovieScene/LevelSequenceEditor/Binaries/Win64/UE4Editor-LevelSequenceEditor.dll (API version 3944462).
LogModuleManager: Display: Found up-to-date module file ../../../Engine/Plugins/MovieScene/MatineeToLevelSequence/Binaries/Win64/UE4Editor-MatineeToLevelSequence.dll (API version 3944462).
LogModuleManager: Display: Found up-to-date module file ../../../Engine/Plugins/NetcodeUnitTest/NetcodeUnitTest/Binaries/Win64/UE4Editor-NetcodeUnitTest.dll (API version 3944462).
LogModuleManager: Display: Found up-to-date module file ../../../Engine/Plugins/NetcodeUnitTest/NUTUnrealEngine4/Binaries/Win64/UE4Editor-NUTUnrealEngine4.dll (API version 3944462).
LogModuleManager: Display: Found up-to-date module file ../../../Engine/Plugins/Online/OnlineSubsystem/Binaries/Win64/UE4Editor-OnlineSubsystem.dll (API version 3944462).
LogModuleManager: Display: Found up-to-date module file ../../../Engine/Plugins/Runtime/AndroidPermission/Binaries/Win64/UE4Editor-AndroidPermission.dll (API version 3944462).
LogModuleManager: Display: Found up-to-date module file ../../../Engine/Plugins/Online/OnlineSubsystemNull/Binaries/Win64/UE4Editor-OnlineSubsystemNull.dll (API version 3944462).
LogModuleManager: Display: Found up-to-date module file ../../../Engine/Plugins/Online/OnlineSubsystemUtils/Binaries/Win64/UE4Editor-OnlineSubsystemUtils.dll (API version 3944462).
LogModuleManager: Display: Found up-to-date module file ../../../Engine/Plugins/Online/OnlineSubsystemUtils/Binaries/Win64/UE4Editor-OnlineBlueprintSupport.dll (API version 3944462).
LogModuleManager: Display: Found up-to-date module file ../../../Engine/Plugins/Runtime/AndroidDeviceProfileSelector/Binaries/Win64/UE4Editor-AndroidDeviceProfileSelector.dll (API version 3944462).
LogModuleManager: Display: Found up-to-date module file ../../../Engine/Plugins/Runtime/AppleARKit/Binaries/Win64/UE4Editor-AppleARKit.dll (API version 3944462).
LogModuleManager: Display: Found up-to-date module file ../../../Engine/Plugins/Runtime/ProceduralMeshComponent/Binaries/Win64/UE4Editor-ProceduralMeshComponent.dll (API version 3944462).
LogModuleManager: Display: Found up-to-date module file ../../../Engine/Plugins/Runtime/ProceduralMeshComponent/Binaries/Win64/UE4Editor-ProceduralMeshComponentEditor.dll (API version 3944462).
LogModuleManager: Display: Found up-to-date module file ../../../Engine/Plugins/Animation/LiveLink/Binaries/Win64/UE4Editor-LiveLink.dll (API version 3944462).
LogModuleManager: Display: Found up-to-date module file ../../../Engine/Plugins/Animation/LiveLink/Binaries/Win64/UE4Editor-LiveLinkEditor.dll (API version 3944462).
LogModuleManager: Display: Found up-to-date module file ../../../Engine/Plugins/Runtime/ArchVisCharacter/Binaries/Win64/UE4Editor-ArchVisCharacter.dll (API version 3944462).
LogModuleManager: Display: Found up-to-date module file ../../../Engine/Plugins/Runtime/AudioCapture/Binaries/Win64/UE4Editor-AudioCapture.dll (API version 3944462).
LogModuleManager: Display: Found up-to-date module file ../../../Engine/Plugins/Runtime/AudioCapture/Binaries/Win64/UE4Editor-AudioCaptureEditor.dll (API version 3944462).
LogModuleManager: Display: Found up-to-date module file ../../../Engine/Plugins/Runtime/CableComponent/Binaries/Win64/UE4Editor-CableComponent.dll (API version 3944462).
LogModuleManager: Display: Found up-to-date module file ../../../Engine/Plugins/Runtime/CustomMeshComponent/Binaries/Win64/UE4Editor-CustomMeshComponent.dll (API version 3944462).
LogModuleManager: Display: Found up-to-date module file ../../../Engine/Plugins/Runtime/ExampleDeviceProfileSelector/Binaries/Win64/UE4Editor-ExampleDeviceProfileSelector.dll (API version 3944462).
LogModuleManager: Display: Found up-to-date module file ../../../Engine/Plugins/Runtime/ImmediatePhysics/Binaries/Win64/UE4Editor-ImmediatePhysics.dll (API version 3944462).
LogModuleManager: Display: Found up-to-date module file ../../../Engine/Plugins/Runtime/ImmediatePhysics/Binaries/Win64/UE4Editor-ImmediatePhysicsEditor.dll (API version 3944462).
LogModuleManager: Display: Found up-to-date module file ../../../Engine/Plugins/Runtime/LocationServicesBPLibrary/Binaries/Win64/UE4Editor-LocationServicesBPLibrary.dll (API version 3944462).
LogModuleManager: Display: Found up-to-date module file ../../../Engine/Plugins/Runtime/MobilePatchingUtils/Binaries/Win64/UE4Editor-MobilePatchingUtils.dll (API version 3944462).
LogModuleManager: Display: Found up-to-date module file ../../../Engine/Plugins/Runtime/Oculus/OculusVR/Binaries/Win64/UE4Editor-OculusHMD.dll (API version 3944462).
LogModuleManager: Display: Found up-to-date module file ../../../Engine/Plugins/Runtime/Oculus/OculusVR/Binaries/Win64/UE4Editor-OculusInput.dll (API version 3944462).
LogModuleManager: Display: Found up-to-date module file ../../../Engine/Plugins/Runtime/Oculus/OculusVR/Binaries/Win64/UE4Editor-OculusEditor.dll (API version 3944462).
LogModuleManager: Display: Found up-to-date module file ../../../Engine/Plugins/Runtime/PhysXVehicles/Binaries/Win64/UE4Editor-PhysXVehicles.dll (API version 3944462).
LogModuleManager: Display: Found up-to-date module file ../../../Engine/Plugins/Runtime/PhysXVehicles/Binaries/Win64/UE4Editor-PhysXVehiclesEditor.dll (API version 3944462).
LogModuleManager: Display: Found up-to-date module file ../../../Engine/Plugins/Runtime/RuntimePhysXCooking/Binaries/Win64/UE4Editor-RuntimePhysXCooking.dll (API version 3944462).
LogModuleManager: Display: Found up-to-date module file ../../../Engine/Plugins/Runtime/Steam/SteamVR/Binaries/Win64/UE4Editor-SteamVR.dll (API version 3944462).
LogModuleManager: Display: Found up-to-date module file ../../../Engine/Plugins/Runtime/Steam/SteamVR/Binaries/Win64/UE4Editor-SteamVRController.dll (API version 3944462).
LogModuleManager: Display: Found up-to-date module file ../../../Engine/Plugins/Runtime/WindowsMoviePlayer/Binaries/Win64/UE4Editor-WindowsMoviePlayer.dll (API version 3944462).
LogPluginManager: Mounting plugin Paper2D
LogPluginManager: Mounting plugin LiveLink
LogPluginManager: Mounting plugin LightPropagationVolume
LogPluginManager: Mounting plugin CLionSourceCodeAccess
LogPluginManager: Mounting plugin CodeLiteSourceCodeAccess
LogPluginManager: Mounting plugin GitSourceControl
LogPluginManager: Mounting plugin KDevelopSourceCodeAccess
LogPluginManager: Mounting plugin NullSourceCodeAccess
LogPluginManager: Mounting plugin PerforceSourceControl
LogPluginManager: Mounting plugin SubversionSourceControl
LogPluginManager: Mounting plugin UObjectPlugin
LogPluginManager: Mounting plugin VisualStudioCodeSourceCodeAccess
LogPluginManager: Mounting plugin VisualStudioSourceCodeAccess
LogPluginManager: Mounting plugin XCodeSourceCodeAccess
LogPluginManager: Mounting plugin AssetManagerEditor
LogPluginManager: Mounting plugin CryptoKeys
LogPluginManager: Mounting plugin DataValidation
LogPluginManager: Mounting plugin FacialAnimation
LogPluginManager: Mounting plugin GameplayTagsEditor
LogPluginManager: Mounting plugin MobileLauncherProfileWizard
LogPluginManager: Mounting plugin PluginBrowser
LogPluginManager: Mounting plugin SpeedTreeImporter
LogPluginManager: Mounting plugin DatasmithContent
LogPluginManager: Mounting plugin AlembicImporter
LogPluginManager: Mounting plugin CharacterAI
LogPluginManager: Mounting plugin HTML5Networking
LogPluginManager: Mounting plugin AndroidMedia
LogPluginManager: Mounting plugin AvfMedia
LogPluginManager: Mounting plugin ImgMedia
LogPluginManager: Mounting plugin LinearTimecode
LogPluginManager: Mounting plugin MediaCompositing
LogPluginManager: Mounting plugin MediaPlayerEditor
LogPluginManager: Mounting plugin WmfMedia
LogPluginManager: Mounting plugin TcpMessaging
LogPluginManager: Mounting plugin UdpMessaging
LogPluginManager: Mounting plugin ActorSequence
LogPluginManager: Mounting plugin LevelSequenceEditor
LogPluginManager: Mounting plugin MatineeToLevelSequence
LogPluginManager: Mounting plugin NetcodeUnitTest
LogPluginManager: Mounting plugin NUTUnrealEngine4
LogPluginManager: Mounting plugin OnlineSubsystemGooglePlay
LogPluginManager: Mounting plugin OnlineSubsystemIOS
LogPluginManager: Mounting plugin OnlineSubsystem
LogPluginManager: Mounting plugin OnlineSubsystemNull
LogPluginManager: Mounting plugin OnlineSubsystemUtils
LogPluginManager: Mounting plugin AndroidDeviceProfileSelector
LogPluginManager: Mounting plugin AndroidMoviePlayer
LogPluginManager: Mounting plugin AndroidPermission
LogPluginManager: Mounting plugin AppleARKit
LogPluginManager: Mounting plugin AppleMoviePlayer
LogPluginManager: Mounting plugin ArchVisCharacter
LogPluginManager: Mounting plugin AudioCapture
LogPluginManager: Mounting plugin CableComponent
LogPluginManager: Mounting plugin CustomMeshComponent
LogPluginManager: Mounting plugin ExampleDeviceProfileSelector
LogPluginManager: Mounting plugin GoogleCloudMessaging
LogPluginManager: Mounting plugin ImmediatePhysics
LogPluginManager: Mounting plugin IOSDeviceProfileSelector
LogPluginManager: Mounting plugin LinuxDeviceProfileSelector
LogPluginManager: Mounting plugin LocationServicesBPLibrary
LogPluginManager: Mounting plugin MobilePatchingUtils
LogPluginManager: Mounting plugin OculusVR
LogPluginManager: Plugin shader directory ../../../Engine/Plugins/Runtime/Oculus/OculusVR/Shaders found
LogPluginManager: Mapping shader source directory ../../../Engine/Plugins/Runtime/Oculus/OculusVR/Shaders to virtual directory /Plugin/OculusVR
LogPluginManager: Mounting plugin PhysXVehicles
LogPluginManager: Mounting plugin ProceduralMeshComponent
LogPluginManager: Mounting plugin RuntimePhysXCooking
LogPluginManager: Mounting plugin SteamVR
LogPluginManager: Mounting plugin WindowsMoviePlayer
LogStreaming: Display: Took  2.341s to configure plugins.
LogInit: Using libcurl 7.47.1
LogInit:  - built for x86_64-pc-win32
LogInit:  - supports SSL with OpenSSL/1.0.2g
LogInit:  - supports HTTP deflate (compression) using libz 1.2.8
LogInit:  - other features:
LogInit:      CURL_VERSION_SSL
LogInit:      CURL_VERSION_LIBZ
LogInit:      CURL_VERSION_IPV6
LogInit:      CURL_VERSION_ASYNCHDNS
LogInit:      CURL_VERSION_LARGEFILE
LogInit:      CURL_VERSION_IDN
LogInit:  CurlRequestOptions (configurable via config and command line):
LogInit:  - bVerifyPeer = false  - Libcurl will NOT verify peer certificate
LogInit:  - bUseHttpProxy = false  - Libcurl will NOT use HTTP proxy
LogInit:  - bDontReuseConnections = false  - Libcurl will reuse connections
LogInit:  - CertBundlePath = nullptr  - Libcurl will use whatever was configured at build time.
LogInit:  - MaxHostConnections = 16  - Libcurl will limit the number of connections to a host
LogInit:  - LocalHostAddr = Default
LogInit: WinSock: version 1.1 (2.2), MaxSocks=32767, MaxUdp=65467
LogInit: WinSock: I am DESKTOP-7NJS75Q (192.168.137.1:0)
LogInit: Build: ++UE4+Release-4.19-CL-4033788
LogInit: Engine Version: 4.19.2-4033788+++UE4+Release-4.19
LogInit: Compatible Engine Version: 4.19.0-3944462+++UE4+Release-4.19
LogInit: Net CL: 3944462
LogDevObjectVersion: Number of dev versions registered: 18
LogDevObjectVersion:   Dev-Blueprints (B0D832E4-1F89-4F0D-ACCF-7EB736FD4AA2): 10
LogDevObjectVersion:   Dev-Build (E1C64328-A22C-4D53-A36C-8E866417BD8C): 0
LogDevObjectVersion:   Dev-Core (375EC13C-06E4-48FB-B500-84F0262A717E): 2
LogDevObjectVersion:   Dev-Editor (E4B068ED-F494-42E9-A231-DA0B2E46BB41): 23
LogDevObjectVersion:   Dev-Framework (CFFC743F-43B0-4480-9391-14DF171D2073): 33
LogDevObjectVersion:   Dev-Mobile (B02B49B5-BB20-44E9-A304-32B752E40360): 2
LogDevObjectVersion:   Dev-Networking (A4E4105C-59A1-49B5-A7C5-40C4547EDFEE): 0
LogDevObjectVersion:   Dev-Online (39C831C9-5AE6-47DC-9A44-9C173E1C8E7C): 0
LogDevObjectVersion:   Dev-Physics (78F01B33-EBEA-4F98-B9B4-84EACCB95AA2): 0
LogDevObjectVersion:   Dev-Platform (6631380F-2D4D-43E0-8009-CF276956A95A): 0
LogDevObjectVersion:   Dev-Rendering (12F88B9F-8875-4AFC-A67C-D90C383ABD29): 25
LogDevObjectVersion:   Dev-Sequencer (7B5AE74C-D270-4C10-A958-57980B212A5A): 6
LogDevObjectVersion:   Dev-VR (D7296918-1DD6-4BDD-9DE2-64A83CC13884): 1
LogDevObjectVersion:   Dev-LoadTimes (C2A15278-BFE7-4AFE-6C17-90FF531DF755): 1
LogDevObjectVersion:   Private-Geometry (6EACA3D4-40EC-4CC1-B786-8BED09428FC5): 2
LogDevObjectVersion:   Dev-AnimPhys (29E575DD-E0A3-4627-9D10-D276232CDCEA): 16
LogDevObjectVersion:   Dev-ReflectionCapture (6B266CEC-1EC7-4B8F-A30B-E4D90942FC07): 1
LogDevObjectVersion:   Dev-Automation (0DF73D61-A23F-47EA-B727-89E90C41499A): 1
LogInit: Compiled (64-bit): Apr 27 2018 02:06:57
LogInit: Compiled with Visual C++: 19.00.24215.01
LogInit: Build Configuration: Development
LogInit: Branch Name: ++UE4+Release-4.19
LogInit: Command Line:  
LogInit: Base Directory: C:/Program Files/Epic Games/UE_4.19/Engine/Binaries/Win64/
LogInit: Installed Engine Build: 1
LogStreaming: Display: Took  0.003s to delete old logs.
LogInit: Presizing for max 8388607 objects, including 0 objects not considered by GC, pre-allocating 0 bytes for permanent pool.
LogInit: Object subsystem initialized
[2020.01.02-09.39.18:955][  0]LogInit: Selected Device Profile: [Windows]
[2020.01.02-09.39.18:955][  0]LogInit: Applying CVar settings loaded from the selected device profile: [Windows]
[2020.01.02-09.39.18:976][  0]LogInit: Computer: DESKTOP-7NJS75Q
[2020.01.02-09.39.18:976][  0]LogInit: User: Hol
[2020.01.02-09.39.18:976][  0]LogInit: CPU Page size=4096, Cores=4
[2020.01.02-09.39.18:976][  0]LogInit: High frequency timer resolution =10.000000 MHz
[2020.01.02-09.39.18:976][  0]LogMemory: Memory total: Physical=15.9GB (16GB approx)
[2020.01.02-09.39.18:976][  0]LogMemory: Platform Memory Stats for Windows
[2020.01.02-09.39.18:976][  0]LogMemory: Process Physical Memory: 276.02 MB used, 276.02 MB peak
[2020.01.02-09.39.18:976][  0]LogMemory: Process Virtual Memory: 264.79 MB used, 264.79 MB peak
[2020.01.02-09.39.18:976][  0]LogMemory: Physical Memory: 8048.29 MB used,  8219.38 MB free, 16267.67 MB total
[2020.01.02-09.39.18:976][  0]LogMemory: Virtual Memory: 4778.86 MB used,  8219.38 MB free, 134217728.00 MB total
[2020.01.02-09.39.19:028][  0]LogInit: Overriding language with editor language configuration option (ko).
[2020.01.02-09.39.19:028][  0]LogInit: Overriding locale with editor locale configuration option (ko).
[2020.01.02-09.39.19:711][  0]LogStreaming: Display: Took  0.683s to EndInitTextLocalization.
[2020.01.02-09.39.19:865][  0]LogSlate: New Slate User Created.  User Index 0, Is Virtual User: 0
[2020.01.02-09.39.19:865][  0]LogSlate: Slate User Registered.  User Index 0, Is Virtual User: 0
[2020.01.02-09.39.20:327][  0]LogD3D11RHI: D3D11 adapters:
[2020.01.02-09.39.20:436][  0]LogD3D11RHI:    0. 'NVIDIA GeForce GTX 970M' (Feature Level 11_0)
[2020.01.02-09.39.20:436][  0]LogD3D11RHI:       3032/0/8133 MB DedicatedVideo/DedicatedSystem/SharedSystem, Outputs:2, VendorId:0x10de
[2020.01.02-09.39.20:474][  0]LogD3D11RHI:    1. 'Intel(R) HD Graphics 530' (Feature Level 11_0)
[2020.01.02-09.39.20:474][  0]LogD3D11RHI:       128/0/8133 MB DedicatedVideo/DedicatedSystem/SharedSystem, Outputs:0, VendorId:0x8086
[2020.01.02-09.39.20:480][  0]LogD3D11RHI:    2. 'Microsoft Basic Render Driver' (Feature Level 11_0)
[2020.01.02-09.39.20:480][  0]LogD3D11RHI:       0/0/8133 MB DedicatedVideo/DedicatedSystem/SharedSystem, Outputs:0, VendorId:0x1414
[2020.01.02-09.39.20:480][  0]LogD3D11RHI: Chosen D3D11 Adapter: 0
[2020.01.02-09.39.20:528][  0]LogD3D11RHI: Creating new Direct3DDevice
[2020.01.02-09.39.20:528][  0]LogD3D11RHI:     GPU DeviceId: 0x13d8 (for the marketing name, search the web for "GPU Device Id")
[2020.01.02-09.39.20:528][  0]LogWindows: EnumDisplayDevices:
[2020.01.02-09.39.20:528][  0]LogWindows:    0. 'Intel(R) HD Graphics 530' (P:0 D:1)
[2020.01.02-09.39.20:529][  0]LogWindows:    1. 'Intel(R) HD Graphics 530' (P:1 D:1)
[2020.01.02-09.39.20:530][  0]LogWindows:    2. 'Intel(R) HD Graphics 530' (P:0 D:0)
[2020.01.02-09.39.20:531][  0]LogWindows: DebugString: GetVideoDriverDetailsInvalid PrimaryIsNotTheChoosenAdapter GetVideoDriverDetailsInvalid PrimaryIsNotTheChoosenAdapter GetVideoDriverDetailsInvalid PrimaryIsNotTheChoosenAdapter FoundDriverCount:0 
[2020.01.02-09.39.20:531][  0]LogD3D11RHI:     Adapter Name: NVIDIA GeForce GTX 970M
[2020.01.02-09.39.20:531][  0]LogD3D11RHI:   Driver Version: Unknown (internal:Unknown, unified:Unknown)
[2020.01.02-09.39.20:531][  0]LogD3D11RHI:      Driver Date: Unknown
[2020.01.02-09.39.20:531][  0]LogRHI: Texture pool is 2122 MB (70% of 3032 MB)
[2020.01.02-09.39.20:606][  0]LogD3D11RHI: [Aftermath] Aftermath enabled and primed
[2020.01.02-09.39.20:606][  0]LogD3D11RHI: [Aftermath] Aftermath enabled and primed
[2020.01.02-09.39.20:606][  0]LogD3D11RHI: Async texture creation enabled
[2020.01.02-09.39.20:622][  0]LogD3D11RHI: GPU Timing Frequency: 1000.000000 (Debug: 2 1)
[2020.01.02-09.39.20:628][  0]LogShaderCompilers: Guid format shader working directory is 0 characters bigger than the processId version (../../../../../../Users/Hol/Desktop/Rolling/Intermediate/Shaders/WorkingDirectory/28232/).
[2020.01.02-09.39.20:629][  0]LogShaderCompilers: Cleaned the shader compiler working directory 'C:/Users/Hol/AppData/Local/Temp/UnrealShaderWorkingDir/5BCD85F849C0A43C742DF680E4678E54/'.
[2020.01.02-09.39.21:007][  0]LogTemp: Display: Loaded TP AllDesktopTargetPlatform
[2020.01.02-09.39.21:028][  0]LogTemp: Display: Loaded TP MacClientTargetPlatform
[2020.01.02-09.39.21:048][  0]LogTemp: Display: Loaded TP MacNoEditorTargetPlatform
[2020.01.02-09.39.21:072][  0]LogTemp: Display: Loaded TP MacServerTargetPlatform
[2020.01.02-09.39.21:094][  0]LogTemp: Display: Loaded TP MacTargetPlatform
[2020.01.02-09.39.21:113][  0]LogTemp: Display: Loaded TP WindowsClientTargetPlatform
[2020.01.02-09.39.21:137][  0]LogTemp: Display: Loaded TP WindowsNoEditorTargetPlatform
[2020.01.02-09.39.21:157][  0]LogTemp: Display: Loaded TP WindowsServerTargetPlatform
[2020.01.02-09.39.21:167][  0]LogTemp: Display: Loaded TP WindowsTargetPlatform
[2020.01.02-09.39.21:185][  0]LogTemp: Display: Loaded TP Android_ASTCTargetPlatform
[2020.01.02-09.39.21:205][  0]LogTemp: Display: Loaded TP Android_ATCTargetPlatform
[2020.01.02-09.39.21:224][  0]LogTemp: Display: Loaded TP Android_DXTTargetPlatform
[2020.01.02-09.39.21:241][  0]LogTemp: Display: Loaded TP Android_ETC1aTargetPlatform
[2020.01.02-09.39.21:259][  0]LogTemp: Display: Loaded TP Android_ETC1TargetPlatform
[2020.01.02-09.39.21:277][  0]LogTemp: Display: Loaded TP Android_ETC2TargetPlatform
[2020.01.02-09.39.21:312][  0]LogTemp: Display: Loaded TP Android_MultiTargetPlatform
[2020.01.02-09.39.21:312][  0]LogTemp: Display: Loaded TP Android_PVRTCTargetPlatform
[2020.01.02-09.39.21:330][  0]LogTemp: Display: Loaded TP AndroidTargetPlatform
[2020.01.02-09.39.21:334][  0]LogTemp: Display: Loaded TP HTML5TargetPlatform
[2020.01.02-09.39.21:384][  0]LogTemp: Display: Loaded TP IOSTargetPlatform
[2020.01.02-09.39.21:399][  0]LogTemp: Display: Loaded TP TVOSTargetPlatform
[2020.01.02-09.39.21:419][  0]LogTemp: Display: Loaded TP LinuxClientTargetPlatform
[2020.01.02-09.39.21:439][  0]LogTemp: Display: Loaded TP LinuxNoEditorTargetPlatform
[2020.01.02-09.39.21:458][  0]LogTemp: Display: Loaded TP LinuxServerTargetPlatform
[2020.01.02-09.39.21:475][  0]LogTemp: Display: Loaded TP LinuxTargetPlatform
[2020.01.02-09.39.21:475][  0]LogTargetPlatformManager: Display: Building Assets For Windows
[2020.01.02-09.39.21:723][  0]LogXGEController: Cannot use XGE Controller as Incredibuild is not installed on this machine.
[2020.01.02-09.39.21:723][  0]LogShaderCompilers: Cannot use XGE Shader Compiler as Incredibuild is not installed on this machine.
[2020.01.02-09.39.21:723][  0]LogShaderCompilers: Display: Using Local Shader Compiler.
[2020.01.02-09.39.23:069][  0]LogDerivedDataCache: Display: Max Cache Size: 512 MB
[2020.01.02-09.39.23:155][  0]LogDerivedDataCache: Loaded boot cache 0.09s 74MB C:/Users/Hol/AppData/Local/UnrealEngine/4.19/DerivedDataCache/Boot.ddc.
[2020.01.02-09.39.23:156][  0]LogDerivedDataCache: Display: Loaded Boot cache: C:/Users/Hol/AppData/Local/UnrealEngine/4.19/DerivedDataCache/Boot.ddc
[2020.01.02-09.39.23:156][  0]LogDerivedDataCache: FDerivedDataBackendGraph:  Pak pak cache file ../../../../../../Users/Hol/Desktop/Rolling/DerivedDataCache/DDC.ddp not found, will not use a pak cache.
[2020.01.02-09.39.23:156][  0]LogDerivedDataCache: Unable to find inner node Pak for hierarchical cache Hierarchy.
[2020.01.02-09.39.23:156][  0]LogDerivedDataCache: FDerivedDataBackendGraph:  CompressedPak pak cache file ../../../../../../Users/Hol/Desktop/Rolling/DerivedDataCache/Compressed.ddp not found, will not use a pak cache.
[2020.01.02-09.39.23:156][  0]LogDerivedDataCache: Unable to find inner node CompressedPak for hierarchical cache Hierarchy.
[2020.01.02-09.39.23:175][  0]LogDerivedDataCache: Display: Pak cache opened for reading ../../../Engine/DerivedDataCache/Compressed.ddp.
[2020.01.02-09.39.23:188][  0]LogDerivedDataCache: Using Local data cache path C:/Users/Hol/AppData/Local/UnrealEngine/Common/DerivedDataCache: Writable
[2020.01.02-09.39.23:188][  0]LogDerivedDataCache: Shared data cache path not found in *engine.ini, will not use an Shared cache.
[2020.01.02-09.39.23:188][  0]LogDerivedDataCache: Unable to find inner node Shared for hierarchical cache Hierarchy.
[2020.01.02-09.39.23:203][  0]LogMaterial: Verifying Global Shaders for PCD3D_SM5
[2020.01.02-09.39.23:204][  0]LogSlate: Using Freetype 2.6.0
[2020.01.02-09.39.23:205][  0]LogSlate: SlateFontCache - WITH_FREETYPE: 1, WITH_HARFBUZZ: 1
[2020.01.02-09.39.23:205][  0]LogSlate: SlateFontCache - WITH_FREETYPE: 1, WITH_HARFBUZZ: 1
[2020.01.02-09.39.23:398][  0]LogAssetRegistry: FAssetRegistry took 0.0281 seconds to start up
[2020.01.02-09.39.23:876][  0]LogInit: Selected Device Profile: [Windows]
[2020.01.02-09.39.24:127][  0]LogSimplygon: Simplygon DLL not present - disabling.
[2020.01.02-09.39.24:133][  0]LogMeshReduction: Using SimplygonSwarm for distributed automatic mesh merging
[2020.01.02-09.39.24:133][  0]LogMeshReduction: Using QuadricMeshReduction for automatic static mesh reduction
[2020.01.02-09.39.24:133][  0]LogMeshReduction: No automatic skeletal mesh reduction module available
[2020.01.02-09.39.24:133][  0]LogMeshReduction: No automatic mesh merging module available
[2020.01.02-09.39.24:133][  0]LogMeshMerging: No automatic mesh merging module available
[2020.01.02-09.39.24:195][  0]LogNetVersion: Rolling , NetCL: 3944462, EngineNetVer: 2, GameNetVer: 0 (Checksum: 365534698)
[2020.01.02-09.39.24:802][  0]LogPackageLocalizationCache: Processed 9 localized package path(s) for 1 prioritized culture(s) in 0.070527 seconds
[2020.01.02-09.39.24:808][  0]LogUObjectArray: 36728 objects as part of root set at end of initial load.
[2020.01.02-09.39.24:808][  0]LogUObjectAllocator: 7314304 out of 0 bytes used by permanent object pool.
[2020.01.02-09.39.24:808][  0]LogUObjectArray: CloseDisregardForGC: 0/0 objects in disregard for GC pool
[2020.01.02-09.39.27:351][  0]LogTcpMessaging: Initializing TcpMessaging bridge
[2020.01.02-09.39.27:399][  0]LogUdpMessaging: Initializing bridge on interface 0.0.0.0:0 to multicast group 230.0.0.1:6666.
[2020.01.02-09.39.27:995][  0]SourceControl: 소스 콘트롤이 꺼졌습니다.
[2020.01.02-09.39.27:995][  0]SourceControl: 소스 콘트롤이 꺼졌습니다.
[2020.01.02-09.39.28:032][  0]SourceControl: 소스 콘트롤이 꺼졌습니다.
[2020.01.02-09.39.28:065][  0]SourceControl: 소스 콘트롤이 꺼졌습니다.
[2020.01.02-09.39.29:012][  0]LogAndroidPermission: UAndroidPermissionCallbackProxy::GetInstance
[2020.01.02-09.39.29:377][  0]LogOcInput: OculusInput pre-init called
[2020.01.02-09.39.29:560][  0]LogEngine: Initializing Engine...
[2020.01.02-09.39.29:562][  0]LogHMD: Failed to initialize OpenVR with code 110
[2020.01.02-09.39.29:567][  0]LogStats: UGameplayTagsManager::ConstructGameplayTagTree: Construct from data asset -  0.000 s
[2020.01.02-09.39.29:567][  0]LogStats: UGameplayTagsManager::ConstructGameplayTagTree: GameplayTagTreeChangedEvent.Broadcast -  0.000 s
[2020.01.02-09.39.29:879][  0]LogAIModule: Creating AISystem for world Untitled
[2020.01.02-09.39.29:922][  0]LogInit: XAudio2 using '스피커(Realtek High Definition Audio)' : 2 channels at 48 kHz using 32 bits per sample (channel mask 0x3)
[2020.01.02-09.39.29:984][  0]LogInit: FAudioDevice initialized.
[2020.01.02-09.39.30:093][  0]LogDerivedDataCache: Saved boot cache 0.11s 74MB C:/Users/Hol/AppData/Local/UnrealEngine/4.19/DerivedDataCache/Boot.ddc.
[2020.01.02-09.39.30:112][  0]LogInit: Texture streaming: Enabled
[2020.01.02-09.39.30:148][  0]LogEngineSessionManager: EngineSessionManager initialized
[2020.01.02-09.39.30:179][  0]LogInit: Transaction tracking system initialized
[2020.01.02-09.39.30:227][  0]BlueprintLog: New page: 에디터 로드
[2020.01.02-09.39.30:390][  0]LocalizationService: 현지화 서비스가 비활성화되었습니다.
[2020.01.02-09.39.30:567][  0]LogConsoleResponse: Display: 
[2020.01.02-09.39.30:797][  0]LogCook: Display: Max memory allowance for cook 16384mb min free memory 0mb
[2020.01.02-09.39.30:797][  0]LogCook: Display: Mobile HDR setting 1
[2020.01.02-09.39.30:797][  0]LogGameplayTags: Display: UGameplayTagsManager::DoneAddingNativeTags. DelegateIsBound: 0
[2020.01.02-09.39.30:797][  0]LogStats: UGameplayTagsManager::ConstructGameplayTagTree: Construct from data asset -  0.000 s
[2020.01.02-09.39.30:798][  0]LogStats: UGameplayTagsManager::ConstructGameplayTagTree: GameplayTagTreeChangedEvent.Broadcast -  0.000 s
[2020.01.02-09.39.31:274][  0]LogFileCache: Scanning file cache for directory 'C:/Users/Hol/Desktop/Rolling/Content/' took 0.01s
[2020.01.02-09.39.31:650][  0]SourceControl: 소스 콘트롤이 꺼졌습니다.
[2020.01.02-09.39.31:650][  0]Cmd: MAP LOAD FILE="../../../../../../Users/Hol/Desktop/Rolling/Content/RollingBP/Maps/RollingBPExampleMap.umap" TEMPLATE=0 SHOWPROGRESS=1 FEATURELEVEL=3
[2020.01.02-09.39.31:650][  0]LogEditorServer: Warning: Can't find file '../../../../../../Users/Hol/Desktop/Rolling/Content/RollingBP/Maps/RollingBPExampleMap.umap'
[2020.01.02-09.39.31:650][  0]Cmd: MAP CHECKDEP NOCLEARLOG
[2020.01.02-09.39.31:763][  0]MapCheck: 맵 체크 완료: 오류 0 회, 경고 0 회, 소요 시간 112.274ms.
[2020.01.02-09.39.31:763][  0]LogFileHelpers: Loading map 'RollingBPExampleMap' took 0.113
[2020.01.02-09.39.32:023][  0]LogCollectionManager: Loaded 0 collections in 0.004620 seconds
[2020.01.02-09.39.32:081][  0]LogFileCache: Scanning file cache for directory 'C:/Users/Hol/Desktop/Rolling/Saved/Collections/' took 0.01s
[2020.01.02-09.39.32:081][  0]LogFileCache: Scanning file cache for directory 'C:/Users/Hol/Desktop/Rolling/Content/Developers/Hol/Collections/' took 0.01s
[2020.01.02-09.39.32:081][  0]LogFileCache: Scanning file cache for directory 'C:/Users/Hol/Desktop/Rolling/Content/Collections/' took 0.01s
[2020.01.02-09.39.32:081][  0]LogCollectionManager: Rebuilt the GUID cache for 0 collections in 0.000000 seconds
[2020.01.02-09.39.32:098][  0]LogContentBrowser: Native class hierarchy populated in 0.0168 seconds. Added 2452 classes and 558 folders.
[2020.01.02-09.39.32:114][  0]LogContentBrowser: Native class hierarchy updated for 'WidgetCarousel' in 0.0003 seconds. Added 0 classes and 0 folders.
[2020.01.02-09.39.32:200][  0]LogContentBrowser: Native class hierarchy updated for 'AddContentDialog' in 0.0003 seconds. Added 0 classes and 0 folders.
[2020.01.02-09.39.32:210][  0]LogContentBrowser: Native class hierarchy updated for 'SceneOutliner' in 0.0004 seconds. Added 1 classes and 2 folders.
[2020.01.02-09.39.32:729][  0]LogSlate: Only BGRA pngs, bmps or icos are supported in by External Image Picker
[2020.01.02-09.39.33:832][  0]LogSlate: Took 0.000645 seconds to synchronously load lazily loaded font '../../../Engine/Content/Slate/Fonts/Roboto-Regular.ttf' (155K)
[2020.01.02-09.39.33:837][  0]LogSlate: Took 0.003759 seconds to synchronously load lazily loaded font '../../../Engine/Content/Editor/Slate/Fonts/NanumGothic.ttf' (4243K)
[2020.01.02-09.39.33:845][  0]LogSlate: Took 0.007127 seconds to synchronously load lazily loaded font '../../../Engine/Content/Editor/Slate/Fonts/NanumGothicBold.ttf' (4188K)
[2020.01.02-09.39.33:846][  0]LogSlate: Took 0.000297 seconds to synchronously load lazily loaded font '../../../Engine/Content/Slate/Fonts/Roboto-Bold.ttf' (160K)
[2020.01.02-09.39.33:854][  0]LogSlate: Took 0.000309 seconds to synchronously load lazily loaded font '../../../Engine/Content/Editor/Slate/Fonts/FontAwesome.ttf' (139K)
[2020.01.02-09.39.34:048][  0]LogTemp: Executing iPhonePackager certificates Engine -bundlename com.YourCompany.Rolling
[2020.01.02-09.39.34:048][  0]LogTemp: CWD: C:\Program Files\Epic Games\UE_4.19\Engine\Binaries\DotNET\IOS
[2020.01.02-09.39.34:048][  0]LogTemp: Initial Dir: C:\Program Files\Epic Games\UE_4.19
[2020.01.02-09.39.34:048][  0]LogTemp: Env CWD: C:\Program Files\Epic Games\UE_4.19\Engine\Binaries\DotNET\IOS
[2020.01.02-09.39.34:048][  0]LogTemp: BranchPath = DESKTOP-7NJS75Q/C/Program Files/Epic Games/UE_4.19/Engine/Binaries --- GameBranchPath = DESKTOP-7NJS75Q/C/Program Files/Epic Games/UE_4.19/Engine/Binaries
[2020.01.02-09.39.34:048][  0]LogTemp: IPP ERROR: Could not find provision directory 'C:\Users\Hol\AppData\Local/Apple Computer/MobileDevice/Provisioning Profiles/'.
[2020.01.02-09.39.34:048][  0]LogRenderer: Reallocating scene render targets to support 1208x636 Format 9 NumSamples 1 (Frame:1).
[2020.01.02-09.39.34:273][  0]LogContentBrowser: Native class hierarchy updated for 'HierarchicalLODOutliner' in 0.0004 seconds. Added 0 classes and 0 folders.
[2020.01.02-09.39.34:274][  0]LogLoad: (Engine Initialization) Total time: 19.90 seconds
[2020.01.02-09.39.34:274][  0]LogLoad: (Engine Initialization) Total Blueprint compile time: 0.00 seconds
[2020.01.02-09.39.34:320][  0]LogContentStreaming: Texture pool size now 800 MB
[2020.01.02-09.39.34:404][  1]LogAssetRegistry: Asset discovery search completed in 11.0288 seconds
[2020.01.02-09.39.34:406][  1]LogCollectionManager: Rebuilt the object cache for 0 collections in 0.000000 seconds (found 0 objects)
[2020.01.02-09.39.34:406][  1]LogCollectionManager: Fixed up redirectors for 0 collections in 0.000057 seconds (updated 0 objects)
[2020.01.02-09.39.37:082][158]LogSlate: FSceneViewport::OnFocusLost() reason 0
[2020.01.02-09.39.37:266][169]LogTemp: Repeating last play command: 선택된 뷰포트
[2020.01.02-09.39.37:293][169]LogPlayLevel: PlayLevel: No blueprints needed recompiling
[2020.01.02-09.39.37:294][169]PIE: New page: PIE 세션: Untitled_0 (2020. 1. 3. 오전 3:39:37)
[2020.01.02-09.39.37:294][169]LogPlayLevel: Creating play world package: /Temp/UEDPIE_0_Untitled_0
[2020.01.02-09.39.37:294][169]LogPlayLevel: PIE: StaticDuplicateObject took: (0.000496s)
[2020.01.02-09.39.37:295][169]LogAIModule: Creating AISystem for world Untitled
[2020.01.02-09.39.37:295][169]LogPlayLevel: PIE: World Init took: (0.000641s)
[2020.01.02-09.39.37:295][169]LogPlayLevel: PIE: Created PIE world by copying editor world from /Temp/Untitled_0.Untitled to /Temp/UEDPIE_0_Untitled_0.Untitled (0.001400s)
[2020.01.02-09.39.37:322][169]LogInit: XAudio2 using '스피커(Realtek High Definition Audio)' : 2 channels at 48 kHz using 32 bits per sample (channel mask 0x3)
[2020.01.02-09.39.37:363][169]LogInit: FAudioDevice initialized.
[2020.01.02-09.39.37:421][169]LogUObjectGlobals: Created PersistentFrame Addr=0x000001efb5705ab8, Size=4, Default__MyHud_C Function /Game/Game/MyHud.MyHud_C:ExecuteUbergraph_MyHud
[2020.01.02-09.39.37:423][169]LogUObjectGlobals: Destroyed PersistentFrame Addr=0x000001efb5705ab8, Size=4
[2020.01.02-09.39.37:423][169]LogUObjectGlobals: Created PersistentFrame Addr=0x000001efb5705ab8, Size=4, Default__MyHud_C Function /Engine/Transient.REINST_MyHud_C_1:ExecuteUbergraph_MyHud
[2020.01.02-09.39.37:424][169]LogUObjectGlobals: Created PersistentFrame Addr=0x000001efb5705bb8, Size=4, Default__MyHud_C Function /Game/Game/MyHud.MyHud_C:ExecuteUbergraph_MyHud
[2020.01.02-09.39.37:438][169]LogUObjectGlobals: Created PersistentFrame Addr=0x000001ef9fe059f0, Size=48, Default__PhysicsBallBP_C Function /Game/RollingBP/Blueprints/PhysicsBallBP.PhysicsBallBP_C:ExecuteUbergraph_PhysicsBallBP
[2020.01.02-09.39.37:441][169]LogUObjectGlobals: Destroyed PersistentFrame Addr=0x000001ef9fe059f0, Size=48
[2020.01.02-09.39.37:441][169]LogUObjectGlobals: Created PersistentFrame Addr=0x000001ef9fe059f0, Size=48, Default__PhysicsBallBP_C Function /Engine/Transient.REINST_PhysicsBallBP_C_3:ExecuteUbergraph_PhysicsBallBP
[2020.01.02-09.39.37:443][169]LogUObjectGlobals: Created PersistentFrame Addr=0x000001ef9fe05180, Size=48, Default__PhysicsBallBP_C Function /Game/RollingBP/Blueprints/PhysicsBallBP.PhysicsBallBP_C:ExecuteUbergraph_PhysicsBallBP
[2020.01.02-09.39.37:474][169]LogLoad: Game class is 'RollingGameMode_C'
[2020.01.02-09.39.37:477][169]LogWorld: Bringing World /Temp/UEDPIE_0_Untitled_0.Untitled up for play (max tick rate 60) at 2020.01.02-18.39.37
[2020.01.02-09.39.37:477][169]LogWorld: Bringing up level for play took: 0.000366
[2020.01.02-09.39.37:490][169]LogContentBrowser: Native class hierarchy updated for 'MovieSceneCapture' in 0.0003 seconds. Added 11 classes and 0 folders.
[2020.01.02-09.39.37:491][169]PIE: /Temp/UEDPIE_0_Untitled_0 에 대한 에디터에서 플레이 시작 시간: 0.716
[2020.01.02-09.39.38:382][220]LogSlate: Took 0.000339 seconds to synchronously load lazily loaded font '../../../Engine/Content/Slate/Fonts/Roboto-Light.ttf' (167K)
[2020.01.02-09.39.41:803][404]LogUObjectGlobals: Created PersistentFrame Addr=0x000001effafbb880, Size=72, Default__GameClear_C Function /Game/Game/UI/GameClear.GameClear_C:ExecuteUbergraph_GameClear
[2020.01.02-09.39.41:808][404]LogUObjectGlobals: Destroyed PersistentFrame Addr=0x000001effafbb880, Size=72
[2020.01.02-09.39.41:808][404]LogUObjectGlobals: Created PersistentFrame Addr=0x000001effafbabb0, Size=72, Default__GameClear_C Function /Engine/Transient.REINST_GameClear_C_0:ExecuteUbergraph_GameClear
[2020.01.02-09.39.41:810][404]LogUObjectGlobals: Created PersistentFrame Addr=0x000001effafb9b70, Size=72, Default__GameClear_C Function /Game/Game/UI/GameClear.GameClear_C:ExecuteUbergraph_GameClear
[2020.01.02-09.39.41:817][404]LogUObjectGlobals: Created PersistentFrame Addr=0x000001effaf5be70, Size=40, Default__GameFail_C Function /Game/Game/UI/GameFail.GameFail_C:ExecuteUbergraph_GameFail
[2020.01.02-09.39.41:820][404]LogUObjectGlobals: Destroyed PersistentFrame Addr=0x000001effaf5be70, Size=40
[2020.01.02-09.39.41:820][404]LogUObjectGlobals: Created PersistentFrame Addr=0x000001effaf5be70, Size=40, Default__GameFail_C Function /Engine/Transient.REINST_GameFail_C_1:ExecuteUbergraph_GameFail
[2020.01.02-09.39.41:822][404]LogUObjectGlobals: Created PersistentFrame Addr=0x000001effaf5bdf8, Size=40, Default__GameFail_C Function /Game/Game/UI/GameFail.GameFail_C:ExecuteUbergraph_GameFail
[2020.01.02-09.39.41:826][404]LogUObjectGlobals: Created PersistentFrame Addr=0x000001effafa5d00, Size=160, Default__1_C Function /Game/Game/Level/1.1_C:ExecuteUbergraph_1
[2020.01.02-09.39.41:830][404]LogUObjectGlobals: Destroyed PersistentFrame Addr=0x000001effafa5d00, Size=160
[2020.01.02-09.39.41:831][404]LogUObjectGlobals: Created PersistentFrame Addr=0x000001efebf97d80, Size=160, Default__1_C Function /Engine/Transient.REINST_1_C_15:ExecuteUbergraph_1
[2020.01.02-09.39.41:836][404]LogUObjectGlobals: Created PersistentFrame Addr=0x000001efebf96160, Size=160, Default__1_C Function /Game/Game/Level/1.1_C:ExecuteUbergraph_1
[2020.01.02-09.39.41:946][404]LogAIModule: Creating AISystem for world 1
[2020.01.02-09.39.41:966][404]LogUObjectGlobals: Destroyed PersistentFrame Addr=0x000001efb5705ab8, Size=4
[2020.01.02-09.39.41:966][404]LogUObjectGlobals: Destroyed PersistentFrame Addr=0x000001ef9fe059f0, Size=48
[2020.01.02-09.39.41:966][404]LogUObjectGlobals: Destroyed PersistentFrame Addr=0x000001effafbabb0, Size=72
[2020.01.02-09.39.41:966][404]LogUObjectGlobals: Destroyed PersistentFrame Addr=0x000001effaf5be70, Size=40
[2020.01.02-09.39.41:966][404]LogUObjectGlobals: Destroyed PersistentFrame Addr=0x000001efebf97d80, Size=160
[2020.01.02-09.39.43:140][404]LogSlate: Window '메시지' being destroyed
[2020.01.02-09.39.43:212][404]Cmd: MAP LOAD FILE="../../../../../../Users/Hol/Desktop/Rolling/Content/Game/Level/1.umap" TEMPLATE=0 SHOWPROGRESS=1 FEATURELEVEL=3
[2020.01.02-09.39.43:222][404]LogSlate: Took 0.000305 seconds to synchronously load lazily loaded font '../../../Engine/Content/Slate/Fonts/Roboto-Light.ttf' (167K)
[2020.01.02-09.39.43:250][404]LightingResults: New page: 라이팅 빌드
[2020.01.02-09.39.43:257][404]LogContentBrowser: Native class hierarchy updated for 'StatsViewer' in 0.0003 seconds. Added 5 classes and 0 folders.
[2020.01.02-09.39.43:258][404]LoadErrors: New page: 맵 로드중: 1.umap
[2020.01.02-09.39.43:258][404]MapCheck: New page: 맵 체크
[2020.01.02-09.39.43:258][404]LightingResults: New page: 라이팅 빌드
[2020.01.02-09.39.43:365][404]LogEditorServer: Finished looking for orphan Actors (0.000 secs)
[2020.01.02-09.39.43:440][404]Cmd: MAP CHECKDEP NOCLEARLOG
[2020.01.02-09.39.43:536][404]MapCheck: 맵 체크 완료: 오류 0 회, 경고 0 회, 소요 시간 96.02ms.
[2020.01.02-09.39.43:536][404]LogFileHelpers: Loading map '1' took 1.569
[2020.01.02-09.39.44:622][463]LogTemp: Repeating last play command: 선택된 뷰포트
[2020.01.02-09.39.44:653][463]LogBlueprintUserMessages: Early PlayInEditor Detection: Level '/Game/Game/Level/1.1:PersistentLevel' has LevelScriptBlueprint '/Game/Game/Level/1.1:PersistentLevel.1' with GeneratedClass '/Game/Game/Level/1.1_C' with ClassGeneratedBy '/Game/Game/Level/1.1:PersistentLevel.1'
[2020.01.02-09.39.44:653][463]LogPlayLevel: PlayLevel: No blueprints needed recompiling
[2020.01.02-09.39.44:653][463]PIE: New page: PIE 세션: 1 (2020. 1. 3. 오전 3:39:44)
[2020.01.02-09.39.44:653][463]LogPlayLevel: Creating play world package: /Game/Game/Level/UEDPIE_0_1
[2020.01.02-09.39.44:657][463]LogPlayLevel: PIE: StaticDuplicateObject took: (0.003625s)
[2020.01.02-09.39.44:658][463]LogAIModule: Creating AISystem for world 1
[2020.01.02-09.39.44:658][463]LogPlayLevel: PIE: World Init took: (0.000675s)
[2020.01.02-09.39.44:658][463]LogPlayLevel: PIE: Created PIE world by copying editor world from /Game/Game/Level/1.1 to /Game/Game/Level/UEDPIE_0_1.1 (0.004475s)
[2020.01.02-09.39.44:682][463]LogInit: XAudio2 using '스피커(Realtek High Definition Audio)' : 2 channels at 48 kHz using 32 bits per sample (channel mask 0x3)
[2020.01.02-09.39.44:726][463]LogInit: FAudioDevice initialized.
[2020.01.02-09.39.44:759][463]LogLoad: Game class is 'RollingGameMode_C'
[2020.01.02-09.39.44:762][463]LogWorld: Bringing World /Game/Game/Level/UEDPIE_0_1.1 up for play (max tick rate 60) at 2020.01.02-18.39.44
[2020.01.02-09.39.44:762][463]LogWorld: Bringing up level for play took: 0.001477
[2020.01.02-09.39.44:764][463]LogBlueprintUserMessages: [1_C_1] 1
[2020.01.02-09.39.44:764][463]PIE: /Game/Game/Level/UEDPIE_0_1 에 대한 에디터에서 플레이 시작 시간: -0.011
[2020.01.02-09.39.44:764][463]LogBlueprintUserMessages: Late PlayInEditor Detection: Level '/Game/Game/Level/1.1:PersistentLevel' has LevelScriptBlueprint '/Game/Game/Level/1.1:PersistentLevel.1' with GeneratedClass '/Game/Game/Level/1.1_C' with ClassGeneratedBy '/Game/Game/Level/1.1:PersistentLevel.1'
[2020.01.02-09.39.50:875][829]LogBlueprintUserMessages: Early EndPlayMap Detection: Level '/Game/Game/Level/1.1:PersistentLevel' has LevelScriptBlueprint '/Game/Game/Level/1.1:PersistentLevel.1' with GeneratedClass '/Game/Game/Level/1.1_C' with ClassGeneratedBy '/Game/Game/Level/1.1:PersistentLevel.1'
[2020.01.02-09.39.50:908][829]LogBlueprintUserMessages: Late EndPlayMap Detection: Level '/Game/Game/Level/1.1:PersistentLevel' has LevelScriptBlueprint '/Game/Game/Level/1.1:PersistentLevel.1' with GeneratedClass '/Game/Game/Level/1.1_C' with ClassGeneratedBy '/Game/Game/Level/1.1:PersistentLevel.1'
[2020.01.02-09.39.51:666][872]LogSlate: FSceneViewport::OnFocusLost() reason 0
[2020.01.02-09.39.51:783][878]LogPlayLevel: Launcher Device ID: Android_ASTC@LGF700S786d4198
[2020.01.02-09.39.51:809][878]LogPlayLevel: PlayLevel: No blueprints needed recompiling
[2020.01.02-09.39.51:809][878]LogCook: Display: Creating asset registry
[2020.01.02-09.39.52:362][878]LogCook: Display: Cooked content cleared for platform AllDesktop
[2020.01.02-09.39.52:366][878]LogCook: Display: Unable to read previous cook inisettings for platform AllDesktop invalidating cook
[2020.01.02-09.39.52:429][878]LogCook: Display: Cooked content cleared for platform MacClient
[2020.01.02-09.39.52:431][878]LogCook: Display: Unable to read previous cook inisettings for platform MacClient invalidating cook
[2020.01.02-09.39.52:499][878]LogCook: Display: Cooked content cleared for platform MacNoEditor
[2020.01.02-09.39.52:502][878]LogCook: Display: Unable to read previous cook inisettings for platform MacNoEditor invalidating cook
[2020.01.02-09.39.52:565][878]LogCook: Display: Cooked content cleared for platform MacServer
[2020.01.02-09.39.52:567][878]LogCook: Display: Unable to read previous cook inisettings for platform MacServer invalidating cook
[2020.01.02-09.39.52:629][878]LogCook: Display: Cooked content cleared for platform Mac
[2020.01.02-09.39.52:631][878]LogCook: Display: Unable to read previous cook inisettings for platform Mac invalidating cook
[2020.01.02-09.39.52:694][878]LogCook: Display: Cooked content cleared for platform WindowsClient
[2020.01.02-09.39.52:697][878]LogCook: Display: Unable to read previous cook inisettings for platform WindowsClient invalidating cook
[2020.01.02-09.39.52:762][878]LogCook: Display: Cooked content cleared for platform WindowsNoEditor
[2020.01.02-09.39.52:765][878]LogCook: Display: Unable to read previous cook inisettings for platform WindowsNoEditor invalidating cook
[2020.01.02-09.39.52:828][878]LogCook: Display: Cooked content cleared for platform WindowsServer
[2020.01.02-09.39.52:831][878]LogCook: Display: Unable to read previous cook inisettings for platform WindowsServer invalidating cook
[2020.01.02-09.39.52:894][878]LogCook: Display: Cooked content cleared for platform Windows
[2020.01.02-09.39.52:896][878]LogCook: Display: Unable to read previous cook inisettings for platform Windows invalidating cook
[2020.01.02-09.39.52:959][878]LogCook: Display: Cooked content cleared for platform Android_ASTC
[2020.01.02-09.39.53:397][878]LogCook: Display: Unable to read previous cook inisettings for platform Android_ASTC invalidating cook
[2020.01.02-09.39.53:470][878]LogCook: Display: Cooked content cleared for platform Android_ATC
[2020.01.02-09.39.53:473][878]LogCook: Display: Unable to read previous cook inisettings for platform Android_ATC invalidating cook
[2020.01.02-09.39.53:547][878]LogCook: Display: Cooked content cleared for platform Android_DXT
[2020.01.02-09.39.53:550][878]LogCook: Display: Unable to read previous cook inisettings for platform Android_DXT invalidating cook
[2020.01.02-09.39.53:624][878]LogCook: Display: Cooked content cleared for platform Android_ETC1a
[2020.01.02-09.39.53:627][878]LogCook: Display: Unable to read previous cook inisettings for platform Android_ETC1a invalidating cook
[2020.01.02-09.39.53:713][878]LogCook: Display: Cooked content cleared for platform Android_ETC1
[2020.01.02-09.39.53:747][878]LogCook: Display: Unable to read previous cook inisettings for platform Android_ETC1 invalidating cook
[2020.01.02-09.39.53:827][878]LogCook: Display: Cooked content cleared for platform Android_ETC2
[2020.01.02-09.39.53:830][878]LogCook: Display: Unable to read previous cook inisettings for platform Android_ETC2 invalidating cook
[2020.01.02-09.39.53:899][878]LogCook: Display: Cooked content cleared for platform Android_Multi
[2020.01.02-09.39.53:902][878]LogCook: Display: Unable to read previous cook inisettings for platform Android_Multi invalidating cook
[2020.01.02-09.39.53:972][878]LogCook: Display: Cooked content cleared for platform Android_PVRTC
[2020.01.02-09.39.53:976][878]LogCook: Display: Unable to read previous cook inisettings for platform Android_PVRTC invalidating cook
[2020.01.02-09.39.54:048][878]LogCook: Display: Cooked content cleared for platform Android
[2020.01.02-09.39.54:051][878]LogCook: Display: Unable to read previous cook inisettings for platform Android invalidating cook
[2020.01.02-09.39.54:120][878]LogCook: Display: Cooked content cleared for platform HTML5
[2020.01.02-09.39.54:123][878]LogCook: Display: Unable to read previous cook inisettings for platform HTML5 invalidating cook
[2020.01.02-09.39.54:192][878]LogCook: Display: Cooked content cleared for platform IOS
[2020.01.02-09.39.54:195][878]LogCook: Display: Unable to read previous cook inisettings for platform IOS invalidating cook
[2020.01.02-09.39.54:269][878]LogCook: Display: Cooked content cleared for platform TVOS
[2020.01.02-09.39.54:273][878]LogCook: Display: Unable to read previous cook inisettings for platform TVOS invalidating cook
[2020.01.02-09.39.54:346][878]LogCook: Display: Cooked content cleared for platform LinuxClient
[2020.01.02-09.39.54:350][878]LogCook: Display: Unable to read previous cook inisettings for platform LinuxClient invalidating cook
[2020.01.02-09.39.54:431][878]LogCook: Display: Cooked content cleared for platform LinuxNoEditor
[2020.01.02-09.39.54:434][878]LogCook: Display: Unable to read previous cook inisettings for platform LinuxNoEditor invalidating cook
[2020.01.02-09.39.54:505][878]LogCook: Display: Cooked content cleared for platform LinuxServer
[2020.01.02-09.39.54:508][878]LogCook: Display: Unable to read previous cook inisettings for platform LinuxServer invalidating cook
[2020.01.02-09.39.54:584][878]LogCook: Display: Cooked content cleared for platform Linux
[2020.01.02-09.39.54:587][878]LogCook: Display: Unable to read previous cook inisettings for platform Linux invalidating cook
[2020.01.02-09.39.54:665][878]LogCook: Display: Sandbox cleanup took 2.303 seconds for platforms AllDesktop MacClient MacNoEditor MacServer Mac WindowsClient WindowsNoEditor WindowsServer Windows Android_ASTC Android_ATC Android_DXT Android_ETC1a Android_ETC1 Android_ETC2 Android_Multi Android_PVRTC Android HTML5 IOS TVOS LinuxClient LinuxNoEditor LinuxServer Linux  iterative false
[2020.01.02-09.39.55:862][878]LogMaterial: Verifying Global Shaders for GLSL_ES2
[2020.01.02-09.40.32:477][878]LogShaderCompilers: Display: Shaders left to compile 423
[2020.01.02-09.40.32:478][878]LogShaderCompilers: Display: Shaders left to compile 422
[2020.01.02-09.40.32:478][878]LogShaderCompilers: Display: Shaders left to compile 421
[2020.01.02-09.40.32:478][878]LogShaderCompilers: Display: Shaders left to compile 420
[2020.01.02-09.40.32:478][878]LogShaderCompilers: Display: Shaders left to compile 419
[2020.01.02-09.40.32:478][878]LogShaderCompilers: Display: Shaders left to compile 418
[2020.01.02-09.40.32:478][878]LogShaderCompilers: Display: Shaders left to compile 417
[2020.01.02-09.40.32:478][878]LogShaderCompilers: Display: Shaders left to compile 416
[2020.01.02-09.40.32:478][878]LogShaderCompilers: Display: Shaders left to compile 415
[2020.01.02-09.40.32:478][878]LogShaderCompilers: Display: Shaders left to compile 414
[2020.01.02-09.40.32:478][878]LogShaderCompilers: Display: Shaders left to compile 413
[2020.01.02-09.40.32:478][878]LogShaderCompilers: Display: Shaders left to compile 412
[2020.01.02-09.40.32:478][878]LogShaderCompilers: Display: Shaders left to compile 411
[2020.01.02-09.40.32:478][878]LogShaderCompilers: Display: Shaders left to compile 410
[2020.01.02-09.40.32:478][878]LogShaderCompilers: Display: Shaders left to compile 409
[2020.01.02-09.40.32:478][878]LogShaderCompilers: Display: Shaders left to compile 408
[2020.01.02-09.40.32:478][878]LogShaderCompilers: Display: Shaders left to compile 407
[2020.01.02-09.40.32:478][878]LogShaderCompilers: Display: Shaders left to compile 406
[2020.01.02-09.40.32:478][878]LogShaderCompilers: Display: Shaders left to compile 405
[2020.01.02-09.40.32:478][878]LogShaderCompilers: Display: Shaders left to compile 404
[2020.01.02-09.40.32:478][878]LogShaderCompilers: Display: Shaders left to compile 403
[2020.01.02-09.40.32:478][878]LogShaderCompilers: Display: Shaders left to compile 402
[2020.01.02-09.40.32:478][878]LogShaderCompilers: Display: Shaders left to compile 401
[2020.01.02-09.40.32:478][878]LogShaderCompilers: Display: Shaders left to compile 400
[2020.01.02-09.40.32:478][878]LogShaderCompilers: Display: Shaders left to compile 399
[2020.01.02-09.40.32:478][878]LogShaderCompilers: Display: Shaders left to compile 398
[2020.01.02-09.40.32:478][878]LogShaderCompilers: Display: Shaders left to compile 397
[2020.01.02-09.40.32:478][878]LogShaderCompilers: Display: Shaders left to compile 396
[2020.01.02-09.40.32:478][878]LogShaderCompilers: Display: Shaders left to compile 395
[2020.01.02-09.40.32:478][878]LogShaderCompilers: Display: Shaders left to compile 394
[2020.01.02-09.40.32:478][878]LogShaderCompilers: Display: Shaders left to compile 393
[2020.01.02-09.40.32:478][878]LogShaderCompilers: Display: Shaders left to compile 392
[2020.01.02-09.40.32:478][878]LogShaderCompilers: Display: Shaders left to compile 391
[2020.01.02-09.40.32:478][878]LogShaderCompilers: Display: Shaders left to compile 390
[2020.01.02-09.40.32:478][878]LogShaderCompilers: Display: Shaders left to compile 389
[2020.01.02-09.40.32:478][878]LogShaderCompilers: Display: Shaders left to compile 388
[2020.01.02-09.40.32:478][878]LogShaderCompilers: Display: Shaders left to compile 387
[2020.01.02-09.40.32:478][878]LogShaderCompilers: Display: Shaders left to compile 386
[2020.01.02-09.40.32:478][878]LogShaderCompilers: Display: Shaders left to compile 385
[2020.01.02-09.40.32:478][878]LogShaderCompilers: Display: Shaders left to compile 384
[2020.01.02-09.40.32:478][878]LogShaderCompilers: Display: Shaders left to compile 383
[2020.01.02-09.40.32:478][878]LogShaderCompilers: Display: Shaders left to compile 382
[2020.01.02-09.40.32:478][878]LogShaderCompilers: Display: Shaders left to compile 381
[2020.01.02-09.40.32:478][878]LogShaderCompilers: Display: Shaders left to compile 380
[2020.01.02-09.40.32:478][878]LogShaderCompilers: Display: Shaders left to compile 379
[2020.01.02-09.40.32:478][878]LogShaderCompilers: Display: Shaders left to compile 378
[2020.01.02-09.40.32:478][878]LogShaderCompilers: Display: Shaders left to compile 377
[2020.01.02-09.40.32:478][878]LogShaderCompilers: Display: Shaders left to compile 376
[2020.01.02-09.40.32:478][878]LogShaderCompilers: Display: Shaders left to compile 375
[2020.01.02-09.40.32:478][878]LogShaderCompilers: Display: Shaders left to compile 374
[2020.01.02-09.40.32:478][878]LogShaderCompilers: Display: Shaders left to compile 373
[2020.01.02-09.40.32:478][878]LogShaderCompilers: Display: Shaders left to compile 372
[2020.01.02-09.40.32:478][878]LogShaderCompilers: Display: Shaders left to compile 371
[2020.01.02-09.40.32:478][878]LogShaderCompilers: Display: Shaders left to compile 370
[2020.01.02-09.40.32:478][878]LogShaderCompilers: Display: Shaders left to compile 369
[2020.01.02-09.40.32:478][878]LogShaderCompilers: Display: Shaders left to compile 368
[2020.01.02-09.40.32:478][878]LogShaderCompilers: Display: Shaders left to compile 367
[2020.01.02-09.40.32:479][878]LogShaderCompilers: Display: Shaders left to compile 366
[2020.01.02-09.40.32:479][878]LogShaderCompilers: Display: Shaders left to compile 365
[2020.01.02-09.40.32:479][878]LogShaderCompilers: Display: Shaders left to compile 364
[2020.01.02-09.40.32:479][878]LogShaderCompilers: Display: Shaders left to compile 363
[2020.01.02-09.40.32:479][878]LogShaderCompilers: Display: Shaders left to compile 362
[2020.01.02-09.40.32:479][878]LogShaderCompilers: Display: Shaders left to compile 361
[2020.01.02-09.40.32:479][878]LogShaderCompilers: Display: Shaders left to compile 360
[2020.01.02-09.40.32:479][878]LogShaderCompilers: Display: Shaders left to compile 359
[2020.01.02-09.40.32:479][878]LogShaderCompilers: Display: Shaders left to compile 358
[2020.01.02-09.40.32:479][878]LogShaderCompilers: Display: Shaders left to compile 357
[2020.01.02-09.40.32:479][878]LogShaderCompilers: Display: Shaders left to compile 356
[2020.01.02-09.40.32:479][878]LogShaderCompilers: Display: Shaders left to compile 355
[2020.01.02-09.40.32:479][878]LogShaderCompilers: Display: Shaders left to compile 354
[2020.01.02-09.40.32:479][878]LogShaderCompilers: Display: Shaders left to compile 353
[2020.01.02-09.40.32:479][878]LogShaderCompilers: Display: Shaders left to compile 352
[2020.01.02-09.40.32:479][878]LogShaderCompilers: Display: Shaders left to compile 351
[2020.01.02-09.40.32:479][878]LogShaderCompilers: Display: Shaders left to compile 350
[2020.01.02-09.40.32:479][878]LogShaderCompilers: Display: Shaders left to compile 349
[2020.01.02-09.40.32:479][878]LogShaderCompilers: Display: Shaders left to compile 348
[2020.01.02-09.40.32:479][878]LogShaderCompilers: Display: Shaders left to compile 347
[2020.01.02-09.40.32:479][878]LogShaderCompilers: Display: Shaders left to compile 346
[2020.01.02-09.40.32:479][878]LogShaderCompilers: Display: Shaders left to compile 345
[2020.01.02-09.40.32:479][878]LogShaderCompilers: Display: Shaders left to compile 344
[2020.01.02-09.40.32:479][878]LogShaderCompilers: Display: Shaders left to compile 343
[2020.01.02-09.40.32:479][878]LogShaderCompilers: Display: Shaders left to compile 342
[2020.01.02-09.40.32:479][878]LogShaderCompilers: Display: Shaders left to compile 341
[2020.01.02-09.40.32:479][878]LogShaderCompilers: Display: Shaders left to compile 340
[2020.01.02-09.40.32:479][878]LogShaderCompilers: Display: Shaders left to compile 339
[2020.01.02-09.40.32:479][878]LogShaderCompilers: Display: Shaders left to compile 338
[2020.01.02-09.40.32:479][878]LogShaderCompilers: Display: Shaders left to compile 337
[2020.01.02-09.40.32:479][878]LogShaderCompilers: Display: Shaders left to compile 336
[2020.01.02-09.40.32:479][878]LogShaderCompilers: Display: Shaders left to compile 335
[2020.01.02-09.40.32:479][878]LogShaderCompilers: Display: Shaders left to compile 334
[2020.01.02-09.40.32:479][878]LogShaderCompilers: Display: Shaders left to compile 333
[2020.01.02-09.40.32:479][878]LogShaderCompilers: Display: Shaders left to compile 332
[2020.01.02-09.40.32:479][878]LogShaderCompilers: Display: Shaders left to compile 331
[2020.01.02-09.40.32:479][878]LogShaderCompilers: Display: Shaders left to compile 330
[2020.01.02-09.40.32:479][878]LogShaderCompilers: Display: Shaders left to compile 329
[2020.01.02-09.40.32:479][878]LogShaderCompilers: Display: Shaders left to compile 328
[2020.01.02-09.40.32:479][878]LogShaderCompilers: Display: Shaders left to compile 327
[2020.01.02-09.40.32:479][878]LogShaderCompilers: Display: Shaders left to compile 326
[2020.01.02-09.40.32:479][878]LogShaderCompilers: Display: Shaders left to compile 325
[2020.01.02-09.40.32:479][878]LogShaderCompilers: Display: Shaders left to compile 324
[2020.01.02-09.40.32:479][878]LogShaderCompilers: Display: Shaders left to compile 323
[2020.01.02-09.40.32:479][878]LogShaderCompilers: Display: Shaders left to compile 322
[2020.01.02-09.40.32:479][878]LogShaderCompilers: Display: Shaders left to compile 321
[2020.01.02-09.40.32:479][878]LogShaderCompilers: Display: Shaders left to compile 320
[2020.01.02-09.40.32:479][878]LogShaderCompilers: Display: Shaders left to compile 319
[2020.01.02-09.40.32:479][878]LogShaderCompilers: Display: Shaders left to compile 318
[2020.01.02-09.40.32:479][878]LogShaderCompilers: Display: Shaders left to compile 317
[2020.01.02-09.40.32:479][878]LogShaderCompilers: Display: Shaders left to compile 316
[2020.01.02-09.40.32:479][878]LogShaderCompilers: Display: Shaders left to compile 315
[2020.01.02-09.40.32:479][878]LogShaderCompilers: Display: Shaders left to compile 314
[2020.01.02-09.40.32:479][878]LogShaderCompilers: Display: Shaders left to compile 313
[2020.01.02-09.40.32:479][878]LogShaderCompilers: Display: Shaders left to compile 312
[2020.01.02-09.40.32:480][878]LogShaderCompilers: Display: Shaders left to compile 311
[2020.01.02-09.40.32:480][878]LogShaderCompilers: Display: Shaders left to compile 310
[2020.01.02-09.40.32:480][878]LogShaderCompilers: Display: Shaders left to compile 309
[2020.01.02-09.40.32:480][878]LogShaderCompilers: Display: Shaders left to compile 308
[2020.01.02-09.40.32:480][878]LogShaderCompilers: Display: Shaders left to compile 307
[2020.01.02-09.40.32:480][878]LogShaderCompilers: Display: Shaders left to compile 306
[2020.01.02-09.40.32:480][878]LogShaderCompilers: Display: Shaders left to compile 305
[2020.01.02-09.40.32:480][878]LogShaderCompilers: Display: Shaders left to compile 304
[2020.01.02-09.40.32:480][878]LogShaderCompilers: Display: Shaders left to compile 303
[2020.01.02-09.40.32:480][878]LogShaderCompilers: Display: Shaders left to compile 302
[2020.01.02-09.40.32:480][878]LogShaderCompilers: Display: Shaders left to compile 301
[2020.01.02-09.40.32:480][878]LogShaderCompilers: Display: Shaders left to compile 300
[2020.01.02-09.40.32:480][878]LogShaderCompilers: Display: Shaders left to compile 299
[2020.01.02-09.40.32:480][878]LogShaderCompilers: Display: Shaders left to compile 298
[2020.01.02-09.40.32:480][878]LogShaderCompilers: Display: Shaders left to compile 297
[2020.01.02-09.40.32:480][878]LogShaderCompilers: Display: Shaders left to compile 296
[2020.01.02-09.40.32:480][878]LogShaderCompilers: Display: Shaders left to compile 295
[2020.01.02-09.40.32:480][878]LogShaderCompilers: Display: Shaders left to compile 294
[2020.01.02-09.40.32:480][878]LogShaderCompilers: Display: Shaders left to compile 293
[2020.01.02-09.40.32:480][878]LogShaderCompilers: Display: Shaders left to compile 292
[2020.01.02-09.40.32:480][878]LogShaderCompilers: Display: Shaders left to compile 291
[2020.01.02-09.40.32:480][878]LogShaderCompilers: Display: Shaders left to compile 290
[2020.01.02-09.40.32:480][878]LogShaderCompilers: Display: Shaders left to compile 289
[2020.01.02-09.40.32:480][878]LogShaderCompilers: Display: Shaders left to compile 288
[2020.01.02-09.40.32:480][878]LogShaderCompilers: Display: Shaders left to compile 287
[2020.01.02-09.40.32:480][878]LogShaderCompilers: Display: Shaders left to compile 286
[2020.01.02-09.40.32:480][878]LogShaderCompilers: Display: Shaders left to compile 285
[2020.01.02-09.40.32:480][878]LogShaderCompilers: Display: Shaders left to compile 284
[2020.01.02-09.40.32:480][878]LogShaderCompilers: Display: Shaders left to compile 283
[2020.01.02-09.40.32:480][878]LogShaderCompilers: Display: Shaders left to compile 282
[2020.01.02-09.40.32:480][878]LogShaderCompilers: Display: Shaders left to compile 281
[2020.01.02-09.40.32:480][878]LogShaderCompilers: Display: Shaders left to compile 280
[2020.01.02-09.40.32:480][878]LogShaderCompilers: Display: Shaders left to compile 279
[2020.01.02-09.40.32:480][878]LogShaderCompilers: Display: Shaders left to compile 278
[2020.01.02-09.40.32:480][878]LogShaderCompilers: Display: Shaders left to compile 277
[2020.01.02-09.40.32:480][878]LogShaderCompilers: Display: Shaders left to compile 276
[2020.01.02-09.40.32:480][878]LogShaderCompilers: Display: Shaders left to compile 275
[2020.01.02-09.40.32:480][878]LogShaderCompilers: Display: Shaders left to compile 274
[2020.01.02-09.40.32:480][878]LogShaderCompilers: Display: Shaders left to compile 273
[2020.01.02-09.40.32:480][878]LogShaderCompilers: Display: Shaders left to compile 272
[2020.01.02-09.40.32:480][878]LogShaderCompilers: Display: Shaders left to compile 271
[2020.01.02-09.40.32:480][878]LogShaderCompilers: Display: Shaders left to compile 270
[2020.01.02-09.40.32:480][878]LogShaderCompilers: Display: Shaders left to compile 269
[2020.01.02-09.40.32:480][878]LogShaderCompilers: Display: Shaders left to compile 268
[2020.01.02-09.40.32:480][878]LogShaderCompilers: Display: Shaders left to compile 267
[2020.01.02-09.40.32:480][878]LogShaderCompilers: Display: Shaders left to compile 266
[2020.01.02-09.40.32:480][878]LogShaderCompilers: Display: Shaders left to compile 265
[2020.01.02-09.40.32:480][878]LogShaderCompilers: Display: Shaders left to compile 264
[2020.01.02-09.40.32:480][878]LogShaderCompilers: Display: Shaders left to compile 263
[2020.01.02-09.40.32:480][878]LogShaderCompilers: Display: Shaders left to compile 262
[2020.01.02-09.40.32:480][878]LogShaderCompilers: Display: Shaders left to compile 261
[2020.01.02-09.40.32:480][878]LogShaderCompilers: Display: Shaders left to compile 260
[2020.01.02-09.40.32:480][878]LogShaderCompilers: Display: Shaders left to compile 259
[2020.01.02-09.40.32:481][878]LogShaderCompilers: Display: Shaders left to compile 258
[2020.01.02-09.40.32:481][878]LogShaderCompilers: Display: Shaders left to compile 257
[2020.01.02-09.40.32:481][878]LogShaderCompilers: Display: Shaders left to compile 256
[2020.01.02-09.40.32:481][878]LogShaderCompilers: Display: Shaders left to compile 255
[2020.01.02-09.40.32:481][878]LogShaderCompilers: Display: Shaders left to compile 254
[2020.01.02-09.40.32:481][878]LogShaderCompilers: Display: Shaders left to compile 253
[2020.01.02-09.40.32:481][878]LogShaderCompilers: Display: Shaders left to compile 252
[2020.01.02-09.40.32:481][878]LogShaderCompilers: Display: Shaders left to compile 251
[2020.01.02-09.40.32:481][878]LogShaderCompilers: Display: Shaders left to compile 250
[2020.01.02-09.40.32:481][878]LogShaderCompilers: Display: Shaders left to compile 249
[2020.01.02-09.40.32:481][878]LogShaderCompilers: Display: Shaders left to compile 248
[2020.01.02-09.40.32:481][878]LogShaderCompilers: Display: Shaders left to compile 247
[2020.01.02-09.40.32:481][878]LogShaderCompilers: Display: Shaders left to compile 246
[2020.01.02-09.40.32:481][878]LogShaderCompilers: Display: Shaders left to compile 245
[2020.01.02-09.40.32:481][878]LogShaderCompilers: Display: Shaders left to compile 244
[2020.01.02-09.40.32:481][878]LogShaderCompilers: Display: Shaders left to compile 243
[2020.01.02-09.40.32:481][878]LogShaderCompilers: Display: Shaders left to compile 242
[2020.01.02-09.40.32:481][878]LogShaderCompilers: Display: Shaders left to compile 241
[2020.01.02-09.40.32:481][878]LogShaderCompilers: Display: Shaders left to compile 240
[2020.01.02-09.40.32:481][878]LogShaderCompilers: Display: Shaders left to compile 239
[2020.01.02-09.40.32:481][878]LogShaderCompilers: Display: Shaders left to compile 238
[2020.01.02-09.40.32:481][878]LogShaderCompilers: Display: Shaders left to compile 237
[2020.01.02-09.40.32:481][878]LogShaderCompilers: Display: Shaders left to compile 236
[2020.01.02-09.40.32:481][878]LogShaderCompilers: Display: Shaders left to compile 235
[2020.01.02-09.40.32:481][878]LogShaderCompilers: Display: Shaders left to compile 234
[2020.01.02-09.40.32:481][878]LogShaderCompilers: Display: Shaders left to compile 233
[2020.01.02-09.40.32:481][878]LogShaderCompilers: Display: Shaders left to compile 232
[2020.01.02-09.40.32:481][878]LogShaderCompilers: Display: Shaders left to compile 231
[2020.01.02-09.40.32:481][878]LogShaderCompilers: Display: Shaders left to compile 230
[2020.01.02-09.40.32:481][878]LogShaderCompilers: Display: Shaders left to compile 229
[2020.01.02-09.40.32:481][878]LogShaderCompilers: Display: Shaders left to compile 228
[2020.01.02-09.40.32:481][878]LogShaderCompilers: Display: Shaders left to compile 227
[2020.01.02-09.40.32:481][878]LogShaderCompilers: Display: Shaders left to compile 226
[2020.01.02-09.40.32:481][878]LogShaderCompilers: Display: Shaders left to compile 225
[2020.01.02-09.40.32:481][878]LogShaderCompilers: Display: Shaders left to compile 224
[2020.01.02-09.40.32:481][878]LogShaderCompilers: Display: Shaders left to compile 223
[2020.01.02-09.40.32:481][878]LogShaderCompilers: Display: Shaders left to compile 222
[2020.01.02-09.40.32:481][878]LogShaderCompilers: Display: Shaders left to compile 221
[2020.01.02-09.40.32:481][878]LogShaderCompilers: Display: Shaders left to compile 220
[2020.01.02-09.40.32:481][878]LogShaderCompilers: Display: Shaders left to compile 219
[2020.01.02-09.40.32:481][878]LogShaderCompilers: Display: Shaders left to compile 218
[2020.01.02-09.40.32:481][878]LogShaderCompilers: Display: Shaders left to compile 217
[2020.01.02-09.40.32:481][878]LogShaderCompilers: Display: Shaders left to compile 216
[2020.01.02-09.40.32:481][878]LogShaderCompilers: Display: Shaders left to compile 215
[2020.01.02-09.40.32:481][878]LogShaderCompilers: Display: Shaders left to compile 214
[2020.01.02-09.40.32:481][878]LogShaderCompilers: Display: Shaders left to compile 213
[2020.01.02-09.40.32:481][878]LogShaderCompilers: Display: Shaders left to compile 212
[2020.01.02-09.40.32:482][878]LogShaderCompilers: Display: Shaders left to compile 211
[2020.01.02-09.40.32:482][878]LogShaderCompilers: Display: Shaders left to compile 210
[2020.01.02-09.40.32:482][878]LogShaderCompilers: Display: Shaders left to compile 209
[2020.01.02-09.40.32:482][878]LogShaderCompilers: Display: Shaders left to compile 208
[2020.01.02-09.40.32:482][878]LogShaderCompilers: Display: Shaders left to compile 207
[2020.01.02-09.40.32:482][878]LogShaderCompilers: Display: Shaders left to compile 206
[2020.01.02-09.40.32:482][878]LogShaderCompilers: Display: Shaders left to compile 205
[2020.01.02-09.40.32:482][878]LogShaderCompilers: Display: Shaders left to compile 204
[2020.01.02-09.40.32:482][878]LogShaderCompilers: Display: Shaders left to compile 203
[2020.01.02-09.40.32:482][878]LogShaderCompilers: Display: Shaders left to compile 202
[2020.01.02-09.40.32:482][878]LogShaderCompilers: Display: Shaders left to compile 201
[2020.01.02-09.40.32:482][878]LogShaderCompilers: Display: Shaders left to compile 200
[2020.01.02-09.40.32:482][878]LogShaderCompilers: Display: Shaders left to compile 199
[2020.01.02-09.40.32:482][878]LogShaderCompilers: Display: Shaders left to compile 198
[2020.01.02-09.40.32:482][878]LogShaderCompilers: Display: Shaders left to compile 197
[2020.01.02-09.40.32:482][878]LogShaderCompilers: Display: Shaders left to compile 196
[2020.01.02-09.40.32:482][878]LogShaderCompilers: Display: Shaders left to compile 195
[2020.01.02-09.40.32:482][878]LogShaderCompilers: Display: Shaders left to compile 194
[2020.01.02-09.40.32:482][878]LogShaderCompilers: Display: Shaders left to compile 193
[2020.01.02-09.40.32:482][878]LogShaderCompilers: Display: Shaders left to compile 192
[2020.01.02-09.40.32:482][878]LogShaderCompilers: Display: Shaders left to compile 191
[2020.01.02-09.40.32:482][878]LogShaderCompilers: Display: Shaders left to compile 190
[2020.01.02-09.40.32:482][878]LogShaderCompilers: Display: Shaders left to compile 189
[2020.01.02-09.40.32:482][878]LogShaderCompilers: Display: Shaders left to compile 188
[2020.01.02-09.40.32:482][878]LogShaderCompilers: Display: Shaders left to compile 187
[2020.01.02-09.40.32:482][878]LogShaderCompilers: Display: Shaders left to compile 186
[2020.01.02-09.40.32:482][878]LogShaderCompilers: Display: Shaders left to compile 185
[2020.01.02-09.40.32:482][878]LogShaderCompilers: Display: Shaders left to compile 184
[2020.01.02-09.40.32:482][878]LogShaderCompilers: Display: Shaders left to compile 183
[2020.01.02-09.40.32:482][878]LogShaderCompilers: Display: Shaders left to compile 182
[2020.01.02-09.40.32:482][878]LogShaderCompilers: Display: Shaders left to compile 181
[2020.01.02-09.40.32:482][878]LogShaderCompilers: Display: Shaders left to compile 180
[2020.01.02-09.40.32:482][878]LogShaderCompilers: Display: Shaders left to compile 179
[2020.01.02-09.40.32:482][878]LogShaderCompilers: Display: Shaders left to compile 178
[2020.01.02-09.40.32:482][878]LogShaderCompilers: Display: Shaders left to compile 177
[2020.01.02-09.40.32:482][878]LogShaderCompilers: Display: Shaders left to compile 176
[2020.01.02-09.40.32:482][878]LogShaderCompilers: Display: Shaders left to compile 175
[2020.01.02-09.40.32:482][878]LogShaderCompilers: Display: Shaders left to compile 174
[2020.01.02-09.40.32:482][878]LogShaderCompilers: Display: Shaders left to compile 173
[2020.01.02-09.40.32:482][878]LogShaderCompilers: Display: Shaders left to compile 172
[2020.01.02-09.40.32:482][878]LogShaderCompilers: Display: Shaders left to compile 171
[2020.01.02-09.40.32:482][878]LogShaderCompilers: Display: Shaders left to compile 170
[2020.01.02-09.40.32:482][878]LogShaderCompilers: Display: Shaders left to compile 169
[2020.01.02-09.40.32:482][878]LogShaderCompilers: Display: Shaders left to compile 168
[2020.01.02-09.40.32:482][878]LogShaderCompilers: Display: Shaders left to compile 167
[2020.01.02-09.40.32:482][878]LogShaderCompilers: Display: Shaders left to compile 166
[2020.01.02-09.40.32:482][878]LogShaderCompilers: Display: Shaders left to compile 165
[2020.01.02-09.40.32:482][878]LogShaderCompilers: Display: Shaders left to compile 164
[2020.01.02-09.40.32:482][878]LogShaderCompilers: Display: Shaders left to compile 163
[2020.01.02-09.40.32:482][878]LogShaderCompilers: Display: Shaders left to compile 162
[2020.01.02-09.40.32:482][878]LogShaderCompilers: Display: Shaders left to compile 161
[2020.01.02-09.40.32:482][878]LogShaderCompilers: Display: Shaders left to compile 160
[2020.01.02-09.40.32:482][878]LogShaderCompilers: Display: Shaders left to compile 159
[2020.01.02-09.40.32:482][878]LogShaderCompilers: Display: Shaders left to compile 158
[2020.01.02-09.40.32:482][878]LogShaderCompilers: Display: Shaders left to compile 157
[2020.01.02-09.40.32:482][878]LogShaderCompilers: Display: Shaders left to compile 156
[2020.01.02-09.40.32:482][878]LogShaderCompilers: Display: Shaders left to compile 155
[2020.01.02-09.40.32:482][878]LogShaderCompilers: Display: Shaders left to compile 154
[2020.01.02-09.40.32:482][878]LogShaderCompilers: Display: Shaders left to compile 153
[2020.01.02-09.40.32:482][878]LogShaderCompilers: Display: Shaders left to compile 152
[2020.01.02-09.40.32:482][878]LogShaderCompilers: Display: Shaders left to compile 151
[2020.01.02-09.40.32:482][878]LogShaderCompilers: Display: Shaders left to compile 150
[2020.01.02-09.40.32:482][878]LogShaderCompilers: Display: Shaders left to compile 149
[2020.01.02-09.40.32:482][878]LogShaderCompilers: Display: Shaders left to compile 148
[2020.01.02-09.40.32:483][878]LogShaderCompilers: Display: Shaders left to compile 147
[2020.01.02-09.40.32:483][878]LogShaderCompilers: Display: Shaders left to compile 146
[2020.01.02-09.40.32:483][878]LogShaderCompilers: Display: Shaders left to compile 145
[2020.01.02-09.40.32:483][878]LogShaderCompilers: Display: Shaders left to compile 144
[2020.01.02-09.40.32:483][878]LogShaderCompilers: Display: Shaders left to compile 143
[2020.01.02-09.40.32:483][878]LogShaderCompilers: Display: Shaders left to compile 142
[2020.01.02-09.40.32:483][878]LogShaderCompilers: Display: Shaders left to compile 141
[2020.01.02-09.40.32:483][878]LogShaderCompilers: Display: Shaders left to compile 140
[2020.01.02-09.40.32:483][878]LogShaderCompilers: Display: Shaders left to compile 139
[2020.01.02-09.40.32:483][878]LogShaderCompilers: Display: Shaders left to compile 138
[2020.01.02-09.40.32:483][878]LogShaderCompilers: Display: Shaders left to compile 137
[2020.01.02-09.40.32:483][878]LogShaderCompilers: Display: Shaders left to compile 136
[2020.01.02-09.40.32:483][878]LogShaderCompilers: Display: Shaders left to compile 135
[2020.01.02-09.40.32:483][878]LogShaderCompilers: Display: Shaders left to compile 134
[2020.01.02-09.40.32:483][878]LogShaderCompilers: Display: Shaders left to compile 133
[2020.01.02-09.40.32:483][878]LogShaderCompilers: Display: Shaders left to compile 132
[2020.01.02-09.40.32:483][878]LogShaderCompilers: Display: Shaders left to compile 131
[2020.01.02-09.40.32:483][878]LogShaderCompilers: Display: Shaders left to compile 130
[2020.01.02-09.40.32:483][878]LogShaderCompilers: Display: Shaders left to compile 129
[2020.01.02-09.40.32:483][878]LogShaderCompilers: Display: Shaders left to compile 128
[2020.01.02-09.40.32:483][878]LogShaderCompilers: Display: Shaders left to compile 127
[2020.01.02-09.40.32:483][878]LogShaderCompilers: Display: Shaders left to compile 126
[2020.01.02-09.40.32:483][878]LogShaderCompilers: Display: Shaders left to compile 125
[2020.01.02-09.40.32:483][878]LogShaderCompilers: Display: Shaders left to compile 124
[2020.01.02-09.40.32:483][878]LogShaderCompilers: Display: Shaders left to compile 123
[2020.01.02-09.40.32:483][878]LogShaderCompilers: Display: Shaders left to compile 122
[2020.01.02-09.40.32:483][878]LogShaderCompilers: Display: Shaders left to compile 121
[2020.01.02-09.40.32:483][878]LogShaderCompilers: Display: Shaders left to compile 120
[2020.01.02-09.40.32:483][878]LogShaderCompilers: Display: Shaders left to compile 119
[2020.01.02-09.40.32:483][878]LogShaderCompilers: Display: Shaders left to compile 118
[2020.01.02-09.40.32:483][878]LogShaderCompilers: Display: Shaders left to compile 117
[2020.01.02-09.40.32:483][878]LogShaderCompilers: Display: Shaders left to compile 116
[2020.01.02-09.40.32:483][878]LogShaderCompilers: Display: Shaders left to compile 115
[2020.01.02-09.40.32:483][878]LogShaderCompilers: Display: Shaders left to compile 114
[2020.01.02-09.40.32:483][878]LogShaderCompilers: Display: Shaders left to compile 113
[2020.01.02-09.40.32:483][878]LogShaderCompilers: Display: Shaders left to compile 112
[2020.01.02-09.40.32:483][878]LogShaderCompilers: Display: Shaders left to compile 111
[2020.01.02-09.40.32:483][878]LogShaderCompilers: Display: Shaders left to compile 110
[2020.01.02-09.40.32:483][878]LogShaderCompilers: Display: Shaders left to compile 109
[2020.01.02-09.40.32:483][878]LogShaderCompilers: Display: Shaders left to compile 108
[2020.01.02-09.40.32:483][878]LogShaderCompilers: Display: Shaders left to compile 107
[2020.01.02-09.40.32:483][878]LogShaderCompilers: Display: Shaders left to compile 106
[2020.01.02-09.40.32:483][878]LogShaderCompilers: Display: Shaders left to compile 105
[2020.01.02-09.40.32:483][878]LogShaderCompilers: Display: Shaders left to compile 104
[2020.01.02-09.40.32:483][878]LogShaderCompilers: Display: Shaders left to compile 103
[2020.01.02-09.40.32:483][878]LogShaderCompilers: Display: Shaders left to compile 102
[2020.01.02-09.40.32:483][878]LogShaderCompilers: Display: Shaders left to compile 101
[2020.01.02-09.40.32:483][878]LogShaderCompilers: Display: Shaders left to compile 100
[2020.01.02-09.40.32:483][878]LogShaderCompilers: Display: Shaders left to compile 99
[2020.01.02-09.40.32:483][878]LogShaderCompilers: Display: Shaders left to compile 98
[2020.01.02-09.40.32:483][878]LogShaderCompilers: Display: Shaders left to compile 97
[2020.01.02-09.40.32:483][878]LogShaderCompilers: Display: Shaders left to compile 96
[2020.01.02-09.40.32:483][878]LogShaderCompilers: Display: Shaders left to compile 95
[2020.01.02-09.40.32:483][878]LogShaderCompilers: Display: Shaders left to compile 94
[2020.01.02-09.40.32:483][878]LogShaderCompilers: Display: Shaders left to compile 93
[2020.01.02-09.40.32:483][878]LogShaderCompilers: Display: Shaders left to compile 92
[2020.01.02-09.40.32:483][878]LogShaderCompilers: Display: Shaders left to compile 91
[2020.01.02-09.40.32:483][878]LogShaderCompilers: Display: Shaders left to compile 90
[2020.01.02-09.40.32:484][878]LogShaderCompilers: Display: Shaders left to compile 89
[2020.01.02-09.40.32:484][878]LogShaderCompilers: Display: Shaders left to compile 88
[2020.01.02-09.40.32:484][878]LogShaderCompilers: Display: Shaders left to compile 87
[2020.01.02-09.40.32:484][878]LogShaderCompilers: Display: Shaders left to compile 86
[2020.01.02-09.40.32:484][878]LogShaderCompilers: Display: Shaders left to compile 85
[2020.01.02-09.40.32:484][878]LogShaderCompilers: Display: Shaders left to compile 84
[2020.01.02-09.40.32:484][878]LogShaderCompilers: Display: Shaders left to compile 83
[2020.01.02-09.40.32:484][878]LogShaderCompilers: Display: Shaders left to compile 82
[2020.01.02-09.40.32:484][878]LogShaderCompilers: Display: Shaders left to compile 81
[2020.01.02-09.40.32:484][878]LogShaderCompilers: Display: Shaders left to compile 80
[2020.01.02-09.40.32:484][878]LogShaderCompilers: Display: Shaders left to compile 79
[2020.01.02-09.40.32:484][878]LogShaderCompilers: Display: Shaders left to compile 78
[2020.01.02-09.40.32:484][878]LogShaderCompilers: Display: Shaders left to compile 77
[2020.01.02-09.40.32:484][878]LogShaderCompilers: Display: Shaders left to compile 76
[2020.01.02-09.40.32:484][878]LogShaderCompilers: Display: Shaders left to compile 75
[2020.01.02-09.40.32:484][878]LogShaderCompilers: Display: Shaders left to compile 74
[2020.01.02-09.40.32:484][878]LogShaderCompilers: Display: Shaders left to compile 73
[2020.01.02-09.40.32:484][878]LogShaderCompilers: Display: Shaders left to compile 72
[2020.01.02-09.40.32:484][878]LogShaderCompilers: Display: Shaders left to compile 71
[2020.01.02-09.40.32:484][878]LogShaderCompilers: Display: Shaders left to compile 70
[2020.01.02-09.40.32:484][878]LogShaderCompilers: Display: Shaders left to compile 69
[2020.01.02-09.40.32:484][878]LogShaderCompilers: Display: Shaders left to compile 68
[2020.01.02-09.40.32:484][878]LogShaderCompilers: Display: Shaders left to compile 67
[2020.01.02-09.40.32:484][878]LogShaderCompilers: Display: Shaders left to compile 66
[2020.01.02-09.40.32:484][878]LogShaderCompilers: Display: Shaders left to compile 65
[2020.01.02-09.40.32:484][878]LogShaderCompilers: Display: Shaders left to compile 64
[2020.01.02-09.40.32:484][878]LogShaderCompilers: Display: Shaders left to compile 63
[2020.01.02-09.40.32:484][878]LogShaderCompilers: Display: Shaders left to compile 62
[2020.01.02-09.40.32:484][878]LogShaderCompilers: Display: Shaders left to compile 61
[2020.01.02-09.40.32:484][878]LogShaderCompilers: Display: Shaders left to compile 60
[2020.01.02-09.40.32:484][878]LogShaderCompilers: Display: Shaders left to compile 59
[2020.01.02-09.40.32:484][878]LogShaderCompilers: Display: Shaders left to compile 58
[2020.01.02-09.40.32:484][878]LogShaderCompilers: Display: Shaders left to compile 57
[2020.01.02-09.40.32:484][878]LogShaderCompilers: Display: Shaders left to compile 56
[2020.01.02-09.40.32:484][878]LogShaderCompilers: Display: Shaders left to compile 55
[2020.01.02-09.40.32:484][878]LogShaderCompilers: Display: Shaders left to compile 54
[2020.01.02-09.40.32:484][878]LogShaderCompilers: Display: Shaders left to compile 53
[2020.01.02-09.40.32:484][878]LogShaderCompilers: Display: Shaders left to compile 52
[2020.01.02-09.40.32:484][878]LogShaderCompilers: Display: Shaders left to compile 51
[2020.01.02-09.40.32:484][878]LogShaderCompilers: Display: Shaders left to compile 50
[2020.01.02-09.40.32:484][878]LogShaderCompilers: Display: Shaders left to compile 49
[2020.01.02-09.40.32:484][878]LogShaderCompilers: Display: Shaders left to compile 48
[2020.01.02-09.40.32:484][878]LogShaderCompilers: Display: Shaders left to compile 47
[2020.01.02-09.40.32:484][878]LogShaderCompilers: Display: Shaders left to compile 46
[2020.01.02-09.40.32:484][878]LogShaderCompilers: Display: Shaders left to compile 45
[2020.01.02-09.40.32:484][878]LogShaderCompilers: Display: Shaders left to compile 44
[2020.01.02-09.40.32:484][878]LogShaderCompilers: Display: Shaders left to compile 43
[2020.01.02-09.40.32:484][878]LogShaderCompilers: Display: Shaders left to compile 42
[2020.01.02-09.40.32:484][878]LogShaderCompilers: Display: Shaders left to compile 41
[2020.01.02-09.40.32:484][878]LogShaderCompilers: Display: Shaders left to compile 40
[2020.01.02-09.40.32:484][878]LogShaderCompilers: Display: Shaders left to compile 39
[2020.01.02-09.40.32:484][878]LogShaderCompilers: Display: Shaders left to compile 38
[2020.01.02-09.40.32:484][878]LogShaderCompilers: Display: Shaders left to compile 37
[2020.01.02-09.40.32:484][878]LogShaderCompilers: Display: Shaders left to compile 36
[2020.01.02-09.40.32:484][878]LogShaderCompilers: Display: Shaders left to compile 35
[2020.01.02-09.40.32:484][878]LogShaderCompilers: Display: Shaders left to compile 34
[2020.01.02-09.40.32:484][878]LogShaderCompilers: Display: Shaders left to compile 33
[2020.01.02-09.40.32:484][878]LogShaderCompilers: Display: Shaders left to compile 32
[2020.01.02-09.40.32:484][878]LogShaderCompilers: Display: Shaders left to compile 31
[2020.01.02-09.40.32:484][878]LogShaderCompilers: Display: Shaders left to compile 30
[2020.01.02-09.40.32:485][878]LogShaderCompilers: Display: Shaders left to compile 29
[2020.01.02-09.40.32:485][878]LogShaderCompilers: Display: Shaders left to compile 28
[2020.01.02-09.40.32:485][878]LogShaderCompilers: Display: Shaders left to compile 27
[2020.01.02-09.40.32:485][878]LogShaderCompilers: Display: Shaders left to compile 26
[2020.01.02-09.40.32:485][878]LogShaderCompilers: Display: Shaders left to compile 25
[2020.01.02-09.40.32:485][878]LogShaderCompilers: Display: Shaders left to compile 24
[2020.01.02-09.40.32:485][878]LogShaderCompilers: Display: Shaders left to compile 23
[2020.01.02-09.40.32:485][878]LogShaderCompilers: Display: Shaders left to compile 22
[2020.01.02-09.40.32:485][878]LogShaderCompilers: Display: Shaders left to compile 21
[2020.01.02-09.40.32:485][878]LogShaderCompilers: Display: Shaders left to compile 20
[2020.01.02-09.40.32:485][878]LogShaderCompilers: Display: Shaders left to compile 19
[2020.01.02-09.40.32:485][878]LogShaderCompilers: Display: Shaders left to compile 18
[2020.01.02-09.40.32:485][878]LogShaderCompilers: Display: Shaders left to compile 17
[2020.01.02-09.40.32:485][878]LogShaderCompilers: Display: Shaders left to compile 16
[2020.01.02-09.40.32:485][878]LogShaderCompilers: Display: Shaders left to compile 15
[2020.01.02-09.40.32:485][878]LogShaderCompilers: Display: Shaders left to compile 14
[2020.01.02-09.40.32:485][878]LogShaderCompilers: Display: Shaders left to compile 13
[2020.01.02-09.40.32:485][878]LogShaderCompilers: Display: Shaders left to compile 12
[2020.01.02-09.40.32:485][878]LogShaderCompilers: Display: Shaders left to compile 11
[2020.01.02-09.40.32:485][878]LogShaderCompilers: Display: Shaders left to compile 10
[2020.01.02-09.40.32:485][878]LogShaderCompilers: Display: Shaders left to compile 9
[2020.01.02-09.40.32:485][878]LogShaderCompilers: Display: Shaders left to compile 8
[2020.01.02-09.40.32:485][878]LogShaderCompilers: Display: Shaders left to compile 7
[2020.01.02-09.40.32:485][878]LogShaderCompilers: Display: Shaders left to compile 6
[2020.01.02-09.40.32:485][878]LogShaderCompilers: Display: Shaders left to compile 5
[2020.01.02-09.40.32:485][878]LogShaderCompilers: Display: Shaders left to compile 4
[2020.01.02-09.40.32:485][878]LogShaderCompilers: Display: Shaders left to compile 3
[2020.01.02-09.40.32:485][878]LogShaderCompilers: Display: Shaders left to compile 2
[2020.01.02-09.40.32:485][878]LogShaderCompilers: Display: Shaders left to compile 1
[2020.01.02-09.40.32:485][878]CookResults: Warning: Unable to find package for cooking /Game/RollingBP/Maps/RollingBPExampleMap
[2020.01.02-09.40.32:485][878]LogCook: Warning: Unable to find package for cooking /Game/RollingBP/Maps/RollingBPExampleMap
[2020.01.02-09.40.32:579][879]LogMaterial: Missing cached shader map for material MatineeCam_mat, compiling. 
[2020.01.02-09.40.32:646][879]LogShaderCompilers: Display: Shaders left to compile 35
[2020.01.02-09.40.32:646][879]LogShaderCompilers: Display: Shaders left to compile 25
[2020.01.02-09.40.32:646][879]LogShaderCompilers: Display: Shaders left to compile 15
[2020.01.02-09.40.32:646][879]LogShaderCompilers: Display: Shaders left to compile 5
[2020.01.02-09.40.32:646][879]LogCook: Display: Cooking /Engine/Tutorial/Foliage/Foliage_Intro_Tutorial -> C:/Users/Hol/Desktop/Rolling/Saved/EditorCooked/Android_ASTC/Engine/Content/Tutorial/Foliage/Foliage_Intro_Tutorial.uasset
[2020.01.02-09.40.32:647][879]LogSavePackage: Display: No exports found (or all exports are editor-only) for Foliage_Intro_Tutorial. Package will not be saved.
[2020.01.02-09.40.32:653][879]LogContentBrowser: Native class hierarchy updated for 'BlueprintNativeCodeGen' in 0.0002 seconds. Added 0 classes and 0 folders.
[2020.01.02-09.40.32:653][879]LogCook: Display: Cooking /Engine/EditorResources/S_Actor -> C:/Users/Hol/Desktop/Rolling/Saved/EditorCooked/Android_ASTC/Engine/Content/EditorResources/S_Actor.uasset
[2020.01.02-09.40.32:655][879]LogSavePackage: Save=1.15ms
[2020.01.02-09.40.32:655][879]LogSavePackage: Async saving from memory to 'C:/Users/Hol/Desktop/Rolling/Saved/EditorCooked/Android_ASTC/Engine/Content/EditorResources/S_Actor.uasset'
[2020.01.02-09.40.32:655][879]LogSavePackage: Display: Finished SavePackage C:/Users/Hol/Desktop/Rolling/Saved/EditorCooked/Android_ASTC/Engine/Content/EditorResources/S_Actor.uasset
[2020.01.02-09.40.32:656][879]LogCook: Display: Cooking /Engine/EditorResources/S_ExpoHeightFog -> C:/Users/Hol/Desktop/Rolling/Saved/EditorCooked/Android_ASTC/Engine/Content/EditorResources/S_ExpoHeightFog.uasset
[2020.01.02-09.40.32:658][879]LogSavePackage: Save=1.99ms
[2020.01.02-09.40.32:658][879]LogSavePackage: Async saving from memory to 'C:/Users/Hol/Desktop/Rolling/Saved/EditorCooked/Android_ASTC/Engine/Content/EditorResources/S_ExpoHeightFog.uasset'
[2020.01.02-09.40.32:658][879]LogSavePackage: Display: Finished SavePackage C:/Users/Hol/Desktop/Rolling/Saved/EditorCooked/Android_ASTC/Engine/Content/EditorResources/S_ExpoHeightFog.uasset
[2020.01.02-09.40.32:659][879]LogCook: Display: Cooking /Engine/EditorResources/S_ReflActorIcon -> C:/Users/Hol/Desktop/Rolling/Saved/EditorCooked/Android_ASTC/Engine/Content/EditorResources/S_ReflActorIcon.uasset
[2020.01.02-09.40.32:660][879]LogSavePackage: Save=1.28ms
[2020.01.02-09.40.32:660][879]LogSavePackage: Async saving from memory to 'C:/Users/Hol/Desktop/Rolling/Saved/EditorCooked/Android_ASTC/Engine/Content/EditorResources/S_ReflActorIcon.uasset'
[2020.01.02-09.40.32:661][879]LogSavePackage: Display: Finished SavePackage C:/Users/Hol/Desktop/Rolling/Saved/EditorCooked/Android_ASTC/Engine/Content/EditorResources/S_ReflActorIcon.uasset
[2020.01.02-09.40.32:881][880]LogCook: Display: Cooking /Engine/Tutorial/Foliage/Foliage_Using_The_Tool_Tutorial -> C:/Users/Hol/Desktop/Rolling/Saved/EditorCooked/Android_ASTC/Engine/Content/Tutorial/Foliage/Foliage_Using_The_Tool_Tutorial.uasset
[2020.01.02-09.40.32:881][880]LogSavePackage: Display: No exports found (or all exports are editor-only) for Foliage_Using_The_Tool_Tutorial. Package will not be saved.
[2020.01.02-09.40.32:882][880]LogCook: Display: Cooking /Engine/EditorMeshes/MatineeCam_SM -> C:/Users/Hol/Desktop/Rolling/Saved/EditorCooked/Android_ASTC/Engine/Content/EditorMeshes/MatineeCam_SM.uasset
[2020.01.02-09.40.32:883][880]LogSavePackage: Save=1.46ms
[2020.01.02-09.40.32:883][880]LogSavePackage: Async saving from memory to 'C:/Users/Hol/Desktop/Rolling/Saved/EditorCooked/Android_ASTC/Engine/Content/EditorMeshes/MatineeCam_SM.uasset'
[2020.01.02-09.40.32:884][880]LogSavePackage: Display: Finished SavePackage C:/Users/Hol/Desktop/Rolling/Saved/EditorCooked/Android_ASTC/Engine/Content/EditorMeshes/MatineeCam_SM.uasset
[2020.01.02-09.40.32:884][880]LogCook: Display: Cooking /Engine/EditorResources/MatineeCam_D -> C:/Users/Hol/Desktop/Rolling/Saved/EditorCooked/Android_ASTC/Engine/Content/EditorResources/MatineeCam_D.uasset
[2020.01.02-09.40.32:885][880]LogSavePackage: Save=0.78ms
[2020.01.02-09.40.32:885][880]LogSavePackage: Async saving from memory to 'C:/Users/Hol/Desktop/Rolling/Saved/EditorCooked/Android_ASTC/Engine/Content/EditorResources/MatineeCam_D.uasset'
[2020.01.02-09.40.32:885][880]LogSavePackage: Display: Finished SavePackage C:/Users/Hol/Desktop/Rolling/Saved/EditorCooked/Android_ASTC/Engine/Content/EditorResources/MatineeCam_D.uasset
[2020.01.02-09.40.32:897][880]LogMaterial: Missing cached shader map for material WorldGridMaterial, compiling. Is special engine material.
