Log file open, 01/14/20 17:47:55
LogWindows: Failed to load 'aqProf.dll' (GetLastError=126)
LogWindows: File 'aqProf.dll' does not exist
LogWindows: Failed to load 'VtuneApi.dll' (GetLastError=126)
LogWindows: File 'VtuneApi.dll' does not exist
LogWindows: Failed to load 'VtuneApi32e.dll' (GetLastError=126)
LogWindows: File 'VtuneApi32e.dll' does not exist
LogInit: Display: Running engine for game: Rolling
LogPlatformFile: Not using cached read wrapper
LogInit: Display: RandInit(-172373968) SRandInit(-172373968).
LogInit: Read version file with build ID '3944462'
LogInit: Overriding engine version to CL 4033788, compatible CL 3944462
LogInit: Registered custom module enumerator with build ID '3944462'
LogTaskGraph: Started task graph with 5 named threads and 23 total threads with 3 sets of task threads.
LogStats: Stats thread started at 0.322579
LogD3D11RHI: Aftermath initialized
LogICUInternationalization: Display: ICU TimeZone Detection - Raw Offset: +9:00, Platform Override: ''
LogModuleManager: Display: Found up-to-date module file ../../../Engine/Plugins/2D/Paper2D/Binaries/Win64/UE4Editor-Paper2D.dll (API version 3944462).
LogModuleManager: Display: Found up-to-date module file ../../../Engine/Plugins/2D/Paper2D/Binaries/Win64/UE4Editor-Paper2DEditor.dll (API version 3944462).
LogModuleManager: Display: Found up-to-date module file ../../../Engine/Plugins/2D/Paper2D/Binaries/Win64/UE4Editor-PaperSpriteSheetImporter.dll (API version 3944462).
LogModuleManager: Display: Found up-to-date module file ../../../Engine/Plugins/2D/Paper2D/Binaries/Win64/UE4Editor-PaperTiledImporter.dll (API version 3944462).
LogModuleManager: Display: Found up-to-date module file ../../../Engine/Plugins/2D/Paper2D/Binaries/Win64/UE4Editor-SmartSnapping.dll (API version 3944462).
LogModuleManager: Display: Found up-to-date module file ../../../Engine/Plugins/Blendables/LightPropagationVolume/Binaries/Win64/UE4Editor-LightPropagationVolumeRuntime.dll (API version 3944462).
LogModuleManager: Display: Found up-to-date module file ../../../Engine/Plugins/Blendables/LightPropagationVolume/Binaries/Win64/UE4Editor-LightPropagationVolumeEditor.dll (API version 3944462).
LogModuleManager: Display: Found up-to-date module file ../../../Engine/Plugins/Developer/CLionSourceCodeAccess/Binaries/Win64/UE4Editor-CLionSourceCodeAccess.dll (API version 3944462).
LogModuleManager: Display: Found up-to-date module file ../../../Engine/Plugins/Developer/GitSourceControl/Binaries/Win64/UE4Editor-GitSourceControl.dll (API version 3944462).
LogModuleManager: Display: Found up-to-date module file ../../../Engine/Plugins/Developer/PerforceSourceControl/Binaries/Win64/UE4Editor-PerforceSourceControl.dll (API version 3944462).
LogModuleManager: Display: Found up-to-date module file ../../../Engine/Plugins/Developer/SubversionSourceControl/Binaries/Win64/UE4Editor-SubversionSourceControl.dll (API version 3944462).
LogModuleManager: Display: Found up-to-date module file ../../../Engine/Plugins/Developer/UObjectPlugin/Binaries/Win64/UE4Editor-UObjectPlugin.dll (API version 3944462).
LogModuleManager: Display: Found up-to-date module file ../../../Engine/Plugins/Developer/VisualStudioCodeSourceCodeAccess/Binaries/Win64/UE4Editor-VisualStudioCodeSourceCodeAccess.dll (API version 3944462).
LogModuleManager: Display: Found up-to-date module file ../../../Engine/Plugins/Developer/VisualStudioSourceCodeAccess/Binaries/Win64/UE4Editor-VisualStudioSourceCodeAccess.dll (API version 3944462).
LogModuleManager: Display: Found up-to-date module file ../../../Engine/Plugins/Editor/AssetManagerEditor/Binaries/Win64/UE4Editor-AssetManagerEditor.dll (API version 3944462).
LogModuleManager: Display: Found up-to-date module file ../../../Engine/Plugins/Editor/CryptoKeys/Binaries/Win64/UE4Editor-CryptoKeys.dll (API version 3944462).
LogModuleManager: Display: Found up-to-date module file ../../../Engine/Plugins/Editor/CryptoKeys/Binaries/Win64/UE4Editor-CryptoKeysOpenSSL.dll (API version 3944462).
LogModuleManager: Display: Found up-to-date module file ../../../Engine/Plugins/Editor/DataValidation/Binaries/Win64/UE4Editor-DataValidation.dll (API version 3944462).
LogModuleManager: Display: Found up-to-date module file ../../../Engine/Plugins/Editor/FacialAnimation/Binaries/Win64/UE4Editor-FacialAnimation.dll (API version 3944462).
LogModuleManager: Display: Found up-to-date module file ../../../Engine/Plugins/Editor/FacialAnimation/Binaries/Win64/UE4Editor-FacialAnimationEditor.dll (API version 3944462).
LogModuleManager: Display: Found up-to-date module file ../../../Engine/Plugins/Editor/GameplayTagsEditor/Binaries/Win64/UE4Editor-GameplayTagsEditor.dll (API version 3944462).
LogModuleManager: Display: Found up-to-date module file ../../../Engine/Plugins/Editor/MobileLauncherProfileWizard/Binaries/Win64/UE4Editor-MobileLauncherProfileWizard.dll (API version 3944462).
LogModuleManager: Display: Found up-to-date module file ../../../Engine/Plugins/Editor/PluginBrowser/Binaries/Win64/UE4Editor-PluginBrowser.dll (API version 3944462).
LogModuleManager: Display: Found up-to-date module file ../../../Engine/Plugins/Editor/SpeedTreeImporter/Binaries/Win64/UE4Editor-SpeedTreeImporter.dll (API version 3944462).
LogModuleManager: Display: Found up-to-date module file ../../../Engine/Plugins/Enterprise/DatasmithContent/Binaries/Win64/UE4Editor-DatasmithContent.dll (API version 3944462).
LogModuleManager: Display: Found up-to-date module file ../../../Engine/Plugins/Experimental/AlembicImporter/Binaries/Win64/UE4Editor-AlembicImporter.dll (API version 3944462).
LogModuleManager: Display: Found up-to-date module file ../../../Engine/Plugins/Experimental/AlembicImporter/Binaries/Win64/UE4Editor-AlembicLibrary.dll (API version 3944462).
LogModuleManager: Display: Found up-to-date module file ../../../Engine/Plugins/Experimental/CharacterAI/Binaries/Win64/UE4Editor-CharacterAI.dll (API version 3944462).
LogModuleManager: Display: Found up-to-date module file ../../../Engine/Plugins/Experimental/HTML5Networking/Binaries/Win64/UE4Editor-HTML5Networking.dll (API version 3944462).
LogModuleManager: Display: Found up-to-date module file ../../../Engine/Plugins/Media/AndroidMedia/Binaries/Win64/UE4Editor-AndroidMediaEditor.dll (API version 3944462).
LogModuleManager: Display: Found up-to-date module file ../../../Engine/Plugins/Media/AndroidMedia/Binaries/Win64/UE4Editor-AndroidMediaFactory.dll (API version 3944462).
LogModuleManager: Display: Found up-to-date module file ../../../Engine/Plugins/Media/AvfMedia/Binaries/Win64/UE4Editor-AvfMediaEditor.dll (API version 3944462).
LogModuleManager: Display: Found up-to-date module file ../../../Engine/Plugins/Media/AvfMedia/Binaries/Win64/UE4Editor-AvfMediaFactory.dll (API version 3944462).
LogModuleManager: Display: Found up-to-date module file ../../../Engine/Plugins/Media/AvfMedia/Binaries/Win64/UE4Editor-AvfMediaFactory.dll (API version 3944462).
LogModuleManager: Display: Found up-to-date module file ../../../Engine/Plugins/Media/ImgMedia/Binaries/Win64/UE4Editor-ImgMedia.dll (API version 3944462).
LogModuleManager: Display: Found up-to-date module file ../../../Engine/Plugins/Media/ImgMedia/Binaries/Win64/UE4Editor-ImgMediaEditor.dll (API version 3944462).
LogModuleManager: Display: Found up-to-date module file ../../../Engine/Plugins/Media/ImgMedia/Binaries/Win64/UE4Editor-ImgMediaFactory.dll (API version 3944462).
LogModuleManager: Display: Found up-to-date module file ../../../Engine/Plugins/Media/ImgMedia/Binaries/Win64/UE4Editor-ImgMediaFactory.dll (API version 3944462).
LogModuleManager: Display: Found up-to-date module file ../../../Engine/Plugins/Media/ImgMedia/Binaries/Win64/UE4Editor-OpenExrWrapper.dll (API version 3944462).
LogModuleManager: Display: Found up-to-date module file ../../../Engine/Plugins/Media/LinearTimecode/Binaries/Win64/UE4Editor-LinearTimecode.dll (API version 3944462).
LogModuleManager: Display: Found up-to-date module file ../../../Engine/Plugins/Media/MediaCompositing/Binaries/Win64/UE4Editor-MediaCompositing.dll (API version 3944462).
LogModuleManager: Display: Found up-to-date module file ../../../Engine/Plugins/Media/MediaCompositing/Binaries/Win64/UE4Editor-MediaCompositingEditor.dll (API version 3944462).
LogModuleManager: Display: Found up-to-date module file ../../../Engine/Plugins/Media/MediaPlayerEditor/Binaries/Win64/UE4Editor-MediaPlayerEditor.dll (API version 3944462).
LogModuleManager: Display: Found up-to-date module file ../../../Engine/Plugins/Media/WmfMedia/Binaries/Win64/UE4Editor-WmfMedia.dll (API version 3944462).
LogModuleManager: Display: Found up-to-date module file ../../../Engine/Plugins/Media/WmfMedia/Binaries/Win64/UE4Editor-WmfMediaEditor.dll (API version 3944462).
LogModuleManager: Display: Found up-to-date module file ../../../Engine/Plugins/Media/WmfMedia/Binaries/Win64/UE4Editor-WmfMediaFactory.dll (API version 3944462).
LogModuleManager: Display: Found up-to-date module file ../../../Engine/Plugins/Media/WmfMedia/Binaries/Win64/UE4Editor-WmfMediaFactory.dll (API version 3944462).
LogModuleManager: Display: Found up-to-date module file ../../../Engine/Plugins/Messaging/TcpMessaging/Binaries/Win64/UE4Editor-TcpMessaging.dll (API version 3944462).
LogModuleManager: Display: Found up-to-date module file ../../../Engine/Plugins/Messaging/UdpMessaging/Binaries/Win64/UE4Editor-UdpMessaging.dll (API version 3944462).
LogModuleManager: Display: Found up-to-date module file ../../../Engine/Plugins/MovieScene/ActorSequence/Binaries/Win64/UE4Editor-ActorSequence.dll (API version 3944462).
LogModuleManager: Display: Found up-to-date module file ../../../Engine/Plugins/MovieScene/LevelSequenceEditor/Binaries/Win64/UE4Editor-LevelSequenceEditor.dll (API version 3944462).
LogModuleManager: Display: Found up-to-date module file ../../../Engine/Plugins/MovieScene/MatineeToLevelSequence/Binaries/Win64/UE4Editor-MatineeToLevelSequence.dll (API version 3944462).
LogModuleManager: Display: Found up-to-date module file ../../../Engine/Plugins/NetcodeUnitTest/NetcodeUnitTest/Binaries/Win64/UE4Editor-NetcodeUnitTest.dll (API version 3944462).
LogModuleManager: Display: Found up-to-date module file ../../../Engine/Plugins/NetcodeUnitTest/NUTUnrealEngine4/Binaries/Win64/UE4Editor-NUTUnrealEngine4.dll (API version 3944462).
LogModuleManager: Display: Found up-to-date module file ../../../Engine/Plugins/Online/OnlineSubsystem/Binaries/Win64/UE4Editor-OnlineSubsystem.dll (API version 3944462).
LogModuleManager: Display: Found up-to-date module file ../../../Engine/Plugins/Runtime/AndroidPermission/Binaries/Win64/UE4Editor-AndroidPermission.dll (API version 3944462).
LogModuleManager: Display: Found up-to-date module file ../../../Engine/Plugins/Online/OnlineSubsystemNull/Binaries/Win64/UE4Editor-OnlineSubsystemNull.dll (API version 3944462).
LogModuleManager: Display: Found up-to-date module file ../../../Engine/Plugins/Online/OnlineSubsystemUtils/Binaries/Win64/UE4Editor-OnlineSubsystemUtils.dll (API version 3944462).
LogModuleManager: Display: Found up-to-date module file ../../../Engine/Plugins/Online/OnlineSubsystemUtils/Binaries/Win64/UE4Editor-OnlineBlueprintSupport.dll (API version 3944462).
LogModuleManager: Display: Found up-to-date module file ../../../Engine/Plugins/Runtime/AndroidDeviceProfileSelector/Binaries/Win64/UE4Editor-AndroidDeviceProfileSelector.dll (API version 3944462).
LogModuleManager: Display: Found up-to-date module file ../../../Engine/Plugins/Runtime/AppleARKit/Binaries/Win64/UE4Editor-AppleARKit.dll (API version 3944462).
LogModuleManager: Display: Found up-to-date module file ../../../Engine/Plugins/Runtime/ProceduralMeshComponent/Binaries/Win64/UE4Editor-ProceduralMeshComponent.dll (API version 3944462).
LogModuleManager: Display: Found up-to-date module file ../../../Engine/Plugins/Runtime/ProceduralMeshComponent/Binaries/Win64/UE4Editor-ProceduralMeshComponentEditor.dll (API version 3944462).
LogModuleManager: Display: Found up-to-date module file ../../../Engine/Plugins/Animation/LiveLink/Binaries/Win64/UE4Editor-LiveLink.dll (API version 3944462).
LogModuleManager: Display: Found up-to-date module file ../../../Engine/Plugins/Animation/LiveLink/Binaries/Win64/UE4Editor-LiveLinkEditor.dll (API version 3944462).
LogModuleManager: Display: Found up-to-date module file ../../../Engine/Plugins/Runtime/ArchVisCharacter/Binaries/Win64/UE4Editor-ArchVisCharacter.dll (API version 3944462).
LogModuleManager: Display: Found up-to-date module file ../../../Engine/Plugins/Runtime/AudioCapture/Binaries/Win64/UE4Editor-AudioCapture.dll (API version 3944462).
LogModuleManager: Display: Found up-to-date module file ../../../Engine/Plugins/Runtime/AudioCapture/Binaries/Win64/UE4Editor-AudioCaptureEditor.dll (API version 3944462).
LogModuleManager: Display: Found up-to-date module file ../../../Engine/Plugins/Runtime/CableComponent/Binaries/Win64/UE4Editor-CableComponent.dll (API version 3944462).
LogModuleManager: Display: Found up-to-date module file ../../../Engine/Plugins/Runtime/CustomMeshComponent/Binaries/Win64/UE4Editor-CustomMeshComponent.dll (API version 3944462).
LogModuleManager: Display: Found up-to-date module file ../../../Engine/Plugins/Runtime/ExampleDeviceProfileSelector/Binaries/Win64/UE4Editor-ExampleDeviceProfileSelector.dll (API version 3944462).
LogModuleManager: Display: Found up-to-date module file ../../../Engine/Plugins/Runtime/ImmediatePhysics/Binaries/Win64/UE4Editor-ImmediatePhysics.dll (API version 3944462).
LogModuleManager: Display: Found up-to-date module file ../../../Engine/Plugins/Runtime/ImmediatePhysics/Binaries/Win64/UE4Editor-ImmediatePhysicsEditor.dll (API version 3944462).
LogModuleManager: Display: Found up-to-date module file ../../../Engine/Plugins/Runtime/LocationServicesBPLibrary/Binaries/Win64/UE4Editor-LocationServicesBPLibrary.dll (API version 3944462).
LogModuleManager: Display: Found up-to-date module file ../../../Engine/Plugins/Runtime/MobilePatchingUtils/Binaries/Win64/UE4Editor-MobilePatchingUtils.dll (API version 3944462).
LogModuleManager: Display: Found up-to-date module file ../../../Engine/Plugins/Runtime/Oculus/OculusVR/Binaries/Win64/UE4Editor-OculusHMD.dll (API version 3944462).
LogModuleManager: Display: Found up-to-date module file ../../../Engine/Plugins/Runtime/Oculus/OculusVR/Binaries/Win64/UE4Editor-OculusInput.dll (API version 3944462).
LogModuleManager: Display: Found up-to-date module file ../../../Engine/Plugins/Runtime/Oculus/OculusVR/Binaries/Win64/UE4Editor-OculusEditor.dll (API version 3944462).
LogModuleManager: Display: Found up-to-date module file ../../../Engine/Plugins/Runtime/PhysXVehicles/Binaries/Win64/UE4Editor-PhysXVehicles.dll (API version 3944462).
LogModuleManager: Display: Found up-to-date module file ../../../Engine/Plugins/Runtime/PhysXVehicles/Binaries/Win64/UE4Editor-PhysXVehiclesEditor.dll (API version 3944462).
LogModuleManager: Display: Found up-to-date module file ../../../Engine/Plugins/Runtime/RuntimePhysXCooking/Binaries/Win64/UE4Editor-RuntimePhysXCooking.dll (API version 3944462).
LogModuleManager: Display: Found up-to-date module file ../../../Engine/Plugins/Runtime/Steam/SteamVR/Binaries/Win64/UE4Editor-SteamVR.dll (API version 3944462).
LogModuleManager: Display: Found up-to-date module file ../../../Engine/Plugins/Runtime/Steam/SteamVR/Binaries/Win64/UE4Editor-SteamVRController.dll (API version 3944462).
LogModuleManager: Display: Found up-to-date module file ../../../Engine/Plugins/Runtime/WindowsMoviePlayer/Binaries/Win64/UE4Editor-WindowsMoviePlayer.dll (API version 3944462).
LogPluginManager: Mounting plugin Paper2D
LogPluginManager: Mounting plugin LiveLink
LogPluginManager: Mounting plugin LightPropagationVolume
LogPluginManager: Mounting plugin CLionSourceCodeAccess
LogPluginManager: Mounting plugin CodeLiteSourceCodeAccess
LogPluginManager: Mounting plugin GitSourceControl
LogPluginManager: Mounting plugin KDevelopSourceCodeAccess
LogPluginManager: Mounting plugin NullSourceCodeAccess
LogPluginManager: Mounting plugin PerforceSourceControl
LogPluginManager: Mounting plugin SubversionSourceControl
LogPluginManager: Mounting plugin UObjectPlugin
LogPluginManager: Mounting plugin VisualStudioCodeSourceCodeAccess
LogPluginManager: Mounting plugin VisualStudioSourceCodeAccess
LogPluginManager: Mounting plugin XCodeSourceCodeAccess
LogPluginManager: Mounting plugin AssetManagerEditor
LogPluginManager: Mounting plugin CryptoKeys
LogPluginManager: Mounting plugin DataValidation
LogPluginManager: Mounting plugin FacialAnimation
LogPluginManager: Mounting plugin GameplayTagsEditor
LogPluginManager: Mounting plugin MobileLauncherProfileWizard
LogPluginManager: Mounting plugin PluginBrowser
LogPluginManager: Mounting plugin SpeedTreeImporter
LogPluginManager: Mounting plugin DatasmithContent
LogPluginManager: Mounting plugin AlembicImporter
LogPluginManager: Mounting plugin CharacterAI
LogPluginManager: Mounting plugin HTML5Networking
LogPluginManager: Mounting plugin AndroidMedia
LogPluginManager: Mounting plugin AvfMedia
LogPluginManager: Mounting plugin ImgMedia
LogPluginManager: Mounting plugin LinearTimecode
LogPluginManager: Mounting plugin MediaCompositing
LogPluginManager: Mounting plugin MediaPlayerEditor
LogPluginManager: Mounting plugin WmfMedia
LogPluginManager: Mounting plugin TcpMessaging
LogPluginManager: Mounting plugin UdpMessaging
LogPluginManager: Mounting plugin ActorSequence
LogPluginManager: Mounting plugin LevelSequenceEditor
LogPluginManager: Mounting plugin MatineeToLevelSequence
LogPluginManager: Mounting plugin NetcodeUnitTest
LogPluginManager: Mounting plugin NUTUnrealEngine4
LogPluginManager: Mounting plugin OnlineSubsystemGooglePlay
LogPluginManager: Mounting plugin OnlineSubsystemIOS
LogPluginManager: Mounting plugin OnlineSubsystem
LogPluginManager: Mounting plugin OnlineSubsystemNull
LogPluginManager: Mounting plugin OnlineSubsystemUtils
LogPluginManager: Mounting plugin AndroidDeviceProfileSelector
LogPluginManager: Mounting plugin AndroidMoviePlayer
LogPluginManager: Mounting plugin AndroidPermission
LogPluginManager: Mounting plugin AppleARKit
LogPluginManager: Mounting plugin AppleMoviePlayer
LogPluginManager: Mounting plugin ArchVisCharacter
LogPluginManager: Mounting plugin AudioCapture
LogPluginManager: Mounting plugin CableComponent
LogPluginManager: Mounting plugin CustomMeshComponent
LogPluginManager: Mounting plugin ExampleDeviceProfileSelector
LogPluginManager: Mounting plugin GoogleCloudMessaging
LogPluginManager: Mounting plugin ImmediatePhysics
LogPluginManager: Mounting plugin IOSDeviceProfileSelector
LogPluginManager: Mounting plugin LinuxDeviceProfileSelector
LogPluginManager: Mounting plugin LocationServicesBPLibrary
LogPluginManager: Mounting plugin MobilePatchingUtils
LogPluginManager: Mounting plugin OculusVR
LogPluginManager: Plugin shader directory ../../../Engine/Plugins/Runtime/Oculus/OculusVR/Shaders found
LogPluginManager: Mapping shader source directory ../../../Engine/Plugins/Runtime/Oculus/OculusVR/Shaders to virtual directory /Plugin/OculusVR
LogPluginManager: Mounting plugin PhysXVehicles
LogPluginManager: Mounting plugin ProceduralMeshComponent
LogPluginManager: Mounting plugin RuntimePhysXCooking
LogPluginManager: Mounting plugin SteamVR
LogPluginManager: Mounting plugin WindowsMoviePlayer
LogStreaming: Display: Took  2.127s to configure plugins.
LogInit: Using libcurl 7.47.1
LogInit:  - built for x86_64-pc-win32
LogInit:  - supports SSL with OpenSSL/1.0.2g
LogInit:  - supports HTTP deflate (compression) using libz 1.2.8
LogInit:  - other features:
LogInit:      CURL_VERSION_SSL
LogInit:      CURL_VERSION_LIBZ
LogInit:      CURL_VERSION_IPV6
LogInit:      CURL_VERSION_ASYNCHDNS
LogInit:      CURL_VERSION_LARGEFILE
LogInit:      CURL_VERSION_IDN
LogInit:  CurlRequestOptions (configurable via config and command line):
LogInit:  - bVerifyPeer = false  - Libcurl will NOT verify peer certificate
LogInit:  - bUseHttpProxy = false  - Libcurl will NOT use HTTP proxy
LogInit:  - bDontReuseConnections = false  - Libcurl will reuse connections
LogInit:  - CertBundlePath = nullptr  - Libcurl will use whatever was configured at build time.
LogInit:  - MaxHostConnections = 16  - Libcurl will limit the number of connections to a host
LogInit:  - LocalHostAddr = Default
LogInit: WinSock: version 1.1 (2.2), MaxSocks=32767, MaxUdp=65467
LogInit: WinSock: I am DESKTOP-7NJS75Q (192.168.137.1:0)
LogInit: Build: ++UE4+Release-4.19-CL-4033788
LogInit: Engine Version: 4.19.2-4033788+++UE4+Release-4.19
LogInit: Compatible Engine Version: 4.19.0-3944462+++UE4+Release-4.19
LogInit: Net CL: 3944462
LogDevObjectVersion: Number of dev versions registered: 18
LogDevObjectVersion:   Dev-Blueprints (B0D832E4-1F89-4F0D-ACCF-7EB736FD4AA2): 10
LogDevObjectVersion:   Dev-Build (E1C64328-A22C-4D53-A36C-8E866417BD8C): 0
LogDevObjectVersion:   Dev-Core (375EC13C-06E4-48FB-B500-84F0262A717E): 2
LogDevObjectVersion:   Dev-Editor (E4B068ED-F494-42E9-A231-DA0B2E46BB41): 23
LogDevObjectVersion:   Dev-Framework (CFFC743F-43B0-4480-9391-14DF171D2073): 33
LogDevObjectVersion:   Dev-Mobile (B02B49B5-BB20-44E9-A304-32B752E40360): 2
LogDevObjectVersion:   Dev-Networking (A4E4105C-59A1-49B5-A7C5-40C4547EDFEE): 0
LogDevObjectVersion:   Dev-Online (39C831C9-5AE6-47DC-9A44-9C173E1C8E7C): 0
LogDevObjectVersion:   Dev-Physics (78F01B33-EBEA-4F98-B9B4-84EACCB95AA2): 0
LogDevObjectVersion:   Dev-Platform (6631380F-2D4D-43E0-8009-CF276956A95A): 0
LogDevObjectVersion:   Dev-Rendering (12F88B9F-8875-4AFC-A67C-D90C383ABD29): 25
LogDevObjectVersion:   Dev-Sequencer (7B5AE74C-D270-4C10-A958-57980B212A5A): 6
LogDevObjectVersion:   Dev-VR (D7296918-1DD6-4BDD-9DE2-64A83CC13884): 1
LogDevObjectVersion:   Dev-LoadTimes (C2A15278-BFE7-4AFE-6C17-90FF531DF755): 1
LogDevObjectVersion:   Private-Geometry (6EACA3D4-40EC-4CC1-B786-8BED09428FC5): 2
LogDevObjectVersion:   Dev-AnimPhys (29E575DD-E0A3-4627-9D10-D276232CDCEA): 16
LogDevObjectVersion:   Dev-ReflectionCapture (6B266CEC-1EC7-4B8F-A30B-E4D90942FC07): 1
LogDevObjectVersion:   Dev-Automation (0DF73D61-A23F-47EA-B727-89E90C41499A): 1
LogInit: Compiled (64-bit): Apr 27 2018 02:06:57
LogInit: Compiled with Visual C++: 19.00.24215.01
LogInit: Build Configuration: Development
LogInit: Branch Name: ++UE4+Release-4.19
LogInit: Command Line:  
LogInit: Base Directory: C:/Program Files/Epic Games/UE_4.19/Engine/Binaries/Win64/
LogInit: Installed Engine Build: 1
LogStreaming: Display: Took  0.003s to delete old logs.
LogInit: Presizing for max 8388607 objects, including 0 objects not considered by GC, pre-allocating 0 bytes for permanent pool.
LogInit: Object subsystem initialized
[2020.01.14-08.47.58:613][  0]LogInit: Selected Device Profile: [Windows]
[2020.01.14-08.47.58:613][  0]LogInit: Applying CVar settings loaded from the selected device profile: [Windows]
[2020.01.14-08.47.58:637][  0]LogInit: Computer: DESKTOP-7NJS75Q
[2020.01.14-08.47.58:637][  0]LogInit: User: Hol
[2020.01.14-08.47.58:637][  0]LogInit: CPU Page size=4096, Cores=4
[2020.01.14-08.47.58:637][  0]LogInit: High frequency timer resolution =10.000000 MHz
[2020.01.14-08.47.58:637][  0]LogMemory: Memory total: Physical=15.9GB (16GB approx)
[2020.01.14-08.47.58:637][  0]LogMemory: Platform Memory Stats for Windows
[2020.01.14-08.47.58:637][  0]LogMemory: Process Physical Memory: 276.46 MB used, 276.46 MB peak
[2020.01.14-08.47.58:637][  0]LogMemory: Process Virtual Memory: 276.76 MB used, 276.76 MB peak
[2020.01.14-08.47.58:637][  0]LogMemory: Physical Memory: 7861.08 MB used,  8406.59 MB free, 16267.67 MB total
[2020.01.14-08.47.58:637][  0]LogMemory: Virtual Memory: 4790.86 MB used,  8406.59 MB free, 134217728.00 MB total
[2020.01.14-08.47.58:684][  0]LogInit: Overriding language with editor language configuration option (ko).
[2020.01.14-08.47.58:684][  0]LogInit: Overriding locale with editor locale configuration option (ko).
[2020.01.14-08.47.59:245][  0]LogStreaming: Display: Took  0.562s to EndInitTextLocalization.
[2020.01.14-08.47.59:344][  0]LogSlate: New Slate User Created.  User Index 0, Is Virtual User: 0
[2020.01.14-08.47.59:344][  0]LogSlate: Slate User Registered.  User Index 0, Is Virtual User: 0
[2020.01.14-08.47.59:774][  0]LogD3D11RHI: D3D11 adapters:
[2020.01.14-08.47.59:909][  0]LogD3D11RHI:    0. 'NVIDIA GeForce GTX 970M' (Feature Level 11_0)
[2020.01.14-08.47.59:909][  0]LogD3D11RHI:       3032/0/8133 MB DedicatedVideo/DedicatedSystem/SharedSystem, Outputs:2, VendorId:0x10de
[2020.01.14-08.47.59:952][  0]LogD3D11RHI:    1. 'Intel(R) HD Graphics 530' (Feature Level 11_0)
[2020.01.14-08.47.59:952][  0]LogD3D11RHI:       128/0/8133 MB DedicatedVideo/DedicatedSystem/SharedSystem, Outputs:0, VendorId:0x8086
[2020.01.14-08.47.59:956][  0]LogD3D11RHI:    2. 'Microsoft Basic Render Driver' (Feature Level 11_0)
[2020.01.14-08.47.59:956][  0]LogD3D11RHI:       0/0/8133 MB DedicatedVideo/DedicatedSystem/SharedSystem, Outputs:0, VendorId:0x1414
[2020.01.14-08.47.59:956][  0]LogD3D11RHI: Chosen D3D11 Adapter: 0
[2020.01.14-08.48.00:009][  0]LogD3D11RHI: Creating new Direct3DDevice
[2020.01.14-08.48.00:009][  0]LogD3D11RHI:     GPU DeviceId: 0x13d8 (for the marketing name, search the web for "GPU Device Id")
[2020.01.14-08.48.00:009][  0]LogWindows: EnumDisplayDevices:
[2020.01.14-08.48.00:010][  0]LogWindows:    0. 'Intel(R) HD Graphics 530' (P:0 D:1)
[2020.01.14-08.48.00:011][  0]LogWindows:    1. 'Intel(R) HD Graphics 530' (P:1 D:1)
[2020.01.14-08.48.00:012][  0]LogWindows:    2. 'Intel(R) HD Graphics 530' (P:0 D:0)
[2020.01.14-08.48.00:013][  0]LogWindows: DebugString: GetVideoDriverDetailsInvalid PrimaryIsNotTheChoosenAdapter GetVideoDriverDetailsInvalid PrimaryIsNotTheChoosenAdapter GetVideoDriverDetailsInvalid PrimaryIsNotTheChoosenAdapter FoundDriverCount:0 
[2020.01.14-08.48.00:013][  0]LogD3D11RHI:     Adapter Name: NVIDIA GeForce GTX 970M
[2020.01.14-08.48.00:013][  0]LogD3D11RHI:   Driver Version: Unknown (internal:Unknown, unified:Unknown)
[2020.01.14-08.48.00:013][  0]LogD3D11RHI:      Driver Date: Unknown
[2020.01.14-08.48.00:013][  0]LogRHI: Texture pool is 2122 MB (70% of 3032 MB)
[2020.01.14-08.48.00:089][  0]LogD3D11RHI: [Aftermath] Aftermath enabled and primed
[2020.01.14-08.48.00:089][  0]LogD3D11RHI: [Aftermath] Aftermath enabled and primed
[2020.01.14-08.48.00:089][  0]LogD3D11RHI: Async texture creation enabled
[2020.01.14-08.48.00:104][  0]LogD3D11RHI: GPU Timing Frequency: 1000.000000 (Debug: 2 1)
[2020.01.14-08.48.00:107][  0]LogShaderCompilers: Guid format shader working directory is -20 characters bigger than the processId version (../../../../../../Users/Hol/Desktop/mygame/Rolling-Game/Rolling/Intermediate/Shaders/WorkingDirectory/15024/).
[2020.01.14-08.48.00:108][  0]LogShaderCompilers: Cleaned the shader compiler working directory 'C:/Users/Hol/AppData/Local/Temp/UnrealShaderWorkingDir/1BE30E7040C355DFA8EBF4989F5DF447/'.
[2020.01.14-08.48.00:485][  0]LogTemp: Display: Loaded TP AllDesktopTargetPlatform
[2020.01.14-08.48.00:508][  0]LogTemp: Display: Loaded TP MacClientTargetPlatform
[2020.01.14-08.48.00:531][  0]LogTemp: Display: Loaded TP MacNoEditorTargetPlatform
[2020.01.14-08.48.00:555][  0]LogTemp: Display: Loaded TP MacServerTargetPlatform
[2020.01.14-08.48.00:577][  0]LogTemp: Display: Loaded TP MacTargetPlatform
[2020.01.14-08.48.00:599][  0]LogTemp: Display: Loaded TP WindowsClientTargetPlatform
[2020.01.14-08.48.00:624][  0]LogTemp: Display: Loaded TP WindowsNoEditorTargetPlatform
[2020.01.14-08.48.00:651][  0]LogTemp: Display: Loaded TP WindowsServerTargetPlatform
[2020.01.14-08.48.00:663][  0]LogTemp: Display: Loaded TP WindowsTargetPlatform
[2020.01.14-08.48.00:682][  0]LogTemp: Display: Loaded TP Android_ASTCTargetPlatform
[2020.01.14-08.48.00:700][  0]LogTemp: Display: Loaded TP Android_ATCTargetPlatform
[2020.01.14-08.48.00:720][  0]LogTemp: Display: Loaded TP Android_DXTTargetPlatform
[2020.01.14-08.48.00:739][  0]LogTemp: Display: Loaded TP Android_ETC1aTargetPlatform
[2020.01.14-08.48.00:758][  0]LogTemp: Display: Loaded TP Android_ETC1TargetPlatform
[2020.01.14-08.48.00:777][  0]LogTemp: Display: Loaded TP Android_ETC2TargetPlatform
[2020.01.14-08.48.00:815][  0]LogTemp: Display: Loaded TP Android_MultiTargetPlatform
[2020.01.14-08.48.00:815][  0]LogTemp: Display: Loaded TP Android_PVRTCTargetPlatform
[2020.01.14-08.48.00:837][  0]LogTemp: Display: Loaded TP AndroidTargetPlatform
[2020.01.14-08.48.00:841][  0]LogTemp: Display: Loaded TP HTML5TargetPlatform
[2020.01.14-08.48.00:889][  0]LogTemp: Display: Loaded TP IOSTargetPlatform
[2020.01.14-08.48.00:909][  0]LogTemp: Display: Loaded TP TVOSTargetPlatform
[2020.01.14-08.48.00:932][  0]LogTemp: Display: Loaded TP LinuxClientTargetPlatform
[2020.01.14-08.48.00:950][  0]LogTemp: Display: Loaded TP LinuxNoEditorTargetPlatform
[2020.01.14-08.48.00:973][  0]LogTemp: Display: Loaded TP LinuxServerTargetPlatform
[2020.01.14-08.48.00:997][  0]LogTemp: Display: Loaded TP LinuxTargetPlatform
[2020.01.14-08.48.00:998][  0]LogTargetPlatformManager: Display: Building Assets For Windows
[2020.01.14-08.48.01:233][  0]LogXGEController: Cleaning working directory: C:/Users/Hol/AppData/Local/Temp/UnrealXGEWorkingDir/
[2020.01.14-08.48.01:234][  0]LogXGEController: Cannot use XGE Controller as Incredibuild is not installed on this machine.
[2020.01.14-08.48.01:234][  0]LogShaderCompilers: Cannot use XGE Shader Compiler as Incredibuild is not installed on this machine.
[2020.01.14-08.48.01:234][  0]LogShaderCompilers: Display: Using Local Shader Compiler.
[2020.01.14-08.48.02:517][  0]LogDerivedDataCache: Display: Max Cache Size: 512 MB
[2020.01.14-08.48.02:619][  0]LogDerivedDataCache: Loaded boot cache 0.10s 74MB C:/Users/Hol/AppData/Local/UnrealEngine/4.19/DerivedDataCache/Boot.ddc.
[2020.01.14-08.48.02:619][  0]LogDerivedDataCache: Display: Loaded Boot cache: C:/Users/Hol/AppData/Local/UnrealEngine/4.19/DerivedDataCache/Boot.ddc
[2020.01.14-08.48.02:619][  0]LogDerivedDataCache: FDerivedDataBackendGraph:  Pak pak cache file ../../../../../../Users/Hol/Desktop/mygame/Rolling-Game/Rolling/DerivedDataCache/DDC.ddp not found, will not use a pak cache.
[2020.01.14-08.48.02:619][  0]LogDerivedDataCache: Unable to find inner node Pak for hierarchical cache Hierarchy.
[2020.01.14-08.48.02:619][  0]LogDerivedDataCache: FDerivedDataBackendGraph:  CompressedPak pak cache file ../../../../../../Users/Hol/Desktop/mygame/Rolling-Game/Rolling/DerivedDataCache/Compressed.ddp not found, will not use a pak cache.
[2020.01.14-08.48.02:619][  0]LogDerivedDataCache: Unable to find inner node CompressedPak for hierarchical cache Hierarchy.
[2020.01.14-08.48.02:644][  0]LogDerivedDataCache: Display: Pak cache opened for reading ../../../Engine/DerivedDataCache/Compressed.ddp.
[2020.01.14-08.48.02:657][  0]LogDerivedDataCache: Using Local data cache path C:/Users/Hol/AppData/Local/UnrealEngine/Common/DerivedDataCache: Writable
[2020.01.14-08.48.02:657][  0]LogDerivedDataCache: Shared data cache path not found in *engine.ini, will not use an Shared cache.
[2020.01.14-08.48.02:657][  0]LogDerivedDataCache: Unable to find inner node Shared for hierarchical cache Hierarchy.
[2020.01.14-08.48.02:676][  0]LogMaterial: Verifying Global Shaders for PCD3D_SM5
[2020.01.14-08.48.02:677][  0]LogSlate: Using Freetype 2.6.0
[2020.01.14-08.48.02:677][  0]LogSlate: SlateFontCache - WITH_FREETYPE: 1, WITH_HARFBUZZ: 1
[2020.01.14-08.48.02:677][  0]LogSlate: SlateFontCache - WITH_FREETYPE: 1, WITH_HARFBUZZ: 1
[2020.01.14-08.48.02:891][  0]LogAssetRegistry: FAssetRegistry took 0.0321 seconds to start up
[2020.01.14-08.48.03:536][  0]LogInit: Selected Device Profile: [Windows]
[2020.01.14-08.48.03:664][  0]LogSimplygon: Simplygon DLL not present - disabling.
[2020.01.14-08.48.03:670][  0]LogMeshReduction: Using SimplygonSwarm for distributed automatic mesh merging
[2020.01.14-08.48.03:670][  0]LogMeshReduction: Using QuadricMeshReduction for automatic static mesh reduction
[2020.01.14-08.48.03:670][  0]LogMeshReduction: No automatic skeletal mesh reduction module available
[2020.01.14-08.48.03:670][  0]LogMeshReduction: No automatic mesh merging module available
[2020.01.14-08.48.03:670][  0]LogMeshMerging: No automatic mesh merging module available
[2020.01.14-08.48.03:856][  0]LogNetVersion: Rolling , NetCL: 3944462, EngineNetVer: 2, GameNetVer: 0 (Checksum: 365534698)
[2020.01.14-08.48.04:555][  0]LogPackageLocalizationCache: Processed 9 localized package path(s) for 1 prioritized culture(s) in 0.077516 seconds
[2020.01.14-08.48.04:563][  0]LogUObjectArray: 36729 objects as part of root set at end of initial load.
[2020.01.14-08.48.04:564][  0]LogUObjectAllocator: 7314528 out of 0 bytes used by permanent object pool.
[2020.01.14-08.48.04:564][  0]LogUObjectArray: CloseDisregardForGC: 0/0 objects in disregard for GC pool
[2020.01.14-08.48.07:213][  0]LogTcpMessaging: Initializing TcpMessaging bridge
[2020.01.14-08.48.07:258][  0]LogUdpMessaging: Initializing bridge on interface 0.0.0.0:0 to multicast group 230.0.0.1:6666.
[2020.01.14-08.48.07:858][  0]SourceControl: 소스 콘트롤이 꺼졌습니다.
[2020.01.14-08.48.07:858][  0]SourceControl: 소스 콘트롤이 꺼졌습니다.
[2020.01.14-08.48.07:893][  0]SourceControl: 소스 콘트롤이 꺼졌습니다.
[2020.01.14-08.48.07:926][  0]SourceControl: 소스 콘트롤이 꺼졌습니다.
[2020.01.14-08.48.08:763][  0]LogAndroidPermission: UAndroidPermissionCallbackProxy::GetInstance
[2020.01.14-08.48.09:097][  0]LogOcInput: OculusInput pre-init called
[2020.01.14-08.48.09:275][  0]LogEngine: Initializing Engine...
[2020.01.14-08.48.09:278][  0]LogHMD: Failed to initialize OpenVR with code 110
[2020.01.14-08.48.09:281][  0]LogStats: UGameplayTagsManager::ConstructGameplayTagTree: Construct from data asset -  0.000 s
[2020.01.14-08.48.09:281][  0]LogStats: UGameplayTagsManager::ConstructGameplayTagTree: GameplayTagTreeChangedEvent.Broadcast -  0.000 s
[2020.01.14-08.48.09:614][  0]LogAIModule: Creating AISystem for world Untitled
[2020.01.14-08.48.09:659][  0]LogInit: XAudio2 using '스피커(Realtek High Definition Audio)' : 2 channels at 48 kHz using 32 bits per sample (channel mask 0x3)
[2020.01.14-08.48.09:731][  0]LogInit: FAudioDevice initialized.
[2020.01.14-08.48.09:834][  0]LogDerivedDataCache: Saved boot cache 0.10s 74MB C:/Users/Hol/AppData/Local/UnrealEngine/4.19/DerivedDataCache/Boot.ddc.
[2020.01.14-08.48.09:852][  0]LogInit: Texture streaming: Enabled
[2020.01.14-08.48.09:889][  0]LogEngineSessionManager: EngineSessionManager initialized
[2020.01.14-08.48.09:918][  0]LogInit: Transaction tracking system initialized
[2020.01.14-08.48.09:969][  0]BlueprintLog: New page: 에디터 로드
[2020.01.14-08.48.10:141][  0]LocalizationService: 현지화 서비스가 비활성화되었습니다.
[2020.01.14-08.48.10:323][  0]LogConsoleResponse: Display: 
[2020.01.14-08.48.10:549][  0]LogCook: Display: Max memory allowance for cook 16384mb min free memory 0mb
[2020.01.14-08.48.10:549][  0]LogCook: Display: Mobile HDR setting 1
[2020.01.14-08.48.10:549][  0]LogGameplayTags: Display: UGameplayTagsManager::DoneAddingNativeTags. DelegateIsBound: 0
[2020.01.14-08.48.10:549][  0]LogStats: UGameplayTagsManager::ConstructGameplayTagTree: Construct from data asset -  0.000 s
[2020.01.14-08.48.10:549][  0]LogStats: UGameplayTagsManager::ConstructGameplayTagTree: GameplayTagTreeChangedEvent.Broadcast -  0.000 s
[2020.01.14-08.48.11:173][  0]LogFileCache: Scanning file cache for directory 'C:/Users/Hol/Desktop/mygame/Rolling-Game/Rolling/Content/' took 0.01s
[2020.01.14-08.48.11:243][  0]SourceControl: 소스 콘트롤이 꺼졌습니다.
[2020.01.14-08.48.11:244][  0]Cmd: MAP LOAD FILE="../../../../../../Users/Hol/Desktop/mygame/Rolling-Game/Rolling/Content/Game/Level/0.umap" TEMPLATE=0 SHOWPROGRESS=1 FEATURELEVEL=3
[2020.01.14-08.48.11:244][  0]LightingResults: New page: 라이팅 빌드
[2020.01.14-08.48.11:250][  0]MapCheck: New page: 맵 체크
[2020.01.14-08.48.11:250][  0]LightingResults: New page: 라이팅 빌드
[2020.01.14-08.48.11:285][  0]LogUObjectGlobals: Created PersistentFrame Addr=0x000001ed2283dc90, Size=56, Default__0_C Function /Game/Game/Level/0.0_C:ExecuteUbergraph_0
[2020.01.14-08.48.11:287][  0]LogUObjectGlobals: Destroyed PersistentFrame Addr=0x000001ed2283dc90, Size=56
[2020.01.14-08.48.11:287][  0]LogUObjectGlobals: Created PersistentFrame Addr=0x000001ed2283dc90, Size=56, Default__0_C Function /Engine/Transient.REINST_0_C_3:ExecuteUbergraph_0
[2020.01.14-08.48.11:288][  0]LogUObjectGlobals: Created PersistentFrame Addr=0x000001ed2283cf70, Size=56, Default__0_C Function /Game/Game/Level/0.0_C:ExecuteUbergraph_0
[2020.01.14-08.48.11:307][  0]LogAIModule: Creating AISystem for world 0
[2020.01.14-08.48.11:313][  0]LogEditorServer: Finished looking for orphan Actors (0.000 secs)
[2020.01.14-08.48.11:328][  0]LogUObjectGlobals: Destroyed PersistentFrame Addr=0x000001ed2283dc90, Size=56
[2020.01.14-08.48.11:329][  0]Cmd: MAP CHECKDEP NOCLEARLOG
[2020.01.14-08.48.11:429][  0]MapCheck: 맵 체크 완료: 오류 0 회, 경고 0 회, 소요 시간 99.573ms.
[2020.01.14-08.48.11:429][  0]LogFileHelpers: Loading map '0' took 0.185
[2020.01.14-08.48.11:630][  0]LogCollectionManager: Loaded 0 collections in 0.003978 seconds
[2020.01.14-08.48.11:686][  0]LogFileCache: Scanning file cache for directory 'C:/Users/Hol/Desktop/mygame/Rolling-Game/Rolling/Saved/Collections/' took 0.01s
[2020.01.14-08.48.11:686][  0]LogFileCache: Scanning file cache for directory 'C:/Users/Hol/Desktop/mygame/Rolling-Game/Rolling/Content/Developers/Hol/Collections/' took 0.01s
[2020.01.14-08.48.11:686][  0]LogFileCache: Scanning file cache for directory 'C:/Users/Hol/Desktop/mygame/Rolling-Game/Rolling/Content/Collections/' took 0.01s
[2020.01.14-08.48.11:686][  0]LogCollectionManager: Rebuilt the GUID cache for 0 collections in 0.000000 seconds
[2020.01.14-08.48.11:704][  0]LogContentBrowser: Native class hierarchy populated in 0.0181 seconds. Added 2452 classes and 558 folders.
[2020.01.14-08.48.11:723][  0]LogContentBrowser: Native class hierarchy updated for 'WidgetCarousel' in 0.0003 seconds. Added 0 classes and 0 folders.
[2020.01.14-08.48.11:806][  0]LogContentBrowser: Native class hierarchy updated for 'AddContentDialog' in 0.0003 seconds. Added 0 classes and 0 folders.
[2020.01.14-08.48.11:815][  0]LogContentBrowser: Native class hierarchy updated for 'SceneOutliner' in 0.0002 seconds. Added 1 classes and 2 folders.
[2020.01.14-08.48.12:295][  0]LogSlate: Only BGRA pngs, bmps or icos are supported in by External Image Picker
[2020.01.14-08.48.13:368][  0]LogSlate: Took 0.000388 seconds to synchronously load lazily loaded font '../../../Engine/Content/Slate/Fonts/Roboto-Regular.ttf' (155K)
[2020.01.14-08.48.13:375][  0]LogSlate: Took 0.006337 seconds to synchronously load lazily loaded font '../../../Engine/Content/Editor/Slate/Fonts/NanumGothic.ttf' (4243K)
[2020.01.14-08.48.13:381][  0]LogSlate: Took 0.003938 seconds to synchronously load lazily loaded font '../../../Engine/Content/Editor/Slate/Fonts/NanumGothicBold.ttf' (4188K)
[2020.01.14-08.48.13:381][  0]LogSlate: Took 0.000301 seconds to synchronously load lazily loaded font '../../../Engine/Content/Slate/Fonts/Roboto-Bold.ttf' (160K)
[2020.01.14-08.48.13:392][  0]LogSlate: Took 0.000742 seconds to synchronously load lazily loaded font '../../../Engine/Content/Editor/Slate/Fonts/FontAwesome.ttf' (139K)
[2020.01.14-08.48.13:584][  0]LogTemp: Executing iPhonePackager certificates Engine -bundlename com.YourCompany.Rolling
[2020.01.14-08.48.13:584][  0]LogTemp: CWD: C:\Program Files\Epic Games\UE_4.19\Engine\Binaries\DotNET\IOS
[2020.01.14-08.48.13:584][  0]LogTemp: Initial Dir: C:\Program Files\Epic Games\UE_4.19
[2020.01.14-08.48.13:585][  0]LogTemp: Env CWD: C:\Program Files\Epic Games\UE_4.19\Engine\Binaries\DotNET\IOS
[2020.01.14-08.48.13:585][  0]LogTemp: BranchPath = DESKTOP-7NJS75Q/C/Program Files/Epic Games/UE_4.19/Engine/Binaries --- GameBranchPath = DESKTOP-7NJS75Q/C/Program Files/Epic Games/UE_4.19/Engine/Binaries
[2020.01.14-08.48.13:585][  0]LogTemp: IPP ERROR: Could not find provision directory 'C:\Users\Hol\AppData\Local/Apple Computer/MobileDevice/Provisioning Profiles/'.
[2020.01.14-08.48.13:585][  0]LogRenderer: Reallocating scene render targets to support 1208x600 Format 9 NumSamples 1 (Frame:1).
[2020.01.14-08.48.13:755][  0]LogContentBrowser: Native class hierarchy updated for 'HierarchicalLODOutliner' in 0.0002 seconds. Added 0 classes and 0 folders.
[2020.01.14-08.48.13:756][  0]LogLoad: (Engine Initialization) Total time: 19.45 seconds
[2020.01.14-08.48.13:756][  0]LogLoad: (Engine Initialization) Total Blueprint compile time: 0.00 seconds
[2020.01.14-08.48.14:127][  0]LogContentStreaming: Texture pool size now 800 MB
[2020.01.14-08.48.14:195][  0]LogSlate: Took 0.000278 seconds to synchronously load lazily loaded font '../../../Engine/Content/Slate/Fonts/Roboto-Light.ttf' (167K)
[2020.01.14-08.48.14:454][  1]LogAssetRegistry: Asset discovery search completed in 11.5858 seconds
[2020.01.14-08.48.14:457][  1]LogCollectionManager: Rebuilt the object cache for 0 collections in 0.000001 seconds (found 0 objects)
[2020.01.14-08.48.14:457][  1]LogCollectionManager: Fixed up redirectors for 0 collections in 0.000070 seconds (updated 0 objects)
[2020.01.14-08.48.43:501][354]LogSlate: FSceneViewport::OnFocusLost() reason 0
[2020.01.14-08.48.43:678][364]LogSlate: Took 0.000297 seconds to synchronously load lazily loaded font '../../../Engine/Content/Slate/Fonts/Roboto-Light.ttf' (167K)
[2020.01.14-08.48.43:738][364]LogUObjectGlobals: Created PersistentFrame Addr=0x000001ed6d4381e0, Size=4, Default__Blocking_Cube1_BP_C Function /Game/Game/BP/Blocking_Cube1_BP.Blocking_Cube1_BP_C:ExecuteUbergraph_Blocking_Cube1_BP
[2020.01.14-08.48.43:740][364]LogUObjectGlobals: Destroyed PersistentFrame Addr=0x000001ed6d4381e0, Size=4
[2020.01.14-08.48.43:740][364]LogUObjectGlobals: Created PersistentFrame Addr=0x000001ed6d4381e0, Size=4, Default__Blocking_Cube1_BP_C Function /Engine/Transient.REINST_Blocking_Cube1_BP_C_5:ExecuteUbergraph_Blocking_Cube1_BP
[2020.01.14-08.48.43:742][364]LogUObjectGlobals: Created PersistentFrame Addr=0x000001ed6d438310, Size=4, Default__Blocking_Cube1_BP_C Function /Game/Game/BP/Blocking_Cube1_BP.Blocking_Cube1_BP_C:ExecuteUbergraph_Blocking_Cube1_BP
[2020.01.14-08.48.43:780][364]LogUObjectGlobals: Created PersistentFrame Addr=0x000001ed6d438640, Size=4, Default__force_C Function /Game/Game/BP/force.force_C:ExecuteUbergraph_force
[2020.01.14-08.48.43:783][364]LogUObjectGlobals: Destroyed PersistentFrame Addr=0x000001ed6d438640, Size=4
[2020.01.14-08.48.43:783][364]LogUObjectGlobals: Created PersistentFrame Addr=0x000001ed6d438640, Size=4, Default__force_C Function /Engine/Transient.REINST_force_C_11:ExecuteUbergraph_force
[2020.01.14-08.48.43:784][364]LogUObjectGlobals: Created PersistentFrame Addr=0x000001ed6d4387a8, Size=4, Default__force_C Function /Game/Game/BP/force.force_C:ExecuteUbergraph_force
[2020.01.14-08.48.43:790][364]LogUObjectGlobals: Created PersistentFrame Addr=0x000001ed10507280, Size=96, Default__Force_Cube_BP_C Function /Game/Game/BP/Force_Cube_BP.Force_Cube_BP_C:ExecuteUbergraph_Force_Cube_BP
[2020.01.14-08.48.43:794][364]LogUObjectGlobals: Destroyed PersistentFrame Addr=0x000001ed10507280, Size=96
[2020.01.14-08.48.43:794][364]LogUObjectGlobals: Created PersistentFrame Addr=0x000001ed10507280, Size=96, Default__Force_Cube_BP_C Function /Engine/Transient.REINST_Force_Cube_BP_C_13:ExecuteUbergraph_Force_Cube_BP
[2020.01.14-08.48.43:797][364]LogUObjectGlobals: Created PersistentFrame Addr=0x000001ed105062c0, Size=96, Default__Force_Cube_BP_C Function /Game/Game/BP/Force_Cube_BP.Force_Cube_BP_C:ExecuteUbergraph_Force_Cube_BP
[2020.01.14-08.48.43:807][364]LogUObjectGlobals: Created PersistentFrame Addr=0x000001ed30a4cb80, Size=160, Default__Movable_Cube2_BP_C Function /Game/Game/BP/Movable_Cube2_BP.Movable_Cube2_BP_C:ExecuteUbergraph_Movable_Cube2_BP
[2020.01.14-08.48.43:810][364]LogUObjectGlobals: Destroyed PersistentFrame Addr=0x000001ed30a4cb80, Size=160
[2020.01.14-08.48.43:810][364]LogUObjectGlobals: Created PersistentFrame Addr=0x000001ed30a1bba0, Size=160, Default__Movable_Cube2_BP_C Function /Engine/Transient.REINST_Movable_Cube2_BP_C_15:ExecuteUbergraph_Movable_Cube2_BP
[2020.01.14-08.48.43:812][364]LogUObjectGlobals: Created PersistentFrame Addr=0x000001ed30a1b420, Size=160, Default__Movable_Cube2_BP_C Function /Game/Game/BP/Movable_Cube2_BP.Movable_Cube2_BP_C:ExecuteUbergraph_Movable_Cube2_BP
[2020.01.14-08.48.43:818][364]LogUObjectGlobals: Created PersistentFrame Addr=0x000001ed30a19ee0, Size=160, Default__Movable_Cube_BP_C Function /Game/Game/BP/Movable_Cube_BP.Movable_Cube_BP_C:ExecuteUbergraph_Movable_Cube_BP
[2020.01.14-08.48.43:823][364]LogUObjectGlobals: Destroyed PersistentFrame Addr=0x000001ed30a19ee0, Size=160
[2020.01.14-08.48.43:823][364]LogUObjectGlobals: Created PersistentFrame Addr=0x000001ed30a18fe0, Size=160, Default__Movable_Cube_BP_C Function /Engine/Transient.REINST_Movable_Cube_BP_C_17:ExecuteUbergraph_Movable_Cube_BP
[2020.01.14-08.48.43:825][364]LogUObjectGlobals: Created PersistentFrame Addr=0x000001ed30a187c0, Size=160, Default__Movable_Cube_BP_C Function /Game/Game/BP/Movable_Cube_BP.Movable_Cube_BP_C:ExecuteUbergraph_Movable_Cube_BP
[2020.01.14-08.48.43:853][364]LogUObjectGlobals: Created PersistentFrame Addr=0x000001ed2cb8c800, Size=1088, Default__Moving_Cube_BP_C Function /Game/Game/BP/Moving_Cube_BP.Moving_Cube_BP_C:ExecuteUbergraph_Moving_Cube_BP
[2020.01.14-08.48.43:861][364]LogUObjectGlobals: Destroyed PersistentFrame Addr=0x000001ed2cb8c800, Size=1088
[2020.01.14-08.48.43:861][364]LogUObjectGlobals: Created PersistentFrame Addr=0x000001ed2cb79600, Size=1088, Default__Moving_Cube_BP_C Function /Engine/Transient.REINST_Moving_Cube_BP_C_21:ExecuteUbergraph_Moving_Cube_BP
[2020.01.14-08.48.43:869][364]LogUObjectGlobals: Created PersistentFrame Addr=0x000001ed2cb27200, Size=1088, Default__Moving_Cube_BP_C Function /Game/Game/BP/Moving_Cube_BP.Moving_Cube_BP_C:ExecuteUbergraph_Moving_Cube_BP
[2020.01.14-08.48.43:894][364]LogUObjectGlobals: Created PersistentFrame Addr=0x000001ed2caed800, Size=560, Default__PhysicsBallBP_C Function /Game/RollingBP/Blueprints/PhysicsBallBP.PhysicsBallBP_C:ExecuteUbergraph_PhysicsBallBP
[2020.01.14-08.48.43:904][364]LogUObjectGlobals: Destroyed PersistentFrame Addr=0x000001ed2caed800, Size=560
[2020.01.14-08.48.43:904][364]LogUObjectGlobals: Created PersistentFrame Addr=0x000001ed2caed800, Size=560, Default__PhysicsBallBP_C Function /Engine/Transient.REINST_PhysicsBallBP_C_23:ExecuteUbergraph_PhysicsBallBP
[2020.01.14-08.48.43:911][364]LogUObjectGlobals: Created PersistentFrame Addr=0x000001ed2cb11580, Size=560, Default__PhysicsBallBP_C Function /Game/RollingBP/Blueprints/PhysicsBallBP.PhysicsBallBP_C:ExecuteUbergraph_PhysicsBallBP
[2020.01.14-08.48.43:919][364]LogUObjectGlobals: Created PersistentFrame Addr=0x000001ed70a622e0, Size=4, Default__MyHud_C Function /Game/Game/MyHud.MyHud_C:ExecuteUbergraph_MyHud
[2020.01.14-08.48.43:921][364]LogUObjectGlobals: Destroyed PersistentFrame Addr=0x000001ed70a622e0, Size=4
[2020.01.14-08.48.43:921][364]LogUObjectGlobals: Created PersistentFrame Addr=0x000001ed70a622e0, Size=4, Default__MyHud_C Function /Engine/Transient.REINST_MyHud_C_25:ExecuteUbergraph_MyHud
[2020.01.14-08.48.43:922][364]LogUObjectGlobals: Created PersistentFrame Addr=0x000001ed70a611b0, Size=4, Default__MyHud_C Function /Game/Game/MyHud.MyHud_C:ExecuteUbergraph_MyHud
[2020.01.14-08.48.43:939][364]LogUObjectGlobals: Created PersistentFrame Addr=0x000001ed2ca5d670, Size=72, Default__GameClear_C Function /Game/Game/UI/GameClear.GameClear_C:ExecuteUbergraph_GameClear
[2020.01.14-08.48.43:942][364]LogUObjectGlobals: Destroyed PersistentFrame Addr=0x000001ed2ca5d670, Size=72
[2020.01.14-08.48.43:942][364]LogUObjectGlobals: Created PersistentFrame Addr=0x000001ed2ca5c860, Size=72, Default__GameClear_C Function /Engine/Transient.REINST_GameClear_C_0:ExecuteUbergraph_GameClear
[2020.01.14-08.48.43:944][364]LogUObjectGlobals: Created PersistentFrame Addr=0x000001ed2cb95300, Size=72, Default__GameClear_C Function /Game/Game/UI/GameClear.GameClear_C:ExecuteUbergraph_GameClear
[2020.01.14-08.48.43:950][364]LogUObjectGlobals: Created PersistentFrame Addr=0x000001ed2cb9e638, Size=40, Default__GameFail_C Function /Game/Game/UI/GameFail.GameFail_C:ExecuteUbergraph_GameFail
[2020.01.14-08.48.43:953][364]LogUObjectGlobals: Destroyed PersistentFrame Addr=0x000001ed2cb9e638, Size=40
[2020.01.14-08.48.43:953][364]LogUObjectGlobals: Created PersistentFrame Addr=0x000001ed2cb9e638, Size=40, Default__GameFail_C Function /Engine/Transient.REINST_GameFail_C_1:ExecuteUbergraph_GameFail
[2020.01.14-08.48.43:955][364]LogUObjectGlobals: Created PersistentFrame Addr=0x000001ed2cb9e5c0, Size=40, Default__GameFail_C Function /Game/Game/UI/GameFail.GameFail_C:ExecuteUbergraph_GameFail
[2020.01.14-08.48.43:972][364]LogUObjectGlobals: Created PersistentFrame Addr=0x000001ed2cb90170, Size=104, Default__18_C Function /Game/Game/Level/18.18_C:ExecuteUbergraph_18
[2020.01.14-08.48.43:982][364]LogUObjectGlobals: Destroyed PersistentFrame Addr=0x000001ed2cb90170, Size=104
[2020.01.14-08.48.43:983][364]LogUObjectGlobals: Created PersistentFrame Addr=0x000001ed2cb90170, Size=104, Default__18_C Function /Engine/Transient.REINST_18_C_32:ExecuteUbergraph_18
[2020.01.14-08.48.43:998][364]LogUObjectGlobals: Created PersistentFrame Addr=0x000001ed3858b350, Size=104, Default__18_C Function /Game/Game/Level/18.18_C:ExecuteUbergraph_18
[2020.01.14-08.48.44:283][364]LogAIModule: Creating AISystem for world 18
[2020.01.14-08.48.44:415][364]LogUObjectGlobals: Destroyed PersistentFrame Addr=0x000001ed6d4381e0, Size=4
[2020.01.14-08.48.44:415][364]LogUObjectGlobals: Destroyed PersistentFrame Addr=0x000001ed6d438640, Size=4
[2020.01.14-08.48.44:415][364]LogUObjectGlobals: Destroyed PersistentFrame Addr=0x000001ed10507280, Size=96
[2020.01.14-08.48.44:416][364]LogUObjectGlobals: Destroyed PersistentFrame Addr=0x000001ed30a1bba0, Size=160
[2020.01.14-08.48.44:416][364]LogUObjectGlobals: Destroyed PersistentFrame Addr=0x000001ed30a18fe0, Size=160
[2020.01.14-08.48.44:416][364]LogUObjectGlobals: Destroyed PersistentFrame Addr=0x000001ed2cb79600, Size=1088
[2020.01.14-08.48.44:416][364]LogUObjectGlobals: Destroyed PersistentFrame Addr=0x000001ed2caed800, Size=560
[2020.01.14-08.48.44:416][364]LogUObjectGlobals: Destroyed PersistentFrame Addr=0x000001ed70a622e0, Size=4
[2020.01.14-08.48.44:416][364]LogUObjectGlobals: Destroyed PersistentFrame Addr=0x000001ed2ca5c860, Size=72
[2020.01.14-08.48.44:416][364]LogUObjectGlobals: Destroyed PersistentFrame Addr=0x000001ed2cb9e638, Size=40
[2020.01.14-08.48.44:416][364]LogUObjectGlobals: Destroyed PersistentFrame Addr=0x000001ed2cb90170, Size=104
[2020.01.14-08.48.44:420][364]Cmd: MAP LOAD FILE="../../../../../../Users/Hol/Desktop/mygame/Rolling-Game/Rolling/Content/Game/Level/18.umap" TEMPLATE=0 SHOWPROGRESS=1 FEATURELEVEL=3
[2020.01.14-08.48.44:420][364]LightingResults: New page: 라이팅 빌드
[2020.01.14-08.48.44:420][364]LoadErrors: New page: 맵 로드중: 18.umap
[2020.01.14-08.48.44:421][364]MapCheck: New page: 맵 체크
[2020.01.14-08.48.44:421][364]LightingResults: New page: 라이팅 빌드
[2020.01.14-08.48.44:432][364]LogUObjectGlobals: Destroyed PersistentFrame Addr=0x000001ed2283cf70, Size=56
[2020.01.14-08.48.44:709][364]LogEditorServer: Finished looking for orphan Actors (0.000 secs)
[2020.01.14-08.48.44:793][364]Cmd: MAP CHECKDEP NOCLEARLOG
[2020.01.14-08.48.44:900][364]MapCheck: 맵 체크 완료: 오류 0 회, 경고 0 회, 소요 시간 107.008ms.
[2020.01.14-08.48.44:904][364]LogFileHelpers: Loading map '18' took 0.485
[2020.01.14-09.07.48:292][228]LogEditorViewport: Clicking Background
[2020.01.14-09.08.58:072][240]LogEditorViewport: Clicking on Actor (LMB): Plane_Blueprint_C (Plane_Blueprint)
[2020.01.14-09.28.30:764][ 27]LogEditorViewport: Clicking Background
[2020.01.14-09.43.01:314][729]LogSlate: FSceneViewport::OnFocusLost() reason 0
[2020.01.14-09.43.01:620][735]LogSlate: Window 'Rolling - 언리얼 에디터' being destroyed
[2020.01.14-09.43.01:627][735]LogWindowsTextInputMethodSystem: Display: IME system now activated using TSF (Microsoft 입력기).
[2020.01.14-09.43.02:004][736]Cmd: QUIT_EDITOR
[2020.01.14-09.43.02:096][736]LogSlate: Slate User Destroyed.  User Index 0, Is Virtual User: 0
[2020.01.14-09.43.02:096][736]LogExit: Preparing to exit.
[2020.01.14-09.43.04:664][736]LogDirectoryWatcher: A directory notification for 'C:/Users/Hol/Desktop/mygame/Rolling-Game/Rolling/Content/' was aborted.
[2020.01.14-09.43.04:714][736]LogExit: Editor shut down
[2020.01.14-09.43.04:738][736]LogExit: Transaction tracking system shut down
[2020.01.14-09.43.04:739][736]LogUObjectGlobals: Destroyed PersistentFrame Addr=0x000001ed6d438310, Size=4
[2020.01.14-09.43.04:739][736]LogUObjectGlobals: Destroyed PersistentFrame Addr=0x000001ed6d4387a8, Size=4
[2020.01.14-09.43.04:739][736]LogUObjectGlobals: Destroyed PersistentFrame Addr=0x000001ed105062c0, Size=96
[2020.01.14-09.43.04:739][736]LogUObjectGlobals: Destroyed PersistentFrame Addr=0x000001ed30a1b420, Size=160
[2020.01.14-09.43.04:739][736]LogUObjectGlobals: Destroyed PersistentFrame Addr=0x000001ed30a187c0, Size=160
[2020.01.14-09.43.04:740][736]LogUObjectGlobals: Destroyed PersistentFrame Addr=0x000001ed2cb27200, Size=1088
[2020.01.14-09.43.04:740][736]LogUObjectGlobals: Destroyed PersistentFrame Addr=0x000001ed2cb11580, Size=560
[2020.01.14-09.43.04:740][736]LogUObjectGlobals: Destroyed PersistentFrame Addr=0x000001ed70a611b0, Size=4
[2020.01.14-09.43.04:741][736]LogUObjectGlobals: Destroyed PersistentFrame Addr=0x000001ed2cb95300, Size=72
[2020.01.14-09.43.04:742][736]LogUObjectGlobals: Destroyed PersistentFrame Addr=0x000001ed2cb9e5c0, Size=40
[2020.01.14-09.43.04:750][736]LogUObjectGlobals: Destroyed PersistentFrame Addr=0x000001ed3858b350, Size=104
[2020.01.14-09.43.04:926][736]LogDirectoryWatcher: A directory notification for '../../../Engine/Content/' was aborted.
[2020.01.14-09.43.04:926][736]LogDirectoryWatcher: A directory notification for '../../../../../../Users/Hol/Desktop/mygame/Rolling-Game/Rolling/Content/' was aborted.
[2020.01.14-09.43.04:926][736]LogDirectoryWatcher: A directory notification for '../../Plugins/2D/Paper2D/Content/' was aborted.
[2020.01.14-09.43.04:926][736]LogDirectoryWatcher: A directory notification for '../../Plugins/Enterprise/DatasmithContent/Content/' was aborted.
[2020.01.14-09.43.04:926][736]LogDirectoryWatcher: A directory notification for '../../Plugins/Media/MediaCompositing/Content/' was aborted.
[2020.01.14-09.43.04:927][736]LogDirectoryWatcher: A directory notification for '../../Plugins/Runtime/AppleARKit/Content/' was aborted.
[2020.01.14-09.43.04:927][736]LogDirectoryWatcher: A directory notification for '../../Plugins/Runtime/Oculus/OculusVR/Content/' was aborted.
[2020.01.14-09.43.04:927][736]LogDirectoryWatcher: A directory notification for '../../Plugins/Runtime/Steam/SteamVR/Content/' was aborted.
[2020.01.14-09.43.05:036][736]LogExit: Object subsystem successfully closed.
[2020.01.14-09.43.05:059][736]LogShaderCompilers: Display: Shaders left to compile 0
[2020.01.14-09.43.05:064][736]LogD3D11RHI: Shutdown
[2020.01.14-09.43.05:064][736]LogD3D11RHI: CleanupD3DDevice
[2020.01.14-09.43.05:070][736]LogD3D11RHI: ~FD3D11DynamicRHI
[2020.01.14-09.43.05:109][736]LogModuleManager: Shutting down and abandoning module HierarchicalLODOutliner (576)
[2020.01.14-09.43.05:109][736]LogModuleManager: Shutting down and abandoning module ExternalImagePicker (574)
[2020.01.14-09.43.05:109][736]LogModuleManager: Shutting down and abandoning module SceneOutliner (572)
[2020.01.14-09.43.05:109][736]LogModuleManager: Shutting down and abandoning module AddContentDialog (570)
[2020.01.14-09.43.05:109][736]LogDirectoryWatcher: A directory notification for 'C:/Program Files/Epic Games/UE_4.19/FeaturePacks/' was aborted.
[2020.01.14-09.43.05:113][736]LogModuleManager: Shutting down and abandoning module WidgetCarousel (569)
[2020.01.14-09.43.05:113][736]LogModuleManager: Shutting down and abandoning module EditorWidgets (566)
[2020.01.14-09.43.05:113][736]LogModuleManager: Shutting down and abandoning module CollectionManager (564)
[2020.01.14-09.43.05:113][736]LogDirectoryWatcher: A directory notification for 'C:/Users/Hol/Desktop/mygame/Rolling-Game/Rolling/Content/Collections/' was aborted.
[2020.01.14-09.43.05:113][736]LogDirectoryWatcher: A directory notification for 'C:/Users/Hol/Desktop/mygame/Rolling-Game/Rolling/Content/Developers/Hol/Collections/' was aborted.
[2020.01.14-09.43.05:113][736]LogDirectoryWatcher: A directory notification for 'C:/Users/Hol/Desktop/mygame/Rolling-Game/Rolling/Saved/Collections/' was aborted.
[2020.01.14-09.43.05:113][736]LogModuleManager: Shutting down and abandoning module StatsViewer (562)
[2020.01.14-09.43.05:113][736]LogModuleManager: Shutting down and abandoning module FoliageEdit (560)
[2020.01.14-09.43.05:114][736]LogModuleManager: Shutting down and abandoning module LandscapeEditor (558)
[2020.01.14-09.43.05:114][736]LogModuleManager: Shutting down and abandoning module MeshPaintMode (556)
[2020.01.14-09.43.05:114][736]LogModuleManager: Shutting down and abandoning module SceneDepthPickerMode (554)
[2020.01.14-09.43.05:114][736]LogModuleManager: Shutting down and abandoning module ActorPickerMode (552)
[2020.01.14-09.43.05:114][736]LogModuleManager: Shutting down and abandoning module GeometryMode (550)
[2020.01.14-09.43.05:114][736]LogModuleManager: Shutting down and abandoning module TextureAlignMode (548)
[2020.01.14-09.43.05:114][736]LogModuleManager: Shutting down and abandoning module BspMode (546)
[2020.01.14-09.43.05:114][736]LogModuleManager: Shutting down and abandoning module PIEPreviewDeviceProfileSelector (544)
[2020.01.14-09.43.05:114][736]LogModuleManager: Shutting down and abandoning module HardwareSurvey (542)
[2020.01.14-09.43.05:114][736]LogModuleManager: Shutting down and abandoning module SequenceRecorderSections (540)
[2020.01.14-09.43.05:114][736]LogModuleManager: Shutting down and abandoning module AutomationWorker (538)
[2020.01.14-09.43.05:114][736]LogModuleManager: Shutting down and abandoning module AudioCaptureEditor (536)
[2020.01.14-09.43.05:114][736]LogModuleManager: Shutting down and abandoning module SequenceRecorder (535)
[2020.01.14-09.43.05:114][736]LogModuleManager: Shutting down and abandoning module MatineeToLevelSequence (532)
[2020.01.14-09.43.05:114][736]LogModuleManager: Shutting down and abandoning module LevelSequenceEditor (530)
[2020.01.14-09.43.05:114][736]LogModuleManager: Shutting down and abandoning module PlacementMode (529)
[2020.01.14-09.43.05:114][736]LogModuleManager: Shutting down and abandoning module MaterialEditor (528)
[2020.01.14-09.43.05:114][736]LogModuleManager: Shutting down and abandoning module WmfMediaFactory (524)
[2020.01.14-09.43.05:114][736]LogModuleManager: Shutting down and abandoning module WmfMediaEditor (522)
[2020.01.14-09.43.05:114][736]LogModuleManager: Shutting down and abandoning module MediaPlayerEditor (520)
[2020.01.14-09.43.05:114][736]LogModuleManager: Shutting down and abandoning module OpenExrWrapper (518)
[2020.01.14-09.43.05:114][736]LogModuleManager: Shutting down and abandoning module ImgMediaFactory (516)
[2020.01.14-09.43.05:114][736]LogModuleManager: Shutting down and abandoning module ImgMediaEditor (514)
[2020.01.14-09.43.05:114][736]LogModuleManager: Shutting down and abandoning module AvfMediaFactory (512)
[2020.01.14-09.43.05:114][736]LogModuleManager: Shutting down and abandoning module AvfMediaEditor (510)
[2020.01.14-09.43.05:114][736]LogModuleManager: Shutting down and abandoning module AndroidMediaFactory (508)
[2020.01.14-09.43.05:114][736]LogModuleManager: Shutting down and abandoning module AndroidMediaEditor (506)
[2020.01.14-09.43.05:115][736]LogModuleManager: Shutting down and abandoning module CharacterAI (504)
[2020.01.14-09.43.05:115][736]LogModuleManager: Shutting down and abandoning module SmartSnapping (502)
[2020.01.14-09.43.05:115][736]LogModuleManager: Shutting down and abandoning module SessionServices (500)
[2020.01.14-09.43.05:115][736]LogModuleManager: Shutting down and abandoning module ViewportSnapping (498)
[2020.01.14-09.43.05:115][736]LogModuleManager: Shutting down and abandoning module ViewportInteraction (496)
[2020.01.14-09.43.05:115][736]LogModuleManager: Shutting down and abandoning module ClothPainter (494)
[2020.01.14-09.43.05:115][736]LogModuleManager: Shutting down and abandoning module SkeletalMeshEditor (493)
[2020.01.14-09.43.05:115][736]LogModuleManager: Shutting down and abandoning module LogVisualizer (490)
[2020.01.14-09.43.05:115][736]LogModuleManager: Shutting down and abandoning module IntroTutorials (488)
[2020.01.14-09.43.05:115][736]LogModuleManager: Shutting down and abandoning module GameProjectGeneration (487)
[2020.01.14-09.43.05:115][736]LogModuleManager: Shutting down and abandoning module IOSPlatformEditor (484)
[2020.01.14-09.43.05:115][736]LogModuleManager: Shutting down and abandoning module HTML5PlatformEditor (482)
[2020.01.14-09.43.05:115][736]LogModuleManager: Shutting down and abandoning module AndroidPlatformEditor (480)
[2020.01.14-09.43.05:115][736]LogModuleManager: Shutting down and abandoning module AndroidDeviceDetection (479)
[2020.01.14-09.43.05:116][736]LogModuleManager: Shutting down and abandoning module WindowsPlatformEditor (476)
[2020.01.14-09.43.05:117][736]LogModuleManager: Shutting down and abandoning module IOSRuntimeSettings (474)
[2020.01.14-09.43.05:117][736]LogModuleManager: Shutting down and abandoning module AndroidRuntimeSettings (472)
[2020.01.14-09.43.05:117][736]LogModuleManager: Shutting down and abandoning module InputBindingEditor (470)
[2020.01.14-09.43.05:117][736]LogModuleManager: Shutting down and abandoning module MergeActors (468)
[2020.01.14-09.43.05:117][736]LogModuleManager: Shutting down and abandoning module LocalizationDashboard (466)
[2020.01.14-09.43.05:117][736]LogModuleManager: Shutting down and abandoning module LocalizationService (465)
[2020.01.14-09.43.05:117][736]LogModuleManager: Shutting down and abandoning module HardwareTargeting (462)
[2020.01.14-09.43.05:117][736]LogModuleManager: Shutting down and abandoning module DeviceProfileEditor (460)
[2020.01.14-09.43.05:117][736]LogModuleManager: Shutting down and abandoning module UndoHistory (458)
[2020.01.14-09.43.05:117][736]LogModuleManager: Shutting down and abandoning module XmlParser (456)
[2020.01.14-09.43.05:117][736]LogModuleManager: Shutting down and abandoning module Blutility (454)
[2020.01.14-09.43.05:117][736]LogModuleManager: Shutting down and abandoning module ProjectSettingsViewer (452)
[2020.01.14-09.43.05:117][736]LogModuleManager: Shutting down and abandoning module ProjectTargetPlatformEditor (451)
[2020.01.14-09.43.05:118][736]LogModuleManager: Shutting down and abandoning module EditorSettingsViewer (448)
[2020.01.14-09.43.05:118][736]LogModuleManager: Shutting down and abandoning module SettingsEditor (446)
[2020.01.14-09.43.05:118][736]LogModuleManager: Shutting down and abandoning module ProjectLauncher (444)
[2020.01.14-09.43.05:118][736]LogModuleManager: Shutting down and abandoning module SessionFrontend (442)
[2020.01.14-09.43.05:118][736]LogModuleManager: Shutting down and abandoning module ProfilerClient (440)
[2020.01.14-09.43.05:118][736]LogModuleManager: Shutting down and abandoning module DeviceManager (438)
[2020.01.14-09.43.05:118][736]LogModuleManager: Shutting down and abandoning module TargetDeviceServices (437)
[2020.01.14-09.43.05:184][736]LogModuleManager: Shutting down and abandoning module AutomationController (434)
[2020.01.14-09.43.05:184][736]LogModuleManager: Shutting down and abandoning module AutomationWindow (432)
[2020.01.14-09.43.05:184][736]LogModuleManager: Shutting down and abandoning module Layers (430)
[2020.01.14-09.43.05:184][736]LogModuleManager: Shutting down and abandoning module ComponentVisualizers (428)
[2020.01.14-09.43.05:184][736]LogModuleManager: Shutting down and abandoning module DetailCustomizations (426)
[2020.01.14-09.43.05:184][736]LogModuleManager: Shutting down and abandoning module PackagesDialog (424)
[2020.01.14-09.43.05:184][736]LogModuleManager: Shutting down and abandoning module Persona (422)
[2020.01.14-09.43.05:184][736]LogModuleManager: Shutting down and abandoning module AdvancedPreviewScene (421)
[2020.01.14-09.43.05:184][736]LogModuleManager: Shutting down and abandoning module AnimGraph (419)
[2020.01.14-09.43.05:184][736]LogModuleManager: Shutting down and abandoning module Kismet (416)
[2020.01.14-09.43.05:185][736]LogModuleManager: Shutting down and abandoning module GraphEditor (414)
[2020.01.14-09.43.05:185][736]LogModuleManager: Shutting down and abandoning module ClassViewer (412)
[2020.01.14-09.43.05:185][736]LogModuleManager: Shutting down and abandoning module Toolbox (410)
[2020.01.14-09.43.05:185][736]LogModuleManager: Shutting down and abandoning module ModuleUI (408)
[2020.01.14-09.43.05:185][736]LogModuleManager: Shutting down and abandoning module MovieSceneTools (406)
[2020.01.14-09.43.05:185][736]LogModuleManager: Shutting down and abandoning module OutputLog (404)
[2020.01.14-09.43.05:186][736]LogModuleManager: Shutting down and abandoning module GammaUI (402)
[2020.01.14-09.43.05:186][736]LogModuleManager: Shutting down and abandoning module Documentation (400)
[2020.01.14-09.43.05:186][736]LogModuleManager: Shutting down and abandoning module MovieSceneTracks (398)
[2020.01.14-09.43.05:186][736]LogModuleManager: Shutting down and abandoning module MovieScene (396)
[2020.01.14-09.43.05:186][736]LogModuleManager: Shutting down and abandoning module StreamingPauseRendering (394)
[2020.01.14-09.43.05:186][736]LogModuleManager: Shutting down and abandoning module LauncherPlatform (392)
[2020.01.14-09.43.05:186][736]LogModuleManager: Shutting down and abandoning module AnalyticsET (390)
[2020.01.14-09.43.05:186][736]LogModuleManager: Shutting down and abandoning module PortalServices (388)
[2020.01.14-09.43.05:186][736]LogModuleManager: Shutting down and abandoning module PortalRpc (386)
[2020.01.14-09.43.05:186][736]LogModuleManager: Shutting down and abandoning module MessagingRpc (384)
[2020.01.14-09.43.05:186][736]LogModuleManager: Shutting down and abandoning module AIModule (382)
[2020.01.14-09.43.05:186][736]LogModuleManager: Shutting down and abandoning module GameplayDebugger (381)
[2020.01.14-09.43.05:186][736]LogModuleManager: Shutting down and abandoning module AITestSuite (379)
[2020.01.14-09.43.05:186][736]LogModuleManager: Shutting down and abandoning module DesktopPlatform (376)
[2020.01.14-09.43.05:186][736]LogModuleManager: Shutting down and abandoning module ProfilerService (374)
[2020.01.14-09.43.05:370][736]LogModuleManager: Shutting down and abandoning module TaskGraph (372)
[2020.01.14-09.43.05:370][736]LogModuleManager: Shutting down and abandoning module SteamVRController (370)
[2020.01.14-09.43.05:370][736]LogModuleManager: Shutting down and abandoning module ProceduralMeshComponentEditor (368)
[2020.01.14-09.43.05:370][736]LogModuleManager: Shutting down and abandoning module ProceduralMeshComponent (366)
[2020.01.14-09.43.05:370][736]LogModuleManager: Shutting down and abandoning module OculusInput (364)
[2020.01.14-09.43.05:370][736]LogModuleManager: Shutting down and abandoning module MobilePatchingUtils (362)
[2020.01.14-09.43.05:370][736]LogModuleManager: Shutting down and abandoning module CustomMeshComponent (360)
[2020.01.14-09.43.05:370][736]LogModuleManager: Shutting down and abandoning module CableComponent (358)
[2020.01.14-09.43.05:370][736]LogModuleManager: Shutting down and abandoning module AudioCapture (356)
[2020.01.14-09.43.05:370][736]LogModuleManager: Shutting down and abandoning module ArchVisCharacter (354)
[2020.01.14-09.43.05:370][736]LogModuleManager: Shutting down and abandoning module AndroidPermission (352)
[2020.01.14-09.43.05:370][736]LogModuleManager: Shutting down and abandoning module NUTUnrealEngine4 (348)
[2020.01.14-09.43.05:370][736]LogModuleManager: Shutting down and abandoning module NetcodeUnitTest (346)
[2020.01.14-09.43.05:370][736]LogModuleManager: Shutting down and abandoning module MediaCompositingEditor (344)
[2020.01.14-09.43.05:370][736]LogModuleManager: Shutting down and abandoning module MediaCompositing (342)
[2020.01.14-09.43.05:370][736]LogModuleManager: Shutting down and abandoning module LinearTimecode (340)
[2020.01.14-09.43.05:370][736]LogModuleManager: Shutting down and abandoning module ImgMedia (338)
[2020.01.14-09.43.05:378][736]LogModuleManager: Shutting down and abandoning module HTML5Networking (336)
[2020.01.14-09.43.05:378][736]LogModuleManager: Shutting down and abandoning module AlembicImporter (334)
[2020.01.14-09.43.05:378][736]LogModuleManager: Shutting down and abandoning module AlembicLibrary (333)
[2020.01.14-09.43.05:378][736]LogModuleManager: Shutting down and abandoning module GeometryCache (332)
[2020.01.14-09.43.05:378][736]LogModuleManager: Shutting down and abandoning module GeometryCacheEd (331)
[2020.01.14-09.43.05:378][736]LogModuleManager: Shutting down and abandoning module DatasmithContent (326)
[2020.01.14-09.43.05:378][736]LogModuleManager: Shutting down and abandoning module SpeedTreeImporter (324)
[2020.01.14-09.43.05:378][736]LogModuleManager: Shutting down and abandoning module PluginBrowser (322)
[2020.01.14-09.43.05:378][736]LogModuleManager: Shutting down and abandoning module MobileLauncherProfileWizard (320)
[2020.01.14-09.43.05:379][736]LogModuleManager: Shutting down and abandoning module CryptoKeysOpenSSL (318)
[2020.01.14-09.43.05:379][736]LogModuleManager: Shutting down and abandoning module CryptoKeys (316)
[2020.01.14-09.43.05:379][736]LogModuleManager: Shutting down and abandoning module VisualStudioSourceCodeAccess (314)
[2020.01.14-09.43.05:379][736]LogModuleManager: Shutting down and abandoning module VisualStudioCodeSourceCodeAccess (312)
[2020.01.14-09.43.05:379][736]LogModuleManager: Shutting down and abandoning module UObjectPlugin (310)
[2020.01.14-09.43.05:379][736]LogModuleManager: Shutting down and abandoning module SubversionSourceControl (308)
[2020.01.14-09.43.05:379][736]LogModuleManager: Shutting down and abandoning module PerforceSourceControl (306)
[2020.01.14-09.43.05:379][736]LogModuleManager: Shutting down and abandoning module GitSourceControl (304)
[2020.01.14-09.43.05:379][736]LogModuleManager: Shutting down and abandoning module SourceControl (303)
[2020.01.14-09.43.05:379][736]LogModuleManager: Shutting down and abandoning module CLionSourceCodeAccess (300)
[2020.01.14-09.43.05:379][736]LogModuleManager: Shutting down and abandoning module LightPropagationVolumeEditor (298)
[2020.01.14-09.43.05:379][736]LogModuleManager: Shutting down and abandoning module PaperTiledImporter (296)
[2020.01.14-09.43.05:379][736]LogModuleManager: Shutting down and abandoning module PaperSpriteSheetImporter (294)
[2020.01.14-09.43.05:379][736]LogModuleManager: Shutting down and abandoning module Paper2DEditor (292)
[2020.01.14-09.43.05:379][736]LogModuleManager: Shutting down and abandoning module MeshPaint (291)
[2020.01.14-09.43.05:379][736]LogModuleManager: Shutting down and abandoning module RuntimePhysXCooking (288)
[2020.01.14-09.43.05:379][736]LogModuleManager: Shutting down and abandoning module PhysXVehiclesEditor (286)
[2020.01.14-09.43.05:379][736]LogModuleManager: Shutting down and abandoning module PhysXVehicles (284)
[2020.01.14-09.43.05:379][736]LogModuleManager: Shutting down and abandoning module OculusEditor (282)
[2020.01.14-09.43.05:379][736]LogModuleManager: Shutting down and abandoning module LocationServicesBPLibrary (280)
[2020.01.14-09.43.05:379][736]LogModuleManager: Shutting down and abandoning module ImmediatePhysicsEditor (278)
[2020.01.14-09.43.05:379][736]LogModuleManager: Shutting down and abandoning module ImmediatePhysics (276)
[2020.01.14-09.43.05:379][736]LogModuleManager: Shutting down and abandoning module ActorSequence (274)
[2020.01.14-09.43.05:379][736]LogModuleManager: Shutting down and abandoning module UdpMessaging (272)
[2020.01.14-09.43.05:480][736]LogModuleManager: Shutting down and abandoning module TcpMessaging (270)
[2020.01.14-09.43.05:580][736]LogModuleManager: Shutting down and abandoning module GameplayTagsEditor (268)
[2020.01.14-09.43.05:580][736]LogModuleManager: Shutting down and abandoning module FacialAnimationEditor (266)
[2020.01.14-09.43.05:580][736]LogModuleManager: Shutting down and abandoning module FacialAnimation (264)
[2020.01.14-09.43.05:580][736]LogModuleManager: Shutting down and abandoning module DataValidation (262)
[2020.01.14-09.43.05:580][736]LogModuleManager: Shutting down and abandoning module AssetManagerEditor (260)
[2020.01.14-09.43.05:580][736]LogModuleManager: Shutting down and abandoning module LevelEditor (259)
[2020.01.14-09.43.05:581][736]LogModuleManager: Shutting down and abandoning module PixelInspectorModule (258)
[2020.01.14-09.43.05:581][736]LogModuleManager: Shutting down and abandoning module CommonMenuExtensions (256)
[2020.01.14-09.43.05:581][736]LogModuleManager: Shutting down and abandoning module MainFrame (254)
[2020.01.14-09.43.05:582][736]LogModuleManager: Shutting down and abandoning module HotReload (253)
[2020.01.14-09.43.05:582][736]LogModuleManager: Shutting down and abandoning module ContentBrowser (249)
[2020.01.14-09.43.05:585][736]LogModuleManager: Shutting down and abandoning module TreeMap (247)
[2020.01.14-09.43.05:585][736]LogModuleManager: Shutting down and abandoning module LightPropagationVolumeRuntime (244)
[2020.01.14-09.43.05:585][736]LogModuleManager: Shutting down and abandoning module LiveLinkEditor (242)
[2020.01.14-09.43.05:585][736]LogModuleManager: Shutting down and abandoning module LiveLink (240)
[2020.01.14-09.43.06:460][736]LogModuleManager: Shutting down and abandoning module Paper2D (238)
[2020.01.14-09.43.06:460][736]LogModuleManager: Shutting down and abandoning module WindowsMoviePlayer (236)
[2020.01.14-09.43.06:461][736]LogModuleManager: Shutting down and abandoning module WmfMedia (234)
[2020.01.14-09.43.06:462][736]LogModuleManager: Shutting down and abandoning module Media (233)
[2020.01.14-09.43.06:468][736]LogModuleManager: Shutting down and abandoning module PacketHandler (230)
[2020.01.14-09.43.06:468][736]LogModuleManager: Shutting down and abandoning module ClothingSystemEditor (228)
[2020.01.14-09.43.06:468][736]LogModuleManager: Shutting down and abandoning module ClothingSystemRuntime (226)
[2020.01.14-09.43.06:468][736]LogModuleManager: Shutting down and abandoning module MediaAssets (224)
[2020.01.14-09.43.06:468][736]LogModuleManager: Shutting down and abandoning module Overlay (222)
[2020.01.14-09.43.06:468][736]LogModuleManager: Shutting down and abandoning module OverlayEditor (221)
[2020.01.14-09.43.06:468][736]LogModuleManager: Shutting down and abandoning module VREditor (218)
[2020.01.14-09.43.06:469][736]LogModuleManager: Shutting down and abandoning module StringTableEditor (216)
[2020.01.14-09.43.06:469][736]LogModuleManager: Shutting down and abandoning module GameplayTasksEditor (214)
[2020.01.14-09.43.06:469][736]LogModuleManager: Shutting down and abandoning module BehaviorTreeEditor (212)
[2020.01.14-09.43.06:469][736]LogModuleManager: Shutting down and abandoning module FunctionalTesting (210)
[2020.01.14-09.43.06:469][736]LogModuleManager: Shutting down and abandoning module CollisionAnalyzer (208)
[2020.01.14-09.43.06:469][736]LogModuleManager: Shutting down and abandoning module WorkspaceMenuStructure (207)
[2020.01.14-09.43.06:469][736]LogModuleManager: Shutting down and abandoning module UMG (204)
[2020.01.14-09.43.06:469][736]LogModuleManager: Shutting down and abandoning module UMGEditor (203)
[2020.01.14-09.43.06:469][736]LogModuleManager: Shutting down and abandoning module Sequencer (202)
[2020.01.14-09.43.06:469][736]LogModuleManager: Shutting down and abandoning module MessageLog (199)
[2020.01.14-09.43.06:469][736]LogModuleManager: Shutting down and abandoning module SlateReflector (194)
[2020.01.14-09.43.06:469][736]LogModuleManager: Shutting down and abandoning module Slate (192)
[2020.01.14-09.43.06:469][736]LogModuleManager: Shutting down and abandoning module EditorStyle (190)
[2020.01.14-09.43.06:472][736]LogModuleManager: Shutting down and abandoning module MRMesh (188)
[2020.01.14-09.43.06:472][736]LogModuleManager: Shutting down and abandoning module SourceCodeAccess (186)
[2020.01.14-09.43.06:472][736]LogModuleManager: Shutting down and abandoning module HeadMountedDisplay (184)
[2020.01.14-09.43.06:472][736]LogModuleManager: Shutting down and abandoning module XAudio2 (182)
[2020.01.14-09.43.06:472][736]LogModuleManager: Shutting down and abandoning module Networking (180)
[2020.01.14-09.43.06:472][736]LogModuleManager: Shutting down and abandoning module Core (178)
[2020.01.14-09.43.06:472][736]LogModuleManager: Shutting down and abandoning module LevelSequence (176)
[2020.01.14-09.43.06:472][736]LogModuleManager: Shutting down and abandoning module KismetCompiler (174)
[2020.01.14-09.43.06:473][736]LogModuleManager: Shutting down and abandoning module MeshUtilities (172)
[2020.01.14-09.43.06:473][736]LogModuleManager: Shutting down and abandoning module MeshMergeUtilities (171)
[2020.01.14-09.43.06:473][736]LogModuleManager: Shutting down and abandoning module MeshReductionInterface (170)
[2020.01.14-09.43.06:473][736]LogModuleManager: Shutting down and abandoning module SimplygonSwarm (169)
[2020.01.14-09.43.06:473][736]LogModuleManager: Shutting down and abandoning module SimplygonMeshReduction (167)
[2020.01.14-09.43.06:473][736]LogModuleManager: Shutting down and abandoning module QuadricMeshReduction (165)
[2020.01.14-09.43.06:473][736]LogModuleManager: Shutting down and abandoning module MaterialBaking (161)
[2020.01.14-09.43.06:474][736]LogModuleManager: Shutting down and abandoning module DirectoryWatcher (157)
[2020.01.14-09.43.06:479][736]LogModuleManager: Shutting down and abandoning module DerivedDataCache (154)
[2020.01.14-09.43.06:541][736]LogDerivedDataCache: Shutdown
[2020.01.14-09.43.06:541][736]LogModuleManager: Shutting down and abandoning module XGEController (152)
[2020.01.14-09.43.06:541][736]LogXGEController: Cleaning working directory: C:/Users/Hol/AppData/Local/Temp/UnrealXGEWorkingDir/
[2020.01.14-09.43.06:541][736]LogModuleManager: Shutting down and abandoning module TargetPlatform (150)
[2020.01.14-09.43.06:541][736]LogModuleManager: Shutting down and abandoning module VulkanShaderFormat (149)
[2020.01.14-09.43.06:541][736]LogModuleManager: Shutting down and abandoning module ShaderFormatVectorVM (147)
[2020.01.14-09.43.06:541][736]LogModuleManager: Shutting down and abandoning module ShaderFormatOpenGL (145)
[2020.01.14-09.43.06:541][736]LogModuleManager: Shutting down and abandoning module ShaderFormatD3D (143)
[2020.01.14-09.43.06:541][736]LogModuleManager: Shutting down and abandoning module MetalShaderFormat (141)
[2020.01.14-09.43.06:541][736]LogModuleManager: Shutting down and abandoning module TextureFormatUncompressed (139)
[2020.01.14-09.43.06:541][736]LogModuleManager: Shutting down and abandoning module TextureFormatPVR (137)
[2020.01.14-09.43.06:541][736]LogModuleManager: Shutting down and abandoning module TextureFormatDXT (135)
[2020.01.14-09.43.06:541][736]LogModuleManager: Shutting down and abandoning module TextureFormatIntelISPCTexComp (133)
[2020.01.14-09.43.06:542][736]LogModuleManager: Shutting down and abandoning module TextureFormatASTC (131)
[2020.01.14-09.43.06:542][736]LogModuleManager: Shutting down and abandoning module ImageWrapper (130)
[2020.01.14-09.43.06:542][736]LogModuleManager: Shutting down and abandoning module TextureFormatAndroid (127)
[2020.01.14-09.43.06:542][736]LogModuleManager: Shutting down and abandoning module AudioFormatOpus (125)
[2020.01.14-09.43.06:542][736]LogModuleManager: Shutting down and abandoning module AudioFormatOgg (123)
[2020.01.14-09.43.06:542][736]LogModuleManager: Shutting down and abandoning module AudioFormatADPCM (121)
[2020.01.14-09.43.06:542][736]LogModuleManager: Shutting down and abandoning module LinuxTargetPlatform (119)
[2020.01.14-09.43.06:542][736]LogModuleManager: Shutting down and abandoning module LinuxServerTargetPlatform (117)
[2020.01.14-09.43.06:542][736]LogModuleManager: Shutting down and abandoning module LinuxNoEditorTargetPlatform (115)
[2020.01.14-09.43.06:542][736]LogModuleManager: Shutting down and abandoning module LinuxClientTargetPlatform (113)
[2020.01.14-09.43.06:542][736]LogModuleManager: Shutting down and abandoning module TVOSTargetPlatform (111)
[2020.01.14-09.43.06:542][736]LogModuleManager: Shutting down and abandoning module Messaging (109)
[2020.01.14-09.43.06:542][736]LogModuleManager: Shutting down and abandoning module IOSTargetPlatform (107)
[2020.01.14-09.43.06:542][736]LogModuleManager: Shutting down and abandoning module HTML5TargetPlatform (105)
[2020.01.14-09.43.06:542][736]LogModuleManager: Shutting down and abandoning module AndroidTargetPlatform (103)
[2020.01.14-09.43.06:542][736]LogModuleManager: Shutting down and abandoning module Android_PVRTCTargetPlatform (101)
[2020.01.14-09.43.06:542][736]LogModuleManager: Shutting down and abandoning module Android_MultiTargetPlatform (99)
[2020.01.14-09.43.06:542][736]LogModuleManager: Shutting down and abandoning module Android_ETC2TargetPlatform (97)
[2020.01.14-09.43.06:542][736]LogModuleManager: Shutting down and abandoning module Android_ETC1TargetPlatform (95)
[2020.01.14-09.43.06:542][736]LogModuleManager: Shutting down and abandoning module Android_ETC1aTargetPlatform (93)
[2020.01.14-09.43.06:542][736]LogModuleManager: Shutting down and abandoning module Android_DXTTargetPlatform (91)
[2020.01.14-09.43.06:542][736]LogModuleManager: Shutting down and abandoning module Android_ATCTargetPlatform (89)
[2020.01.14-09.43.06:542][736]LogModuleManager: Shutting down and abandoning module Android_ASTCTargetPlatform (87)
[2020.01.14-09.43.06:542][736]LogModuleManager: Shutting down and abandoning module WindowsTargetPlatform (85)
[2020.01.14-09.43.06:542][736]LogModuleManager: Shutting down and abandoning module WindowsServerTargetPlatform (83)
[2020.01.14-09.43.06:542][736]LogModuleManager: Shutting down and abandoning module WindowsNoEditorTargetPlatform (81)
[2020.01.14-09.43.06:542][736]LogModuleManager: Shutting down and abandoning module WindowsClientTargetPlatform (79)
[2020.01.14-09.43.06:542][736]LogModuleManager: Shutting down and abandoning module MacTargetPlatform (77)
[2020.01.14-09.43.06:542][736]LogModuleManager: Shutting down and abandoning module MacServerTargetPlatform (75)
[2020.01.14-09.43.06:543][736]LogModuleManager: Shutting down and abandoning module MacNoEditorTargetPlatform (73)
[2020.01.14-09.43.06:543][736]LogModuleManager: Shutting down and abandoning module MacClientTargetPlatform (71)
[2020.01.14-09.43.06:543][736]LogModuleManager: Shutting down and abandoning module AllDesktopTargetPlatform (69)
[2020.01.14-09.43.06:543][736]LogModuleManager: Shutting down and abandoning module InputCore (66)
[2020.01.14-09.43.06:543][736]LogModuleManager: Shutting down and abandoning module Settings (64)
[2020.01.14-09.43.06:543][736]LogModuleManager: Shutting down and abandoning module PhysXCooking (62)
[2020.01.14-09.43.06:543][736]LogModuleManager: Shutting down and abandoning module SteamVR (60)
[2020.01.14-09.43.06:543][736]LogModuleManager: Shutting down and abandoning module OculusHMD (58)
[2020.01.14-09.43.06:543][736]LogModuleManager: Shutting down and abandoning module ExampleDeviceProfileSelector (56)
[2020.01.14-09.43.06:543][736]LogModuleManager: Shutting down and abandoning module AppleARKit (54)
[2020.01.14-09.43.06:543][736]LogModuleManager: Shutting down and abandoning module AugmentedReality (51)
[2020.01.14-09.43.06:543][736]LogModuleManager: Shutting down and abandoning module OnlineBlueprintSupport (48)
[2020.01.14-09.43.06:543][736]LogModuleManager: Shutting down and abandoning module OnlineSubsystem (44)
[2020.01.14-09.43.06:543][736]LogModuleManager: Shutting down and abandoning module XMPP (43)
[2020.01.14-09.43.06:543][736]LogModuleManager: Shutting down and abandoning module HTTP (41)
[2020.01.14-09.43.06:543][736]LogHttp: Display: Http module shutting down, but needs to wait on 1 outstanding Http requests:
[2020.01.14-09.43.06:543][736]LogHttp: Display: 	verb=[POST] url=[https://datarouter.ol.epicgames.com/datarouter/api/v1/public/data?SessionID=%7B0F14306B-4C42-E2BD-6E47-4C96783CD53D%7D&AppID=UEEditor.Rocket.Release&AppVersion=4.19.2-4033788%2B%2B%2BUE4%2BRelease-4.19&UserID=6f2bbd744c13fe2f14e6fc9a40e08c04%7C3de214ffb49e44c6b53ca4ed67b9f7e7%7C9a2ab6fb-2650-43ad-9369-d6af1449b1ad&AppEnvironment=datacollector-binary&UploadType=eteventstream] status=Processing
[2020.01.14-09.43.06:569][736]LogModuleManager: Shutting down and abandoning module SSL (40)
[2020.01.14-09.43.06:570][736]LogModuleManager: Shutting down and abandoning module AnimationModifiers (36)
[2020.01.14-09.43.06:570][736]LogModuleManager: Shutting down and abandoning module PropertyEditor (35)
[2020.01.14-09.43.06:571][736]LogModuleManager: Shutting down and abandoning module AudioEditor (32)
[2020.01.14-09.43.06:571][736]LogModuleManager: Shutting down and abandoning module TextureCompressor (30)
[2020.01.14-09.43.06:571][736]LogModuleManager: Shutting down and abandoning module ShaderCore (28)
[2020.01.14-09.43.06:571][736]LogModuleManager: Shutting down and abandoning module Landscape (26)
[2020.01.14-09.43.06:571][736]LogModuleManager: Shutting down and abandoning module SlateRHIRenderer (24)
[2020.01.14-09.43.06:582][736]LogModuleManager: Shutting down and abandoning module OpenGLDrv (22)
[2020.01.14-09.43.06:582][736]LogModuleManager: Shutting down and abandoning module D3D11RHI (20)
[2020.01.14-09.43.06:582][736]LogModuleManager: Shutting down and abandoning module AnimGraphRuntime (18)
[2020.01.14-09.43.06:582][736]LogModuleManager: Shutting down and abandoning module Renderer (16)
[2020.01.14-09.43.06:582][736]LogModuleManager: Shutting down and abandoning module Engine (14)
[2020.01.14-09.43.06:582][736]LogModuleManager: Shutting down and abandoning module CoreUObject (12)
[2020.01.14-09.43.06:582][736]LogModuleManager: Shutting down and abandoning module NetworkFile (10)
[2020.01.14-09.43.06:582][736]LogModuleManager: Shutting down and abandoning module CookedIterativeFile (8)
[2020.01.14-09.43.06:582][736]LogModuleManager: Shutting down and abandoning module StreamingFile (6)
[2020.01.14-09.43.06:582][736]LogModuleManager: Shutting down and abandoning module SandboxFile (4)
[2020.01.14-09.43.06:582][736]LogModuleManager: Shutting down and abandoning module PakFile (2)
[2020.01.14-09.43.06:594][736]LogExit: Exiting.
[2020.01.14-09.43.06:641][736]Log file closed, 01/14/20 18:43:06
