"../../../Engine/Content/MobileResources/HUD/VirtualJoystick_Background.uasset" 0
"../../../Engine/Content/MobileResources/HUD/VirtualJoystick_Thumb.uasset" 1
"../../../../../../Users/Hol/Desktop/mygame/Rolling-Game/Rolling/Content/Game/LeftVirtualJoystickOnly.uasset" 2
"../../../../../../Users/Hol/Desktop/mygame/Rolling-Game/Rolling/Content/Game/SaveBP.uasset" 3
"../../../../../../Users/Hol/Desktop/mygame/Rolling-Game/Rolling/Content/Game/Material/BallBlack.uasset" 4
"../../../../../../Users/Hol/Desktop/mygame/Rolling-Game/Rolling/Content/Game/Material/Color.uasset" 5
"../../../../../../Users/Hol/Desktop/mygame/Rolling-Game/Rolling/Content/Game/Material/BallColor_Inst.uasset" 6
"../../../../../../Users/Hol/Desktop/mygame/Rolling-Game/Rolling/Content/Game/Material/Black.uasset" 7
"../../../../../../Users/Hol/Desktop/mygame/Rolling-Game/Rolling/Content/Game/Material/Gray.uasset" 8
"../../../../../../Users/Hol/Desktop/mygame/Rolling-Game/Rolling/Content/Game/Material/Jump_M.uasset" 9
"../../../../../../Users/Hol/Desktop/mygame/Rolling-Game/Rolling/Content/Game/Material/Test.uasset" 10
"../../../Engine/Content/Functions/Engine_MaterialFunctions02/Utility/MakeFloat2.uasset" 11
"../../../Engine/Content/EngineMaterials/Grid.uasset" 12
"../../../../../../Users/Hol/Desktop/mygame/Rolling-Game/Rolling/Content/Game/Material/Tile.uasset" 13
"../../../../../../Users/Hol/Desktop/mygame/Rolling-Game/Rolling/Content/Game/Sound/music.uasset" 14
"../../../../../../Users/Hol/Desktop/mygame/Rolling-Game/Rolling/Content/Game/Texture/option.uasset" 15
"../../../../../../Users/Hol/Desktop/mygame/Rolling-Game/Rolling/Content/Game/Texture/Sound.uasset" 16
"../../../../../../Users/Hol/Desktop/mygame/Rolling-Game/Rolling/Content/Geometry/Meshes/CubeMaterial.uasset" 17
"../../../../../../Users/Hol/Desktop/mygame/Rolling-Game/Rolling/Content/Geometry/Meshes/1M_Cube.uasset" 18
"../../../../../../Users/Hol/Desktop/mygame/Rolling-Game/Rolling/Content/Geometry/Meshes/1M_Cube_Chamfer.uasset" 19
"../../../../../../Users/Hol/Desktop/mygame/Rolling-Game/Rolling/Content/Geometry/Meshes/TemplateFloor.uasset" 20
"../../../../../../Users/Hol/Desktop/mygame/Rolling-Game/Rolling/Content/Rolling/Materials/BaseMaterial.uasset" 21
"../../../../../../Users/Hol/Desktop/mygame/Rolling-Game/Rolling/Content/Rolling/Materials/GrayMaterial.uasset" 22
"../../../../../../Users/Hol/Desktop/mygame/Rolling-Game/Rolling/Content/Rolling/Materials/GrayMetalMaterial.uasset" 23
"../../../../../../Users/Hol/Desktop/mygame/Rolling-Game/Rolling/Content/Rolling/Materials/OrangeMetalMaterial.uasset" 24
"../../../Engine/Content/Functions/Engine_MaterialFunctions01/Opacity/CameraDepthFade.uasset" 25
"../../../Engine/Content/EngineMaterials/T_Default_Material_Grid_M.uasset" 26
"../../../Engine/Content/EngineMaterials/T_Default_Material_Grid_N.uasset" 27
"../../../Engine/Content/EngineMaterials/DefaultMaterial.uasset" 28
"../../../Engine/Content/BasicShapes/Cone.uasset" 29
"../../../Engine/Content/BasicShapes/Cylinder.uasset" 30
"../../../Engine/Content/BasicShapes/Sphere.uasset" 31
"../../../Engine/Content/EditorLandscapeResources/DataLayer.uasset" 32
"../../../Engine/Content/EditorMaterials/GizmoMaterial.uasset" 33
"../../../Engine/Content/EditorMaterials/MAT_Groups_Toggle.uasset" 34
"../../../Engine/Content/EditorMaterials/MAT_Groups_Visibility.uasset" 35
"../../../Engine/Content/EditorMaterials/PreviewShadowIndicator.uasset" 36
"../../../Engine/Content/EditorMaterials/PreviewShadowIndicatorMaterial.uasset" 37
"../../../Engine/Content/EditorMaterials/MatineeGroups/MAT_ColorTrack.uasset" 38
"../../../Engine/Content/EditorMaterials/MatineeGroups/MAT_Groups_Anim.uasset" 39
"../../../Engine/Content/EditorMaterials/MatineeGroups/MAT_Groups_AudioMaster.uasset" 40
"../../../Engine/Content/EditorMaterials/MatineeGroups/MAT_Groups_Director.uasset" 41
"../../../Engine/Content/EditorMaterials/MatineeGroups/MAT_Groups_Event.uasset" 42
"../../../Engine/Content/EditorMaterials/MatineeGroups/MAT_Groups_Fade.uasset" 43
"../../../Engine/Content/EditorMaterials/MatineeGroups/MAT_Groups_Float.uasset" 44
"../../../Engine/Content/EditorMaterials/MatineeGroups/MAT_Groups_Move.uasset" 45
"../../../Engine/Content/EditorMaterials/MatineeGroups/MAT_Groups_Slomo.uasset" 46
"../../../Engine/Content/EditorMaterials/MatineeGroups/MAT_Groups_Sound.uasset" 47
"../../../Engine/Content/EditorMaterials/MatineeGroups/MAT_Groups_Vector.uasset" 48
"../../../Engine/Content/EditorMaterials/ParticleSystems/PSysThumbnail_NoImage.uasset" 49
"../../../Engine/Content/EditorMaterials/ParticleSystems/PSysThumbnail_OOD.uasset" 50
"../../../Engine/Content/EditorMaterials/Camera/CineMat.uasset" 51
"../../../Engine/Content/EditorMaterials/Camera/MI_CineMat_Rig.uasset" 52
"../../../Engine/Content/EditorMeshes/Camera/SM_CraneRig_Arm.uasset" 53
"../../../Engine/Content/EditorMeshes/Camera/SM_CraneRig_Base.uasset" 54
"../../../Engine/Content/EditorMeshes/Camera/SM_CraneRig_Body.uasset" 55
"../../../Engine/Content/EditorMeshes/Camera/SM_CraneRig_Mount.uasset" 56
"../../../Engine/Content/EditorMeshes/Camera/SM_RailRig_Mount.uasset" 57
"../../../Engine/Content/EditorMeshes/Camera/SM_RailRig_Track.uasset" 58
"../../../Engine/Content/EditorMeshes/ColorCalibrator/M_ChromeBall.uasset" 59
"../../../Engine/Content/EditorMeshes/ColorCalibrator/M_ClearCoat.uasset" 60
"../../../Engine/Content/EditorMeshes/ColorCalibrator/M_ClearCoatBlack.uasset" 61
"../../../Engine/Content/EditorMeshes/ColorCalibrator/Color_checker.uasset" 62
"../../../Engine/Content/EditorMeshes/ColorCalibrator/M_ColorGrid.uasset" 63
"../../../Engine/Content/EditorMeshes/ColorCalibrator/M_GreyBall.uasset" 64
"../../../Engine/Content/EditorMeshes/ColorCalibrator/SM_ColorCalibrator.uasset" 65
"../../../Engine/Content/EditorResources/BSPVertex.uasset" 66
"../../../Engine/Content/EditorResources/EmptyActor.uasset" 67
"../../../Engine/Content/EditorResources/S_Actor.uasset" 68
"../../../Engine/Content/EditorResources/S_Trigger.uasset" 69
"../../../Engine/Content/EditorResources/LightIcons/S_LightError.uasset" 70
"../../../Engine/Content/EditorResources/SequenceRecorder/Countdown.uasset" 71
"../../../Engine/Content/EditorResources/SequenceRecorder/RecordingIndicator.uasset" 72
"../../../Engine/Content/EditorSounds/Notifications/CompileFailed.uasset" 73
"../../../Engine/Content/EditorSounds/Notifications/CompileFailed_Cue.uasset" 74
"../../../Engine/Content/EditorSounds/Notifications/CompileSuccess.uasset" 75
"../../../Engine/Content/EditorSounds/Notifications/CompileStart_Cue.uasset" 76
"../../../Engine/Content/EditorSounds/Notifications/CompileSuccess_Cue.uasset" 77
"../../../Engine/Content/EngineDamageTypes/DmgTypeBP_Environmental.uasset" 78
"../../../Engine/Content/EngineDebugMaterials/HeatmapGradient.uasset" 79
"../../../Engine/Content/EngineDebugMaterials/BoneWeightMaterial.uasset" 80
"../../../Engine/Content/EngineDebugMaterials/ClothMaterial.uasset" 81
"../../../Engine/Content/EngineDebugMaterials/ClothMaterial_WF.uasset" 82
"../../../Engine/Content/EngineDebugMaterials/DebugEditorMaterial.uasset" 83
"../../../Engine/Content/EngineDebugMaterials/DebugMeshMaterial.uasset" 84
"../../../Engine/Content/EngineDebugMaterials/GeomMaterial.uasset" 85
"../../../Engine/Content/EngineFonts/Faces/RobotoBold.uasset" 86
"../../../Engine/Content/EngineFonts/Faces/RobotoBoldItalic.uasset" 87
"../../../Engine/Content/EngineFonts/Faces/RobotoItalic.uasset" 88
"../../../Engine/Content/EngineFonts/Faces/RobotoLight.uasset" 89
"../../../Engine/Content/EngineFonts/Faces/RobotoRegular.uasset" 90
"../../../Engine/Content/EngineFonts/Roboto.uasset" 91
"../../../Engine/Content/EngineFonts/Faces/RobotoTiny.uasset" 92
"../../../Engine/Content/EngineFonts/RobotoTiny.uasset" 93
"../../../Engine/Content/EngineMaterials/DefaultBloomKernel.uasset" 94
"../../../Engine/Content/EngineMaterials/DefaultBokeh.uasset" 95
"../../../Engine/Content/EngineMaterials/DefaultDiffuse.uasset" 96
"../../../Engine/Content/EngineMaterials/DefaultDeferredDecalMaterial.uasset" 97
"../../../Engine/Content/EngineMaterials/DefaultLightFunctionMaterial.uasset" 98
"../../../Engine/Content/EngineMaterials/DefaultPhysicalMaterial.uasset" 99
"../../../Engine/Content/Functions/Engine_MaterialFunctions02/Utility/BreakOutFloat2Components.uasset" 100
"../../../Engine/Content/EngineMaterials/DefaultPostProcessMaterial.uasset" 101
"../../../Engine/Content/EngineFonts/RobotoDistanceField.uasset" 102
"../../../Engine/Content/EngineMaterials/DefaultTextMaterialOpaque.uasset" 103
"../../../Engine/Content/EngineMaterials/DefaultWhiteGrid.uasset" 104
"../../../Engine/Content/EngineMaterials/EditorBrushMaterial.uasset" 105
"../../../Engine/Content/EngineMaterials/Good64x64TilingNoiseHighFreq.uasset" 106
"../../../Engine/Content/EngineMaterials/MiniFont.uasset" 107
"../../../Engine/Content/EngineMaterials/InvalidLightmapSettings.uasset" 108
"../../../Engine/Content/EngineMaterials/M_InvalidLightmapSettings.uasset" 109
"../../../Engine/Content/Functions/Engine_MaterialFunctions02/WorldPositionOffset/CameraOffset.uasset" 110
"../../../Engine/Content/EngineMaterials/PhAT_JointLimitMaterial.uasset" 111
"../../../Engine/Content/EngineMaterials/PreintegratedSkinBRDF.uasset" 112
"../../../Engine/Content/EngineMaterials/RemoveSurfaceMaterial.uasset" 113
"../../../Engine/Content/EngineMaterials/WeightMapPlaceholderTexture.uasset" 114
"../../../Engine/Content/EngineResources/WhiteSquareTexture.uasset" 115
"../../../Engine/Content/EngineMaterials/Widget3DPassThrough.uasset" 116
"../../../Engine/Content/EngineMaterials/Widget3DPassThrough_Masked.uasset" 117
"../../../Engine/Content/EngineMaterials/Widget3DPassThrough_Opaque.uasset" 118
"../../../Engine/Content/EngineMaterials/Widget3DPassThrough_Masked_OneSided.uasset" 119
"../../../Engine/Content/EngineMaterials/Widget3DPassThrough_Opaque_OneSided.uasset" 120
"../../../Engine/Content/EngineMaterials/Widget3DPassThrough_Translucent.uasset" 121
"../../../Engine/Content/EngineMaterials/Widget3DPassThrough_Translucent_OneSided.uasset" 122
"../../../Engine/Content/EngineMeshes/Cube.uasset" 123
"../../../Engine/Content/EngineMeshes/Cylinder.uasset" 124
"../../../Engine/Content/EngineMeshes/Sphere.uasset" 125
"../../../Engine/Content/EngineResources/Black.uasset" 126
"../../../Engine/Content/EngineResources/DefaultTexture.uasset" 127
"../../../Engine/Content/EngineResources/DefaultTextureCube.uasset" 128
"../../../Engine/Content/EngineResources/GradientTexture0.uasset" 129
"../../../Engine/Content/EngineSounds/Master.uasset" 130
"../../../Engine/Content/Functions/Engine_MaterialFunctions01/Shading/ConvertFromDiffSpec.uasset" 131
"../../../Engine/Content/Functions/Engine_MaterialFunctions01/Shading/PowerToRoughness.uasset" 132
"../../../Engine/Content/Maps/Templates/Thumbnails/Default.uasset" 133
"../../../Engine/Content/Maps/Templates/Thumbnails/VR-Basic.uasset" 134
"../../../Engine/Content/MobileResources/T_MobileControls_texture.uasset" 135
"../../../Engine/Content/MobileResources/T_MobileMenu2.uasset" 136
"../../../Engine/Content/MobileResources/HUD/AnalogHat.uasset" 137
"../../../Engine/Content/MobileResources/HUD/DefaultVirtualJoysticks.uasset" 138
"../../../Engine/Content/MobileResources/HUD/LeftVirtualJoystickOnly.uasset" 139
"../../../Engine/Content/MobileResources/HUD/MobileHUDButton1_off.uasset" 140
"../../../Engine/Content/MobileResources/HUD/MobileHUDButton1_on.uasset" 141
"../../../Engine/Content/MobileResources/HUD/MobileHUDButton2_off.uasset" 142
"../../../Engine/Content/MobileResources/HUD/MobileHUDButton2_on.uasset" 143
"../../../Engine/Content/MobileResources/HUD/MobileHUDButton3.uasset" 144
"../../../Engine/Content/MobileResources/HUD/MobileHUDButtonFire.uasset" 145
"../../../Engine/Content/MobileResources/HUD/MobileHUDDirectionPad.uasset" 146
"../../../Engine/Content/MobileResources/HUD/MobileHUDDirectionPad2.uasset" 147
"../../../Engine/Content/MobileResources/HUD/MobileHUDDirectionPad3.uasset" 148
"../../../Engine/Content/MobileResources/HUD/MobileHUDDirectionStick.uasset" 149
"../../../Engine/Content/MobileResources/HUD/T_Castle_ThumbstickInner.uasset" 150
"../../../Engine/Content/MobileResources/HUD/T_Castle_ThumbstickOutter.uasset" 151
"../../../Engine/Content/Tutorial/ContentIntroCurve.uasset" 152
"../../../Engine/Content/Tutorial/Basics/TutorialAssets/icon_tab_Levels_40x.uasset" 153
"../../../Engine/Content/Tutorial/BlueprintTutorials/TutorialAssets/BlueprintInterface_64x.uasset" 154
"../../../Engine/Content/Tutorial/BlueprintTutorials/TutorialAssets/BlueprintMacroLibrary_64x.uasset" 155
"../../../Engine/Content/Tutorial/BlueprintTutorials/TutorialAssets/Blueprint_64x.uasset" 156
"../../../Engine/Content/Tutorial/BlueprintTutorials/TutorialAssets/Tutorial_BP_Interface.uasset" 157
"../../../Engine/Content/Tutorial/Foliage/TutorialAssets/Foliage.uasset" 158
"../../../Engine/Content/Tutorial/Landscape/TutorialAssets/Landscape.uasset" 159
"../../../Engine/Content/Tutorial/Paper2D/TutorialAssets/Paper2DFlipbook_TutorialIcon.uasset" 160
"../../../Engine/Content/Tutorial/Paper2D/TutorialAssets/Paper2DSprite_TutorialIcon.uasset" 161
"../../../Engine/Content/Tutorial/SubEditors/TutorialAssets/icon_Editor_Preferences_General_40x.uasset" 162
"../../../Engine/Content/Tutorial/SubEditors/TutorialAssets/icon_ShowSkeletalMeshes_40x.uasset" 163
"../../../Engine/Content/Tutorial/SubEditors/TutorialAssets/TutorialMaterial.uasset" 164
"../../../Engine/Content/Tutorial/SubEditors/TutorialAssets/T_SmokeSubUV_8X8.uasset" 165
"../../../Engine/Content/Tutorial/SubEditors/TutorialAssets/T_soft_smoke.uasset" 166
"../../../Engine/Content/Tutorial/SubEditors/TutorialAssets/M_smoke_subUV_blackbody.uasset" 167
"../../../Engine/Content/Tutorial/SubEditors/TutorialAssets/TutorialParticleSystem.uasset" 168
"../../../Engine/Content/VREditor/Devices/Generic/GenericHMDMaterial.uasset" 169
"../../../Engine/Content/VREditor/Devices/Generic/GenericHMD.uasset" 170
"../../../Engine/Content/Functions/Engine_MaterialFunctions02/Utility/BreakOutFloat3Components.uasset" 171
"../../../Engine/Content/VREditor/Devices/Vive/VivePreController_MasksB.uasset" 172
"../../../Engine/Content/VREditor/Devices/Oculus/OculusControllerMaterial.uasset" 173
"../../../Engine/Content/VREditor/Devices/Oculus/OculusControllerMaterial_Inst.uasset" 174
"../../../Engine/Content/VREditor/Devices/Oculus/OculusControllerMesh.uasset" 175
"../../../Engine/Content/VREditor/Devices/Vive/T_VivePreController_EM.uasset" 176
"../../../Engine/Content/VREditor/Devices/Vive/VivePreController_MasksA.uasset" 177
"../../../Engine/Content/VREditor/Devices/Vive/VivePreControllerDiffuse.uasset" 178
"../../../Engine/Content/VREditor/Devices/Vive/VivePreControllerSpec.uasset" 179
"../../../Engine/Content/VREditor/LaserPointer/VR_LaserPower_01.uasset" 180
"../../../Engine/Content/VREditor/Devices/Vive/VivePreControllerMaterial.uasset" 181
"../../../Engine/Content/VREditor/Devices/Vive/VivePreControllerMaterial_Inst.uasset" 182
"../../../Engine/Content/VREditor/Devices/Vive/VivePreControllerMesh.uasset" 183
"../../../Engine/Content/VREditor/FloatingText/LineMaterial.uasset" 184
"../../../Engine/Content/VREditor/FloatingText/JointSphere.uasset" 185
"../../../Engine/Content/VREditor/FloatingText/LineSegmentCylinder.uasset" 186
"../../../Engine/Content/VREditor/Fonts/VRText_RobotoLarge.uasset" 187
"../../../Engine/Content/VREditor/Fonts/VRTextMaterial.uasset" 188
"../../../Engine/Content/VREditor/Fonts/TranslucentVRTextMaterial.uasset" 189
"../../../Engine/Content/EngineMaterials/WorldGridMaterial.uasset" 190
"../../../Engine/Content/VREditor/LaserPointer/CursorPointer.uasset" 191
"../../../Engine/Content/VREditor/TransformGizmo/TransformGizmoMaterial.uasset" 192
"../../../Engine/Content/VREditor/LaserPointer/HoverMaterial.uasset" 193
"../../../Engine/Content/VREditor/TransformGizmo/TranslucentTransformGizmoMaterial.uasset" 194
"../../../Engine/Content/VREditor/LaserPointer/TranslucentHoverMaterial.uasset" 195
"../../../Engine/Content/VREditor/LaserPointer/HoverMesh.uasset" 196
"../../../Engine/Content/VREditor/LaserPointer/LaserPointerMaterial.uasset" 197
"../../../Engine/Content/VREditor/LaserPointer/LaserPointerMaterialInst.uasset" 198
"../../../Engine/Content/VREditor/LaserPointer/TranslucentLaserPointerMaterialInst.uasset" 199
"../../../Engine/Content/VREditor/LaserPointer/LaserPointerMesh.uasset" 200
"../../../Engine/Content/VREditor/LaserPointer/LaserPointerMesh_End.uasset" 201
"../../../Engine/Content/VREditor/LaserPointer/LaserPointerMesh_Start.uasset" 202
"../../../Engine/Content/VREditor/Sounds/VR_teleport.uasset" 203
"../../../Engine/Content/VREditor/Sounds/UI/Click_on_Button.uasset" 204
"../../../Engine/Content/VREditor/Sounds/UI/Click_on_Button_Cue.uasset" 205
"../../../Engine/Content/VREditor/Sounds/UI/Dockable_Window_Close.uasset" 206
"../../../Engine/Content/VREditor/Sounds/UI/Dockable_Window_Drop.uasset" 207
"../../../Engine/Content/VREditor/Sounds/UI/Dockable_Window_Open.uasset" 208
"../../../Engine/Content/VREditor/Sounds/UI/Dockable_Window_Pick_Up.uasset" 209
"../../../Engine/Content/VREditor/Sounds/UI/Drop_Item_From_ContentBrowser.uasset" 210
"../../../Engine/Content/VREditor/Sounds/UI/Floating_UI_Open-001.uasset" 211
"../../../Engine/Content/VREditor/Sounds/UI/Radial_Menu_FadeOut.uasset" 212
"../../../Engine/Content/VREditor/Sounds/UI/Teleport_Mode_Entered.uasset" 213
"../../../Engine/Content/VREditor/Teleport/TeleportDirectionMaterial.uasset" 214
"../../../Engine/Content/VREditor/Teleport/TeleportDirectionMaterial_Inst.uasset" 215
"../../../Engine/Content/VREditor/Teleport/TeleportDirectionMesh.uasset" 216
"../../../Engine/Content/VREditor/TransformGizmo/BoundingBoxCorner.uasset" 217
"../../../Engine/Content/VREditor/TransformGizmo/BoundingBoxEdge.uasset" 218
"../../../Engine/Content/VREditor/TransformGizmo/PlaneTranslationHandle.uasset" 219
"../../../Engine/Content/VREditor/TransformGizmo/Main.uasset" 220
"../../../Engine/Content/VREditor/TransformGizmo/Xray.uasset" 221
"../../../Engine/Content/VREditor/TransformGizmo/SM_Dialog_Close.uasset" 222
"../../../Engine/Content/VREditor/TransformGizmo/SM_Dialog_Move.uasset" 223
"../../../Engine/Content/VREditor/TransformGizmo/SM_Sequencer_Key.uasset" 224
"../../../Engine/Content/VREditor/TransformGizmo/SM_Sequencer_Node.uasset" 225
"../../../Engine/Content/VREditor/TransformGizmo/TransformGizmoMaterial_Inst.uasset" 226
"../../../Engine/Content/VREditor/TransformGizmo/TranslucentTransformGizmoMaterial_Inst.uasset" 227
"../../../Engine/Content/VREditor/Devices/Vive/UE4_Logo.uasset" 228
"../../../Engine/Content/VREditor/UI/M_ContentWindow.uasset" 229
"../../../Engine/Content/VREditor/UI/SM_ContentWindow_01.uasset" 230
"../../../Engine/Content/VREditor/UI/KeyDiskMaterial.uasset" 231
"../../../Engine/Content/VREditor/UI/DiscMaterial.uasset" 232
"../../../Engine/Content/VREditor/UI/SM_Radial_Disk.uasset" 233
"../../../Engine/Content/VREditor/UI/ArrowMaterial.uasset" 234
"../../../Engine/Content/VREditor/UI/SM_Radial_Pointer.uasset" 235
"../../../Engine/Content/Functions/Engine_MaterialFunctions01/Gradient/RadialGradient.uasset" 236
"../../../Engine/Content/VREditor/WorldMovementGrid/SimpleGrid.uasset" 237
"../../../Engine/Content/VREditor/WorldMovementGrid/GridMaterial.uasset" 238
"../../../Engine/Content/Functions/Engine_MaterialFunctions01/Density/ExponentialDensity.uasset" 239
"../../../Engine/Content/VREditor/WorldMovementGrid/GridPostProcess.uasset" 240
"../../../Engine/Content/EditorLandscapeResources/FlattenHeightMat.uasset" 241
"../../../Engine/Content/VREditor/WorldMovementGrid/PlaneMesh.uasset" 242
"../../Plugins/2D/Paper2D/Content/PlaceholderTextures/DummySpriteTexture.uasset" 243
"../../Plugins/2D/Paper2D/Content/DummySprite.uasset" 244
"../../Plugins/2D/Paper2D/Content/DefaultPaperTerrainMaterial.uasset" 245
"../../Plugins/2D/Paper2D/Content/DefaultSpriteMaterial.uasset" 246
"../../Plugins/2D/Paper2D/Content/MaskedUnlitSpriteMaterial.uasset" 247
"../../Plugins/2D/Paper2D/Content/OpaqueUnlitSpriteMaterial.uasset" 248
"../../Plugins/Media/MediaCompositing/Content/DefaultMediaPlaneTexture.uasset" 249
"../../Plugins/Media/MediaCompositing/Content/DefaultMediaPlaneMaterial.uasset" 250
"../../../Engine/Content/Functions/Engine_MaterialFunctions02/Utility/MakeFloat4.uasset" 251
"../../Plugins/Runtime/AppleARKit/Content/ARKitCameraMaterial.uasset" 252
"../../Plugins/Runtime/Oculus/OculusVR/Content/Textures/GearVRController_AO.uasset" 253
"../../Plugins/Runtime/Oculus/OculusVR/Content/Textures/GearVRController_Color.uasset" 254
"../../Plugins/Runtime/Oculus/OculusVR/Content/Textures/GearVRController_Normal.uasset" 255
"../../Plugins/Runtime/Oculus/OculusVR/Content/Materials/GearVRControllerMaterial.uasset" 256
"../../Plugins/Runtime/Oculus/OculusVR/Content/Meshes/GearVrController.uasset" 257
"../../../../../../Users/Hol/Desktop/mygame/Rolling-Game/Rolling/Content/Game/gamesave.uasset" 258
"../../../../../../Users/Hol/Desktop/mygame/Rolling-Game/Rolling/Content/Game/Level/0_BuiltData.uasset" 259
"../../../../../../Users/Hol/Desktop/mygame/Rolling-Game/Rolling/Content/Game/Level/0.umap" 260
"../../../../../../Users/Hol/Desktop/mygame/Rolling-Game/Rolling/Content/Game/Material/BlockingCube_M.uasset" 261
"../../../Engine/Content/BasicShapes/Cube.uasset" 262
"../../../../../../Users/Hol/Desktop/mygame/Rolling-Game/Rolling/Content/Game/BP/Blocking_Cube_BP.uasset" 263
"../../../Engine/Content/EditorBlueprintResources/StandardMacros.uasset" 264
"../../../../../../Users/Hol/Desktop/mygame/Rolling-Game/Rolling/Content/Game/Material/EndColor_M.uasset" 265
"../../../../../../Users/Hol/Desktop/mygame/Rolling-Game/Rolling/Content/Game/BP/EndGameCube.uasset" 266
"../../../../../../Users/Hol/Desktop/mygame/Rolling-Game/Rolling/Content/Game/Material/Color1_M.uasset" 267
"../../../../../../Users/Hol/Desktop/mygame/Rolling-Game/Rolling/Content/Game/Material/Color2_M.uasset" 268
"../../../../../../Users/Hol/Desktop/mygame/Rolling-Game/Rolling/Content/Game/BP/Movable_Cube2_BP.uasset" 269
"../../../../../../Users/Hol/Desktop/mygame/Rolling-Game/Rolling/Content/Game/BP/Movable_Cube_BP.uasset" 270
"../../../Engine/Content/BasicShapes/Plane.uasset" 271
"../../../../../../Users/Hol/Desktop/mygame/Rolling-Game/Rolling/Content/Game/BP/Plane_Blueprint.uasset" 272
"../../../../../../Users/Hol/Desktop/mygame/Rolling-Game/Rolling/Content/Game/MyHud.uasset" 273
"../../../../../../Users/Hol/Desktop/mygame/Rolling-Game/Rolling/Content/Game/BP/force_large.uasset" 274
"../../../../../../Users/Hol/Desktop/mygame/Rolling-Game/Rolling/Content/Game/Material/Player_Ball.uasset" 275
"../../../../../../Users/Hol/Desktop/mygame/Rolling-Game/Rolling/Content/Game/Material/Player_Ball_Inst.uasset" 276
"../../../../../../Users/Hol/Desktop/mygame/Rolling-Game/Rolling/Content/Game/Sound/Master.uasset" 277
"../../../../../../Users/Hol/Desktop/mygame/Rolling-Game/Rolling/Content/Game/Sound/effects.uasset" 278
"../../../../../../Users/Hol/Desktop/mygame/Rolling-Game/Rolling/Content/Game/Sound/HitSound.uasset" 279
"../../../../../../Users/Hol/Desktop/mygame/Rolling-Game/Rolling/Content/Rolling/Materials/PM_Ball.uasset" 280
"../../../../../../Users/Hol/Desktop/mygame/Rolling-Game/Rolling/Content/Rolling/Materials/M_Blue_Checker.uasset" 281
"../../../../../../Users/Hol/Desktop/mygame/Rolling-Game/Rolling/Content/Rolling/Meshes/BallMesh.uasset" 282
"../../../../../../Users/Hol/Desktop/mygame/Rolling-Game/Rolling/Content/RollingBP/Blueprints/PhysicsBallBP.uasset" 283
"../../../../../../Users/Hol/Desktop/mygame/Rolling-Game/Rolling/Content/RollingBP/Blueprints/RollingGameMode.uasset" 284
"../../../../../../Users/Hol/Desktop/mygame/Rolling-Game/Rolling/Content/Game/Level/1_BuiltData.uasset" 285
"../../../../../../Users/Hol/Desktop/mygame/Rolling-Game/Rolling/Content/Game/Sound/ClearSound.uasset" 286
"../../../../../../Users/Hol/Desktop/mygame/Rolling-Game/Rolling/Content/Game/Texture/LevelClear.uasset" 287
"../../../../../../Users/Hol/Desktop/mygame/Rolling-Game/Rolling/Content/Game/Texture/NextLevel.uasset" 288
"../../../../../../Users/Hol/Desktop/mygame/Rolling-Game/Rolling/Content/Game/UI/Blur.uasset" 289
"../../../../../../Users/Hol/Desktop/mygame/Rolling-Game/Rolling/Content/Game/UI/GameClear.uasset" 290
"../../../../../../Users/Hol/Desktop/mygame/Rolling-Game/Rolling/Content/Game/Sound/FailSound.uasset" 291
"../../../../../../Users/Hol/Desktop/mygame/Rolling-Game/Rolling/Content/Game/Texture/LevelFail.uasset" 292
"../../../../../../Users/Hol/Desktop/mygame/Rolling-Game/Rolling/Content/Game/Texture/restartgame.uasset" 293
"../../../../../../Users/Hol/Desktop/mygame/Rolling-Game/Rolling/Content/Game/UI/GameFail.uasset" 294
"../../../../../../Users/Hol/Desktop/mygame/Rolling-Game/Rolling/Content/Game/Sound/ClickSound.uasset" 295
"../../../../../../Users/Hol/Desktop/mygame/Rolling-Game/Rolling/Content/Game/Sound/MasterMusicMix.uasset" 296
"../../../../../../Users/Hol/Desktop/mygame/Rolling-Game/Rolling/Content/Game/Sound/MasterMuteMix.uasset" 297
"../../../../../../Users/Hol/Desktop/mygame/Rolling-Game/Rolling/Content/Game/Texture/restart.uasset" 298
"../../../../../../Users/Hol/Desktop/mygame/Rolling-Game/Rolling/Content/Game/UI/InGameUI.uasset" 299
"../../../../../../Users/Hol/Desktop/mygame/Rolling-Game/Rolling/Content/Game/Level/1.umap" 300
"../../../../../../Users/Hol/Desktop/mygame/Rolling-Game/Rolling/Content/Game/BP/Movable_Cubes_BP.uasset" 301
"../../../../../../Users/Hol/Desktop/mygame/Rolling-Game/Rolling/Content/Game/Material/MovingCube_M.uasset" 302
"../../../../../../Users/Hol/Desktop/mygame/Rolling-Game/Rolling/Content/Game/BP/Moving_Cube_BP.uasset" 303
"../../../../../../Users/Hol/Desktop/mygame/Rolling-Game/Rolling/Content/Game/Level/10_BuiltData.uasset" 304
"../../../../../../Users/Hol/Desktop/mygame/Rolling-Game/Rolling/Content/Game/Level/10.umap" 305
"../../../../../../Users/Hol/Desktop/mygame/Rolling-Game/Rolling/Content/Game/BP/force.uasset" 306
"../../../../../../Users/Hol/Desktop/mygame/Rolling-Game/Rolling/Content/Game/Material/ForceCube_M.uasset" 307
"../../../../../../Users/Hol/Desktop/mygame/Rolling-Game/Rolling/Content/Game/BP/Force_Cube_BP.uasset" 308
"../../../../../../Users/Hol/Desktop/mygame/Rolling-Game/Rolling/Content/Game/Level/11_BuiltData.uasset" 309
"../../../../../../Users/Hol/Desktop/mygame/Rolling-Game/Rolling/Content/Game/Level/11.umap" 310
"../../../../../../Users/Hol/Desktop/mygame/Rolling-Game/Rolling/Content/Game/Level/12_BuiltData.uasset" 311
"../../../../../../Users/Hol/Desktop/mygame/Rolling-Game/Rolling/Content/Game/Level/12.umap" 312
"../../../../../../Users/Hol/Desktop/mygame/Rolling-Game/Rolling/Content/Game/Level/13_BuiltData.uasset" 313
"../../../../../../Users/Hol/Desktop/mygame/Rolling-Game/Rolling/Content/Game/Level/13.umap" 314
"../../../../../../Users/Hol/Desktop/mygame/Rolling-Game/Rolling/Content/Game/Level/14_BuiltData.uasset" 315
"../../../../../../Users/Hol/Desktop/mygame/Rolling-Game/Rolling/Content/Game/Level/14.umap" 316
"../../../../../../Users/Hol/Desktop/mygame/Rolling-Game/Rolling/Content/Game/Level/15.umap" 317
"../../../../../../Users/Hol/Desktop/mygame/Rolling-Game/Rolling/Content/Game/Level/16_BuiltData.uasset" 318
"../../../../../../Users/Hol/Desktop/mygame/Rolling-Game/Rolling/Content/Game/Level/16.umap" 319
"../../../../../../Users/Hol/Desktop/mygame/Rolling-Game/Rolling/Content/Game/Level/17_BuiltData.uasset" 320
"../../../../../../Users/Hol/Desktop/mygame/Rolling-Game/Rolling/Content/Game/Level/17.umap" 321
"../../../../../../Users/Hol/Desktop/mygame/Rolling-Game/Rolling/Content/Game/Level/18.umap" 322
"../../../../../../Users/Hol/Desktop/mygame/Rolling-Game/Rolling/Content/Game/Level/19_BuiltData.uasset" 323
"../../../../../../Users/Hol/Desktop/mygame/Rolling-Game/Rolling/Content/Game/Level/19.umap" 324
"../../../../../../Users/Hol/Desktop/mygame/Rolling-Game/Rolling/Content/Game/Level/2_BuiltData.uasset" 325
"../../../../../../Users/Hol/Desktop/mygame/Rolling-Game/Rolling/Content/Game/Level/2.umap" 326
"../../../../../../Users/Hol/Desktop/mygame/Rolling-Game/Rolling/Content/Game/Level/20_BuiltData.uasset" 327
"../../../../../../Users/Hol/Desktop/mygame/Rolling-Game/Rolling/Content/Game/Level/20.umap" 328
"../../../../../../Users/Hol/Desktop/mygame/Rolling-Game/Rolling/Content/Game/Material/Rotate_M.uasset" 329
"../../../../../../Users/Hol/Desktop/mygame/Rolling-Game/Rolling/Content/Game/BallMesh/SM_MERGED_Cube3.uasset" 330
"../../../../../../Users/Hol/Desktop/mygame/Rolling-Game/Rolling/Content/Game/BP/Rotator_BP.uasset" 331
"../../../../../../Users/Hol/Desktop/mygame/Rolling-Game/Rolling/Content/Game/Level/21_BuiltData.uasset" 332
"../../../../../../Users/Hol/Desktop/mygame/Rolling-Game/Rolling/Content/Game/Level/21.umap" 333
"../../../../../../Users/Hol/Desktop/mygame/Rolling-Game/Rolling/Content/Game/Level/22_BuiltData.uasset" 334
"../../../../../../Users/Hol/Desktop/mygame/Rolling-Game/Rolling/Content/Game/Level/22.umap" 335
"../../../../../../Users/Hol/Desktop/mygame/Rolling-Game/Rolling/Content/Game/Level/23.umap" 336
"../../../../../../Users/Hol/Desktop/mygame/Rolling-Game/Rolling/Content/Game/Level/24.umap" 337
"../../../../../../Users/Hol/Desktop/mygame/Rolling-Game/Rolling/Content/Game/Level/25_BuiltData.uasset" 338
"../../../../../../Users/Hol/Desktop/mygame/Rolling-Game/Rolling/Content/Game/Level/25.umap" 339
"../../../../../../Users/Hol/Desktop/mygame/Rolling-Game/Rolling/Content/Game/BP/BlackHole.uasset" 340
"../../../../../../Users/Hol/Desktop/mygame/Rolling-Game/Rolling/Content/Game/Material/Blackhole_M.uasset" 341
"../../../../../../Users/Hol/Desktop/mygame/Rolling-Game/Rolling/Content/Game/BP/Black_Hole_BP.uasset" 342
"../../../../../../Users/Hol/Desktop/mygame/Rolling-Game/Rolling/Content/Game/Level/26_BuiltData.uasset" 343
"../../../../../../Users/Hol/Desktop/mygame/Rolling-Game/Rolling/Content/Game/Level/26.umap" 344
"../../../../../../Users/Hol/Desktop/mygame/Rolling-Game/Rolling/Content/Game/Level/27_BuiltData.uasset" 345
"../../../../../../Users/Hol/Desktop/mygame/Rolling-Game/Rolling/Content/Game/Level/27.umap" 346
"../../../../../../Users/Hol/Desktop/mygame/Rolling-Game/Rolling/Content/Game/Level/28.umap" 347
"../../../../../../Users/Hol/Desktop/mygame/Rolling-Game/Rolling/Content/Game/Level/29.umap" 348
"../../../../../../Users/Hol/Desktop/mygame/Rolling-Game/Rolling/Content/Game/Level/3_BuiltData.uasset" 349
"../../../../../../Users/Hol/Desktop/mygame/Rolling-Game/Rolling/Content/Game/Level/3.umap" 350
"../../../../../../Users/Hol/Desktop/mygame/Rolling-Game/Rolling/Content/Game/Level/30_BuiltData.uasset" 351
"../../../../../../Users/Hol/Desktop/mygame/Rolling-Game/Rolling/Content/Game/Level/30.umap" 352
"../../../../../../Users/Hol/Desktop/mygame/Rolling-Game/Rolling/Content/Game/BP/force_2.uasset" 353
"../../../../../../Users/Hol/Desktop/mygame/Rolling-Game/Rolling/Content/Game/Material/PowerCube_M.uasset" 354
"../../../../../../Users/Hol/Desktop/mygame/Rolling-Game/Rolling/Content/Game/BP/Power_Cube_BP.uasset" 355
"../../../../../../Users/Hol/Desktop/mygame/Rolling-Game/Rolling/Content/Game/Level/31_BuiltData.uasset" 356
"../../../../../../Users/Hol/Desktop/mygame/Rolling-Game/Rolling/Content/Game/Level/31.umap" 357
"../../../../../../Users/Hol/Desktop/mygame/Rolling-Game/Rolling/Content/Game/Level/32_BuiltData.uasset" 358
"../../../../../../Users/Hol/Desktop/mygame/Rolling-Game/Rolling/Content/Game/Level/32.umap" 359
"../../../../../../Users/Hol/Desktop/mygame/Rolling-Game/Rolling/Content/Game/Level/33_BuiltData.uasset" 360
"../../../../../../Users/Hol/Desktop/mygame/Rolling-Game/Rolling/Content/Game/Level/33.umap" 361
"../../../../../../Users/Hol/Desktop/mygame/Rolling-Game/Rolling/Content/Game/Level/34.umap" 362
"../../../../../../Users/Hol/Desktop/mygame/Rolling-Game/Rolling/Content/Game/Level/35_BuiltData.uasset" 363
"../../../../../../Users/Hol/Desktop/mygame/Rolling-Game/Rolling/Content/Game/Level/35.umap" 364
"../../../../../../Users/Hol/Desktop/mygame/Rolling-Game/Rolling/Content/Game/Level/36_BuiltData.uasset" 365
"../../../../../../Users/Hol/Desktop/mygame/Rolling-Game/Rolling/Content/Game/Level/36.umap" 366
"../../../../../../Users/Hol/Desktop/mygame/Rolling-Game/Rolling/Content/Game/BP/Force_Cube_BP_2.uasset" 367
"../../../../../../Users/Hol/Desktop/mygame/Rolling-Game/Rolling/Content/Game/BP/force_2Large.uasset" 368
"../../../../../../Users/Hol/Desktop/mygame/Rolling-Game/Rolling/Content/Game/BP/Power_Cube_BP_2.uasset" 369
"../../../../../../Users/Hol/Desktop/mygame/Rolling-Game/Rolling/Content/Game/BP/Rotator_BP_R.uasset" 370
"../../../../../../Users/Hol/Desktop/mygame/Rolling-Game/Rolling/Content/Game/Level/37_BuiltData.uasset" 371
"../../../../../../Users/Hol/Desktop/mygame/Rolling-Game/Rolling/Content/Game/Level/37.umap" 372
"../../../../../../Users/Hol/Desktop/mygame/Rolling-Game/Rolling/Content/Game/Level/38_BuiltData.uasset" 373
"../../../../../../Users/Hol/Desktop/mygame/Rolling-Game/Rolling/Content/Game/Level/38.umap" 374
"../../../../../../Users/Hol/Desktop/mygame/Rolling-Game/Rolling/Content/Game/Level/39_BuiltData.uasset" 375
"../../../../../../Users/Hol/Desktop/mygame/Rolling-Game/Rolling/Content/Game/Level/39.umap" 376
"../../../../../../Users/Hol/Desktop/mygame/Rolling-Game/Rolling/Content/Game/Level/4.umap" 377
"../../../../../../Users/Hol/Desktop/mygame/Rolling-Game/Rolling/Content/Game/Level/40_BuiltData.uasset" 378
"../../../../../../Users/Hol/Desktop/mygame/Rolling-Game/Rolling/Content/Game/Level/40.umap" 379
"../../../../../../Users/Hol/Desktop/mygame/Rolling-Game/Rolling/Content/Geometry/Meshes/JumpMesh.uasset" 380
"../../../../../../Users/Hol/Desktop/mygame/Rolling-Game/Rolling/Content/Game/BP/Jump_BP.uasset" 381
"../../../../../../Users/Hol/Desktop/mygame/Rolling-Game/Rolling/Content/Game/Level/41_BuiltData.uasset" 382
"../../../../../../Users/Hol/Desktop/mygame/Rolling-Game/Rolling/Content/Game/Level/41.umap" 383
"../../../../../../Users/Hol/Desktop/mygame/Rolling-Game/Rolling/Content/Game/Level/42_BuiltData.uasset" 384
"../../../../../../Users/Hol/Desktop/mygame/Rolling-Game/Rolling/Content/Game/Level/42.umap" 385
"../../../../../../Users/Hol/Desktop/mygame/Rolling-Game/Rolling/Content/Game/Level/43_BuiltData.uasset" 386
"../../../../../../Users/Hol/Desktop/mygame/Rolling-Game/Rolling/Content/Game/Level/43.umap" 387
"../../../../../../Users/Hol/Desktop/mygame/Rolling-Game/Rolling/Content/Game/Level/44_BuiltData.uasset" 388
"../../../../../../Users/Hol/Desktop/mygame/Rolling-Game/Rolling/Content/Game/Level/44.umap" 389
"../../../../../../Users/Hol/Desktop/mygame/Rolling-Game/Rolling/Content/Game/Level/45_BuiltData.uasset" 390
"../../../../../../Users/Hol/Desktop/mygame/Rolling-Game/Rolling/Content/Game/Level/45.umap" 391
"../../../../../../Users/Hol/Desktop/mygame/Rolling-Game/Rolling/Content/Game/BP/Black_Hole_BP_2.uasset" 392
"../../../../../../Users/Hol/Desktop/mygame/Rolling-Game/Rolling/Content/Game/Level/46_BuiltData.uasset" 393
"../../../../../../Users/Hol/Desktop/mygame/Rolling-Game/Rolling/Content/Game/Level/46.umap" 394
"../../../../../../Users/Hol/Desktop/mygame/Rolling-Game/Rolling/Content/Game/Level/47_BuiltData.uasset" 395
"../../../../../../Users/Hol/Desktop/mygame/Rolling-Game/Rolling/Content/Game/Level/47.umap" 396
"../../../../../../Users/Hol/Desktop/mygame/Rolling-Game/Rolling/Content/Game/Level/48_BuiltData.uasset" 397
"../../../../../../Users/Hol/Desktop/mygame/Rolling-Game/Rolling/Content/Game/Level/48.umap" 398
"../../../../../../Users/Hol/Desktop/mygame/Rolling-Game/Rolling/Content/Game/Level/49_BuiltData.uasset" 399
"../../../../../../Users/Hol/Desktop/mygame/Rolling-Game/Rolling/Content/Game/Level/49.umap" 400
"../../../../../../Users/Hol/Desktop/mygame/Rolling-Game/Rolling/Content/Game/Level/5_BuiltData.uasset" 401
"../../../../../../Users/Hol/Desktop/mygame/Rolling-Game/Rolling/Content/Game/Level/5.umap" 402
"../../../../../../Users/Hol/Desktop/mygame/Rolling-Game/Rolling/Content/Game/Level/50_BuiltData.uasset" 403
"../../../../../../Users/Hol/Desktop/mygame/Rolling-Game/Rolling/Content/Game/UI/GameEnd.uasset" 404
"../../../../../../Users/Hol/Desktop/mygame/Rolling-Game/Rolling/Content/Game/Level/50.umap" 405
"../../../../../../Users/Hol/Desktop/mygame/Rolling-Game/Rolling/Content/Game/Level/6.umap" 406
"../../../../../../Users/Hol/Desktop/mygame/Rolling-Game/Rolling/Content/Game/Level/7_BuiltData.uasset" 407
"../../../../../../Users/Hol/Desktop/mygame/Rolling-Game/Rolling/Content/Game/Level/7.umap" 408
"../../../../../../Users/Hol/Desktop/mygame/Rolling-Game/Rolling/Content/Game/Level/8.umap" 409
"../../../../../../Users/Hol/Desktop/mygame/Rolling-Game/Rolling/Content/Game/Level/9_BuiltData.uasset" 410
"../../../../../../Users/Hol/Desktop/mygame/Rolling-Game/Rolling/Content/Game/Level/9.umap" 411
"../../../Engine/Content/Maps/Entry.umap" 412
